<?xml version="1.0" encoding="UTF-8"?>
<testsuite xmlns:xsi="http://www.w3.org/2001/XMLSchema-instance" xsi:noNamespaceSchemaLocation="https://maven.apache.org/surefire/maven-surefire-plugin/xsd/surefire-test-report-3.0.xsd" version="3.0" name="TestSuite" time="13.402" tests="6" errors="0" skipped="0" failures="0">
  <properties>
    <property name="java.specification.version" value="21"/>
    <property name="sun.jnu.encoding" value="UTF-8"/>
    <property name="java.class.path" value="/Users/mura/Java/API.RestAssured.TekArch/target/test-classes:/Users/mura/Java/API.RestAssured.TekArch/target/classes:/Users/mura/.m2/repository/io/rest-assured/rest-assured/5.4.0/rest-assured-5.4.0.jar:/Users/mura/.m2/repository/org/apache/groovy/groovy/4.0.16/groovy-4.0.16.jar:/Users/mura/.m2/repository/org/apache/groovy/groovy-xml/4.0.16/groovy-xml-4.0.16.jar:/Users/mura/.m2/repository/org/apache/httpcomponents/httpclient/4.5.13/httpclient-4.5.13.jar:/Users/mura/.m2/repository/org/apache/httpcomponents/httpcore/4.4.13/httpcore-4.4.13.jar:/Users/mura/.m2/repository/commons-logging/commons-logging/1.2/commons-logging-1.2.jar:/Users/mura/.m2/repository/commons-codec/commons-codec/1.11/commons-codec-1.11.jar:/Users/mura/.m2/repository/org/apache/httpcomponents/httpmime/4.5.13/httpmime-4.5.13.jar:/Users/mura/.m2/repository/org/hamcrest/hamcrest/2.2/hamcrest-2.2.jar:/Users/mura/.m2/repository/org/ccil/cowan/tagsoup/tagsoup/1.2.1/tagsoup-1.2.1.jar:/Users/mura/.m2/repository/io/rest-assured/xml-path/5.4.0/xml-path-5.4.0.jar:/Users/mura/.m2/repository/io/rest-assured/json-path/5.1.1/json-path-5.1.1.jar:/Users/mura/.m2/repository/org/apache/groovy/groovy-json/4.0.1/groovy-json-4.0.1.jar:/Users/mura/.m2/repository/io/rest-assured/rest-assured-common/5.1.1/rest-assured-common-5.1.1.jar:/Users/mura/.m2/repository/io/rest-assured/json-schema-validator/5.4.0/json-schema-validator-5.4.0.jar:/Users/mura/.m2/repository/com/github/java-json-tools/json-schema-validator/2.2.14/json-schema-validator-2.2.14.jar:/Users/mura/.m2/repository/com/github/java-json-tools/jackson-coreutils-equivalence/1.0/jackson-coreutils-equivalence-1.0.jar:/Users/mura/.m2/repository/com/github/java-json-tools/jackson-coreutils/2.0/jackson-coreutils-2.0.jar:/Users/mura/.m2/repository/com/github/java-json-tools/msg-simple/1.2/msg-simple-1.2.jar:/Users/mura/.m2/repository/com/github/java-json-tools/btf/1.3/btf-1.3.jar:/Users/mura/.m2/repository/com/github/java-json-tools/json-schema-core/1.2.14/json-schema-core-1.2.14.jar:/Users/mura/.m2/repository/com/github/java-json-tools/uri-template/0.10/uri-template-0.10.jar:/Users/mura/.m2/repository/org/mozilla/rhino/1.7.7.2/rhino-1.7.7.2.jar:/Users/mura/.m2/repository/com/sun/mail/mailapi/1.6.2/mailapi-1.6.2.jar:/Users/mura/.m2/repository/joda-time/joda-time/2.10.5/joda-time-2.10.5.jar:/Users/mura/.m2/repository/com/googlecode/libphonenumber/libphonenumber/8.11.1/libphonenumber-8.11.1.jar:/Users/mura/.m2/repository/com/google/code/findbugs/jsr305/3.0.2/jsr305-3.0.2.jar:/Users/mura/.m2/repository/net/sf/jopt-simple/jopt-simple/5.0.4/jopt-simple-5.0.4.jar:/Users/mura/.m2/repository/com/google/guava/guava/32.0.1-jre/guava-32.0.1-jre.jar:/Users/mura/.m2/repository/com/google/guava/failureaccess/1.0.1/failureaccess-1.0.1.jar:/Users/mura/.m2/repository/com/google/guava/listenablefuture/9999.0-empty-to-avoid-conflict-with-guava/listenablefuture-9999.0-empty-to-avoid-conflict-with-guava.jar:/Users/mura/.m2/repository/org/checkerframework/checker-qual/3.33.0/checker-qual-3.33.0.jar:/Users/mura/.m2/repository/com/google/errorprone/error_prone_annotations/2.18.0/error_prone_annotations-2.18.0.jar:/Users/mura/.m2/repository/com/google/j2objc/j2objc-annotations/2.8/j2objc-annotations-2.8.jar:/Users/mura/.m2/repository/org/testng/testng/7.10.1/testng-7.10.1.jar:/Users/mura/.m2/repository/org/slf4j/slf4j-api/1.7.36/slf4j-api-1.7.36.jar:/Users/mura/.m2/repository/com/beust/jcommander/1.82/jcommander-1.82.jar:/Users/mura/.m2/repository/org/webjars/jquery/3.7.1/jquery-3.7.1.jar:/Users/mura/.m2/repository/com/aventstack/extentreports/5.1.2/extentreports-5.1.2.jar:/Users/mura/.m2/repository/io/reactivex/rxjava3/rxjava/3.1.6/rxjava-3.1.6.jar:/Users/mura/.m2/repository/org/reactivestreams/reactive-streams/1.0.4/reactive-streams-1.0.4.jar:/Users/mura/.m2/repository/org/freemarker/freemarker/2.3.32/freemarker-2.3.32.jar:/Users/mura/.m2/repository/com/google/code/gson/gson/2.10.1/gson-2.10.1.jar:/Users/mura/.m2/repository/org/apache/logging/log4j/log4j-api/2.24.3/log4j-api-2.24.3.jar:/Users/mura/.m2/repository/org/apache/logging/log4j/log4j-core/2.24.3/log4j-core-2.24.3.jar:/Users/mura/.m2/repository/com/jayway/jsonpath/json-path/2.8.0/json-path-2.8.0.jar:/Users/mura/.m2/repository/net/minidev/json-smart/2.4.10/json-smart-2.4.10.jar:/Users/mura/.m2/repository/net/minidev/accessors-smart/2.4.9/accessors-smart-2.4.9.jar:/Users/mura/.m2/repository/org/ow2/asm/asm/9.3/asm-9.3.jar:/Users/mura/.m2/repository/org/hamcrest/hamcrest-all/1.3/hamcrest-all-1.3.jar:/Users/mura/.m2/repository/org/apache/poi/poi-ooxml/5.3.0/poi-ooxml-5.3.0.jar:/Users/mura/.m2/repository/org/apache/poi/poi/5.3.0/poi-5.3.0.jar:/Users/mura/.m2/repository/org/apache/commons/commons-math3/3.6.1/commons-math3-3.6.1.jar:/Users/mura/.m2/repository/com/zaxxer/SparseBitSet/1.3/SparseBitSet-1.3.jar:/Users/mura/.m2/repository/org/apache/poi/poi-ooxml-lite/5.3.0/poi-ooxml-lite-5.3.0.jar:/Users/mura/.m2/repository/org/apache/xmlbeans/xmlbeans/5.2.1/xmlbeans-5.2.1.jar:/Users/mura/.m2/repository/org/apache/commons/commons-compress/1.26.2/commons-compress-1.26.2.jar:/Users/mura/.m2/repository/commons-io/commons-io/2.16.1/commons-io-2.16.1.jar:/Users/mura/.m2/repository/com/github/virtuald/curvesapi/1.08/curvesapi-1.08.jar:/Users/mura/.m2/repository/org/apache/commons/commons-collections4/4.4/commons-collections4-4.4.jar:/Users/mura/.m2/repository/org/projectlombok/lombok/1.18.30/lombok-1.18.30.jar:/Users/mura/.m2/repository/com/github/javafaker/javafaker/1.0.2/javafaker-1.0.2.jar:/Users/mura/.m2/repository/org/apache/commons/commons-lang3/3.5/commons-lang3-3.5.jar:/Users/mura/.m2/repository/org/yaml/snakeyaml/1.23/snakeyaml-1.23-android.jar:/Users/mura/.m2/repository/com/github/mifmif/generex/1.0.2/generex-1.0.2.jar:/Users/mura/.m2/repository/dk/brics/automaton/automaton/1.11-8/automaton-1.11-8.jar:/Users/mura/.m2/repository/com/fasterxml/jackson/core/jackson-databind/2.18.2/jackson-databind-2.18.2.jar:/Users/mura/.m2/repository/com/fasterxml/jackson/core/jackson-annotations/2.18.2/jackson-annotations-2.18.2.jar:/Users/mura/.m2/repository/com/fasterxml/jackson/core/jackson-core/2.18.2/jackson-core-2.18.2.jar:"/>
    <property name="java.vm.vendor" value="Oracle Corporation"/>
    <property name="sun.arch.data.model" value="64"/>
    <property name="java.vendor.url" value="https://java.oracle.com/"/>
    <property name="user.timezone" value="America/Los_Angeles"/>
    <property name="os.name" value="Mac OS X"/>
    <property name="java.vm.specification.version" value="21"/>
    <property name="sun.java.launcher" value="SUN_STANDARD"/>
    <property name="user.country" value="US"/>
    <property name="sun.boot.library.path" value="/Library/Java/JavaVirtualMachines/jdk-21.jdk/Contents/Home/lib"/>
    <property name="sun.java.command" value="/Users/mura/Java/API.RestAssured.TekArch/target/surefire/surefirebooter-20250427223935746_3.jar /Users/mura/Java/API.RestAssured.TekArch/target/surefire 2025-04-27T22-39-35_187-jvmRun1 surefire-20250427223935746_1tmp surefire_0-20250427223935746_2tmp"/>
    <property name="http.nonProxyHosts" value="local|*.local|169.254/16|*.169.254/16"/>
    <property name="jdk.debug" value="release"/>
    <property name="surefire.test.class.path" value="/Users/mura/Java/API.RestAssured.TekArch/target/test-classes:/Users/mura/Java/API.RestAssured.TekArch/target/classes:/Users/mura/.m2/repository/io/rest-assured/rest-assured/5.4.0/rest-assured-5.4.0.jar:/Users/mura/.m2/repository/org/apache/groovy/groovy/4.0.16/groovy-4.0.16.jar:/Users/mura/.m2/repository/org/apache/groovy/groovy-xml/4.0.16/groovy-xml-4.0.16.jar:/Users/mura/.m2/repository/org/apache/httpcomponents/httpclient/4.5.13/httpclient-4.5.13.jar:/Users/mura/.m2/repository/org/apache/httpcomponents/httpcore/4.4.13/httpcore-4.4.13.jar:/Users/mura/.m2/repository/commons-logging/commons-logging/1.2/commons-logging-1.2.jar:/Users/mura/.m2/repository/commons-codec/commons-codec/1.11/commons-codec-1.11.jar:/Users/mura/.m2/repository/org/apache/httpcomponents/httpmime/4.5.13/httpmime-4.5.13.jar:/Users/mura/.m2/repository/org/hamcrest/hamcrest/2.2/hamcrest-2.2.jar:/Users/mura/.m2/repository/org/ccil/cowan/tagsoup/tagsoup/1.2.1/tagsoup-1.2.1.jar:/Users/mura/.m2/repository/io/rest-assured/xml-path/5.4.0/xml-path-5.4.0.jar:/Users/mura/.m2/repository/io/rest-assured/json-path/5.1.1/json-path-5.1.1.jar:/Users/mura/.m2/repository/org/apache/groovy/groovy-json/4.0.1/groovy-json-4.0.1.jar:/Users/mura/.m2/repository/io/rest-assured/rest-assured-common/5.1.1/rest-assured-common-5.1.1.jar:/Users/mura/.m2/repository/io/rest-assured/json-schema-validator/5.4.0/json-schema-validator-5.4.0.jar:/Users/mura/.m2/repository/com/github/java-json-tools/json-schema-validator/2.2.14/json-schema-validator-2.2.14.jar:/Users/mura/.m2/repository/com/github/java-json-tools/jackson-coreutils-equivalence/1.0/jackson-coreutils-equivalence-1.0.jar:/Users/mura/.m2/repository/com/github/java-json-tools/jackson-coreutils/2.0/jackson-coreutils-2.0.jar:/Users/mura/.m2/repository/com/github/java-json-tools/msg-simple/1.2/msg-simple-1.2.jar:/Users/mura/.m2/repository/com/github/java-json-tools/btf/1.3/btf-1.3.jar:/Users/mura/.m2/repository/com/github/java-json-tools/json-schema-core/1.2.14/json-schema-core-1.2.14.jar:/Users/mura/.m2/repository/com/github/java-json-tools/uri-template/0.10/uri-template-0.10.jar:/Users/mura/.m2/repository/org/mozilla/rhino/1.7.7.2/rhino-1.7.7.2.jar:/Users/mura/.m2/repository/com/sun/mail/mailapi/1.6.2/mailapi-1.6.2.jar:/Users/mura/.m2/repository/joda-time/joda-time/2.10.5/joda-time-2.10.5.jar:/Users/mura/.m2/repository/com/googlecode/libphonenumber/libphonenumber/8.11.1/libphonenumber-8.11.1.jar:/Users/mura/.m2/repository/com/google/code/findbugs/jsr305/3.0.2/jsr305-3.0.2.jar:/Users/mura/.m2/repository/net/sf/jopt-simple/jopt-simple/5.0.4/jopt-simple-5.0.4.jar:/Users/mura/.m2/repository/com/google/guava/guava/32.0.1-jre/guava-32.0.1-jre.jar:/Users/mura/.m2/repository/com/google/guava/failureaccess/1.0.1/failureaccess-1.0.1.jar:/Users/mura/.m2/repository/com/google/guava/listenablefuture/9999.0-empty-to-avoid-conflict-with-guava/listenablefuture-9999.0-empty-to-avoid-conflict-with-guava.jar:/Users/mura/.m2/repository/org/checkerframework/checker-qual/3.33.0/checker-qual-3.33.0.jar:/Users/mura/.m2/repository/com/google/errorprone/error_prone_annotations/2.18.0/error_prone_annotations-2.18.0.jar:/Users/mura/.m2/repository/com/google/j2objc/j2objc-annotations/2.8/j2objc-annotations-2.8.jar:/Users/mura/.m2/repository/org/testng/testng/7.10.1/testng-7.10.1.jar:/Users/mura/.m2/repository/org/slf4j/slf4j-api/1.7.36/slf4j-api-1.7.36.jar:/Users/mura/.m2/repository/com/beust/jcommander/1.82/jcommander-1.82.jar:/Users/mura/.m2/repository/org/webjars/jquery/3.7.1/jquery-3.7.1.jar:/Users/mura/.m2/repository/com/aventstack/extentreports/5.1.2/extentreports-5.1.2.jar:/Users/mura/.m2/repository/io/reactivex/rxjava3/rxjava/3.1.6/rxjava-3.1.6.jar:/Users/mura/.m2/repository/org/reactivestreams/reactive-streams/1.0.4/reactive-streams-1.0.4.jar:/Users/mura/.m2/repository/org/freemarker/freemarker/2.3.32/freemarker-2.3.32.jar:/Users/mura/.m2/repository/com/google/code/gson/gson/2.10.1/gson-2.10.1.jar:/Users/mura/.m2/repository/org/apache/logging/log4j/log4j-api/2.24.3/log4j-api-2.24.3.jar:/Users/mura/.m2/repository/org/apache/logging/log4j/log4j-core/2.24.3/log4j-core-2.24.3.jar:/Users/mura/.m2/repository/com/jayway/jsonpath/json-path/2.8.0/json-path-2.8.0.jar:/Users/mura/.m2/repository/net/minidev/json-smart/2.4.10/json-smart-2.4.10.jar:/Users/mura/.m2/repository/net/minidev/accessors-smart/2.4.9/accessors-smart-2.4.9.jar:/Users/mura/.m2/repository/org/ow2/asm/asm/9.3/asm-9.3.jar:/Users/mura/.m2/repository/org/hamcrest/hamcrest-all/1.3/hamcrest-all-1.3.jar:/Users/mura/.m2/repository/org/apache/poi/poi-ooxml/5.3.0/poi-ooxml-5.3.0.jar:/Users/mura/.m2/repository/org/apache/poi/poi/5.3.0/poi-5.3.0.jar:/Users/mura/.m2/repository/org/apache/commons/commons-math3/3.6.1/commons-math3-3.6.1.jar:/Users/mura/.m2/repository/com/zaxxer/SparseBitSet/1.3/SparseBitSet-1.3.jar:/Users/mura/.m2/repository/org/apache/poi/poi-ooxml-lite/5.3.0/poi-ooxml-lite-5.3.0.jar:/Users/mura/.m2/repository/org/apache/xmlbeans/xmlbeans/5.2.1/xmlbeans-5.2.1.jar:/Users/mura/.m2/repository/org/apache/commons/commons-compress/1.26.2/commons-compress-1.26.2.jar:/Users/mura/.m2/repository/commons-io/commons-io/2.16.1/commons-io-2.16.1.jar:/Users/mura/.m2/repository/com/github/virtuald/curvesapi/1.08/curvesapi-1.08.jar:/Users/mura/.m2/repository/org/apache/commons/commons-collections4/4.4/commons-collections4-4.4.jar:/Users/mura/.m2/repository/org/projectlombok/lombok/1.18.30/lombok-1.18.30.jar:/Users/mura/.m2/repository/com/github/javafaker/javafaker/1.0.2/javafaker-1.0.2.jar:/Users/mura/.m2/repository/org/apache/commons/commons-lang3/3.5/commons-lang3-3.5.jar:/Users/mura/.m2/repository/org/yaml/snakeyaml/1.23/snakeyaml-1.23-android.jar:/Users/mura/.m2/repository/com/github/mifmif/generex/1.0.2/generex-1.0.2.jar:/Users/mura/.m2/repository/dk/brics/automaton/automaton/1.11-8/automaton-1.11-8.jar:/Users/mura/.m2/repository/com/fasterxml/jackson/core/jackson-databind/2.18.2/jackson-databind-2.18.2.jar:/Users/mura/.m2/repository/com/fasterxml/jackson/core/jackson-annotations/2.18.2/jackson-annotations-2.18.2.jar:/Users/mura/.m2/repository/com/fasterxml/jackson/core/jackson-core/2.18.2/jackson-core-2.18.2.jar:"/>
    <property name="sun.cpu.endian" value="little"/>
    <property name="user.home" value="/Users/mura"/>
    <property name="user.language" value="en"/>
    <property name="java.specification.vendor" value="Oracle Corporation"/>
    <property name="java.version.date" value="2024-10-15"/>
    <property name="java.home" value="/Library/Java/JavaVirtualMachines/jdk-21.jdk/Contents/Home"/>
    <property name="file.separator" value="/"/>
    <property name="basedir" value="/Users/mura/Java/API.RestAssured.TekArch"/>
    <property name="style.color" value="always"/>
    <property name="java.vm.compressedOopsMode" value="Zero based"/>
    <property name="line.separator" value="&#10;"/>
    <property name="java.vm.specification.vendor" value="Oracle Corporation"/>
    <property name="java.specification.name" value="Java Platform API Specification"/>
    <property name="apple.awt.application.name" value="ForkedBooter"/>
    <property name="surefire.real.class.path" value="/Users/mura/Java/API.RestAssured.TekArch/target/surefire/surefirebooter-20250427223935746_3.jar"/>
    <property name="sun.management.compiler" value="HotSpot 64-Bit Tiered Compilers"/>
    <property name="ftp.nonProxyHosts" value="local|*.local|169.254/16|*.169.254/16"/>
    <property name="java.runtime.version" value="21.0.5+9-LTS-239"/>
    <property name="user.name" value="mura"/>
    <property name="stdout.encoding" value="UTF-8"/>
    <property name="path.separator" value=":"/>
    <property name="os.version" value="15.4"/>
    <property name="java.runtime.name" value="Java(TM) SE Runtime Environment"/>
    <property name="file.encoding" value="UTF-8"/>
    <property name="java.vm.name" value="Java HotSpot(TM) 64-Bit Server VM"/>
    <property name="localRepository" value="/Users/mura/.m2/repository"/>
    <property name="java.vendor.url.bug" value="https://bugreport.java.com/bugreport/"/>
    <property name="java.io.tmpdir" value="/var/folders/1c/cj98x4bx77s1mrzqwz1qkhxh0000gn/T/"/>
    <property name="java.version" value="21.0.5"/>
    <property name="user.dir" value="/Users/mura/Java/API.RestAssured.TekArch"/>
    <property name="os.arch" value="aarch64"/>
    <property name="java.vm.specification.name" value="Java Virtual Machine Specification"/>
    <property name="native.encoding" value="UTF-8"/>
    <property name="java.library.path" value="/Users/mura/Library/Java/Extensions:/Library/Java/Extensions:/Network/Library/Java/Extensions:/System/Library/Java/Extensions:/usr/lib/java:."/>
    <property name="java.vm.info" value="mixed mode, sharing"/>
    <property name="stderr.encoding" value="UTF-8"/>
    <property name="java.vendor" value="Oracle Corporation"/>
    <property name="java.vm.version" value="21.0.5+9-LTS-239"/>
    <property name="sun.io.unicode.encoding" value="UnicodeBig"/>
    <property name="socksNonProxyHosts" value="local|*.local|169.254/16|*.169.254/16"/>
    <property name="java.class.version" value="65.0"/>
  </properties>
  <testcase name="GetUserDataTest" classname="com.Automation.APITest.AddUserTest" time="2.603">
    <system-out><![CDATA[2025-04-27 22:39:36,304 INFO  APITestListeners.java:53 - Test
2025-04-27 22:39:36,306 INFO  APITestListeners.java:54 - class org.testng.TestRunner
com.Automation.RequestPOJO.LoginRequestPOJO@64f16277
2025-04-27 22:39:39,055 INFO  AddUserTest.java:43 - --------------Before class Login Post--------------
2025-04-27 22:39:39,068 DEBUG AddUserTest.java:50 - rhBDRjoo08JLg6z6em1p
2025-04-27 22:39:39,068 DEBUG AddUserTest.java:51 - lw1autACsTCbyKMtmbw65UYayzpsxrHlMHHdyyyxlQn6L67eT5U0lefc3rwP6sFPzcZm4S4Vm2JOJlf9PNXGuHEsOiAcjP46FWPg
2025-04-27 22:39:39,070 INFO  APITestListeners.java:22 - GetUserDataTest Using getName()
lw1autACsTCbyKMtmbw65UYayzpsxrHlMHHdyyyxlQn6L67eT5U0lefc3rwP6sFPzcZm4S4Vm2JOJlf9PNXGuHEsOiAcjP46FWPg
2025-04-27 22:39:41,528 INFO  AddUserTest.java:59 - --------------Inside GetUserdata Test--------------
2025-04-27 22:39:41,656 DEBUG AddUserTest.java:62 - [
    {
        "accountno": "TA-Custard",
        "departmentno": "1",
        "salary": "50000",
        "pincode": "643203",
        "userid": "v4IEGsscftctjnf3W7q0",
        "id": "VvrMGGHWlSVmjfy0M11e"
    },
    {
        "accountno": "TA-Brazill",
        "departmentno": "2",
        "salary": "30000",
        "pincode": "322222",
        "userid": "v4IEGsscftctjnf3W7q0",
        "id": "eDLUpB48iVLjVarRPokc"
    },
    {
        "accountno": "TA-5678333",
        "departmentno": "4",
        "salary": "45678",
        "pincode": "234567",
        "userid": "GXqEbrggaM4KKESnABe4",
        "id": "OmVPRCRcUyX53Wz5cC4r"
    },
    {
        "accountno": "TA-2235521",
        "departmentno": "2",
        "salary": "35623",
        "pincode": "225123",
        "userid": "v6kdE9B6aAKR19zv9io7",
        "id": "w6XV6tDMHiyYa6SiNd40"
    },
    {
        "accountno": "TA-5656656",
        "departmentno": "5",
        "salary": "345678",
        "pincode": "999999",
        "userid": "hxe135Zi2Y4u4iyFD97W",
        "id": "i519u1PNYb4KD7SPYgAP"
    },
    {
        "accountno": "TA-3333333",
        "departmentno": "3",
        "salary": "3",
        "pincode": "333333",
        "userid": "0vNNxaYS7eBg08Y9dFJk",
        "id": "DY1j0GPwRY8M3OShA7F9"
    },
    {
        "accountno": "TA-0000000",
        "departmentno": "0",
        "salary": "0",
        "pincode": "000000",
        "userid": "gQZ4fqeDFg3Q5GXeyGrY",
        "id": "dQEfzxYeV1ViO0KrzQdR"
    },
    {
        "accountno": "TA-5678333",
        "departmentno": "4",
        "salary": "45678",
        "pincode": "234567",
        "userid": "taGX4XQQfXD3Z76sI1Xn",
        "id": "P9OB8PSzj7dN2kir2X6D"
    },
    {
        "accountno": "TA-1234000",
        "departmentno": "1",
        "salary": "90000",
        "pincode": "987654",
        "userid": "3NFEupEYQGG2EFz1gvBG",
        "id": "tB9mqDV5J9RhBsYBvpXX"
    },
    {
        "accountno": "TA-9678923",
        "departmentno": "3",
        "salary": "23400",
        "pincode": "543005",
        "userid": "HmKUjtJcsDsvODxEmjla",
        "id": "rHyaFdCDxdcpA9IIk7LG"
    },
    {
        "accountno": "TA-0000072",
        "departmentno": "8",
        "salary": "56000",
        "pincode": "853452",
        "userid": "xlqBI2bMTgs2WYDkMnQo",
        "id": "pskhn7iqy2lOXliCr0fM"
    },
    {
        "accountno": "TA-9824935",
        "departmentno": "1",
        "salary": "765263",
        "pincode": "237745",
        "userid": "hfZwzaNysf1hW8zmc9Zt",
        "id": "VkkGODamIY886Pa1zqUA"
    },
    {
        "accountno": "TA-tek0909",
        "departmentno": "1",
        "salary": "12345",
        "pincode": "636201",
        "userid": "AmFICKa0MUOyBMIVDhOW",
        "id": "EPqAtZXLWF7mCFaG1ts1"
    },
    {
        "accountno": "TA-1100005",
        "departmentno": "2",
        "salary": "70000",
        "pincode": "12110",
        "userid": "3NFEupEYQGG2EFz1gvBG",
        "id": "kOD8KgPdVfhB7fAIfmSj"
    },
    {
        "accountno": "TA-1111111",
        "departmentno": "1",
        "salary": "1111111",
        "pincode": "111111",
        "userid": "owO6y8MSRjCNvNvfHjPb",
        "id": "sssfQQHmHWKOAuSC7XQU"
    },
    {
        "accountno": "TA-1101101",
        "departmentno": "2",
        "salary": "68768",
        "pincode": "123564",
        "userid": "0sXEEwLw5uMWFON9o94n",
        "id": "6MpkNCtJM2N2A5VaX0cK"
    },
    {
        "accountno": "TA-0999990",
        "departmentno": "9",
        "salary": "22139999999",
        "pincode": "099990",
        "userid": "epCZKK95v3CdjBuWOzWn",
        "id": "2mfw6E4X4LbkDCshJCVv"
    },
    {
        "accountno": "TA-4567890",
        "departmentno": "6",
        "salary": "4536",
        "pincode": "234567",
        "userid": "rtRtK0JiUnvzAOUkys0z",
        "id": "3hfutYuxxImEME8xngz8"
    },
    {
        "accountno": "TA-Custard",
        "departmentno": "1",
        "salary": "50000",
        "pincode": "643203",
        "userid": "v4IEGsscftctjnf3W7q0",
        "id": "2xA2tYL3FcdxdU3cUPgb"
    },
    {
        "accountno": "TA-Brazill",
        "departmentno": "2",
        "salary": "30000",
        "pincode": "322222",
        "userid": "v4IEGsscftctjnf3W7q0",
        "id": "KJRTXcFkcRxf15l8uRRy"
    },
    {
        "accountno": "TA-5678333",
        "departmentno": "4",
        "salary": "45678",
        "pincode": "234567",
        "userid": "GXqEbrggaM4KKESnABe4",
        "id": "pAh62Z8Wf4fTZ8kkpfpG"
    },
    {
        "accountno": "TA-5656656",
        "departmentno": "5",
        "salary": "345678",
        "pincode": "999999",
        "userid": "hxe135Zi2Y4u4iyFD97W",
        "id": "JDZBSvxvYeeDM3YKNWiZ"
    },
    {
        "accountno": "TA-4567880",
        "departmentno": "6",
        "salary": "45789",
        "pincode": "567993",
        "userid": "SqjAz5C2GhwC6xsDYR9T",
        "id": "iRoV99ExUcxb3F3YTuAf"
    },
    {
        "accountno": "TA-2235521",
        "departmentno": "2",
        "salary": "35623",
        "pincode": "225123",
        "userid": "v6kdE9B6aAKR19zv9io7",
        "id": "KUwqkugInk45iRMUdHe2"
    },
    {
        "accountno": "TA-3333333",
        "departmentno": "3",
        "salary": "3",
        "pincode": "333333",
        "userid": "0vNNxaYS7eBg08Y9dFJk",
        "id": "MqBGZq8dfR7iijdXQsZZ"
    },
    {
        "accountno": "TA-0000000",
        "departmentno": "0",
        "salary": "0",
        "pincode": "000000",
        "userid": "gQZ4fqeDFg3Q5GXeyGrY",
        "id": "hbVQGDfU2RSvdiGww7SF"
    },
    {
        "accountno": "TA-5678333",
        "departmentno": "4",
        "salary": "45678",
        "pincode": "234567",
        "userid": "taGX4XQQfXD3Z76sI1Xn",
        "id": "zqC5Ebt371NtutGVvyhJ"
    },
    {
        "accountno": "TA-9678923",
        "departmentno": "3",
        "salary": "23400",
        "pincode": "543005",
        "userid": "HmKUjtJcsDsvODxEmjla",
        "id": "EjciTw4qOykN10Pgj8fu"
    },
    {
        "accountno": "TA-1234000",
        "departmentno": "1",
        "salary": "90000",
        "pincode": "987654",
        "userid": "3NFEupEYQGG2EFz1gvBG",
        "id": "CcuKn2OGwafFVJz4rQtF"
    },
    {
        "accountno": "TA-0000072",
        "departmentno": "8",
        "salary": "56000",
        "pincode": "853452",
        "userid": "xlqBI2bMTgs2WYDkMnQo",
        "id": "07ITQkzEq7TimUyOrdmD"
    },
    {
        "accountno": "TA-tek0909",
        "departmentno": "1",
        "salary": "12345",
        "pincode": "636201",
        "userid": "AmFICKa0MUOyBMIVDhOW",
        "id": "8nl8Yxj11KtP3JSYpmE9"
    },
    {
        "accountno": "TA-1101101",
        "departmentno": "2",
        "salary": "68768",
        "pincode": "123564",
        "userid": "0sXEEwLw5uMWFON9o94n",
        "id": "8McMy3S93OtLz0BMupuq"
    },
    {
        "accountno": "TA-1100005",
        "departmentno": "2",
        "salary": "70000",
        "pincode": "12110",
        "userid": "3NFEupEYQGG2EFz1gvBG",
        "id": "iQvmFpKdH41yNHmCycTq"
    },
    {
        "accountno": "TA-1111111",
        "departmentno": "1",
        "salary": "1111111",
        "pincode": "111111",
        "userid": "owO6y8MSRjCNvNvfHjPb",
        "id": "PjcyaiC5Yf1ks5ZCMBS7"
    },
    {
        "accountno": "TA-0999990",
        "departmentno": "9",
        "salary": "22139999999",
        "pincode": "099990",
        "userid": "epCZKK95v3CdjBuWOzWn",
        "id": "aITcSvrkmd2rXIt3hrxI"
    },
    {
        "accountno": "TA-Brazill",
        "departmentno": "2",
        "salary": "30000",
        "pincode": "322222",
        "userid": "v4IEGsscftctjnf3W7q0",
        "id": "wBPDebqBxOPqkZNyojOA"
    },
    {
        "accountno": "TA-5678333",
        "departmentno": "4",
        "salary": "45678",
        "pincode": "234567",
        "userid": "GXqEbrggaM4KKESnABe4",
        "id": "y9tdsyJ9Sb4lqHP3YNgt"
    },
    {
        "accountno": "TA-Custard",
        "departmentno": "1",
        "salary": "50000",
        "pincode": "643203",
        "userid": "v4IEGsscftctjnf3W7q0",
        "id": "DH0oyNVOMgM4bH98EWJY"
    },
    {
        "accountno": "TA-2235521",
        "departmentno": "2",
        "salary": "35623",
        "pincode": "225123",
        "userid": "v6kdE9B6aAKR19zv9io7",
        "id": "ZwkgWVG3KXclrsQXe4Mv"
    },
    {
        "accountno": "TA-5656656",
        "departmentno": "5",
        "salary": "345678",
        "pincode": "999999",
        "userid": "hxe135Zi2Y4u4iyFD97W",
        "id": "3h0HzGbKRG08WhJvwR51"
    },
    {
        "accountno": "TA-3333333",
        "departmentno": "3",
        "salary": "3",
        "pincode": "333333",
        "userid": "0vNNxaYS7eBg08Y9dFJk",
        "id": "U5OBuGnQT3NdAbcRUltx"
    },
    {
        "accountno": "TA-0000000",
        "departmentno": "0",
        "salary": "0",
        "pincode": "000000",
        "userid": "gQZ4fqeDFg3Q5GXeyGrY",
        "id": "6Ma9kbbwXg2jpIigNWB6"
    },
    {
        "accountno": "TA-1222001",
        "departmentno": "7",
        "salary": "81000",
        "pincode": "111003",
        "userid": "aswoxb8WWmJSI8oHNSDc",
        "id": "9yzhVmDVYLC7D1iV3Etf"
    },
    {
        "accountno": "SG7731838",
        "departmentno": "1",
        "salary": "12345",
        "pincode": "123456",
        "userid": "fbSxAvmF5UgV1RLuX411",
        "id": "g5s3pMTrveknQtFjOI0G"
    },
    {
        "accountno": "TA-5678333",
        "departmentno": "4",
        "salary": "45678",
        "pincode": "234567",
        "userid": "taGX4XQQfXD3Z76sI1Xn",
        "id": "6Nk9x7T8wbu23cA8DiLR"
    },
    {
        "accountno": "TA-1234000",
        "departmentno": "1",
        "salary": "90000",
        "pincode": "987654",
        "userid": "3NFEupEYQGG2EFz1gvBG",
        "id": "eq7DLHoxop0M4nJ42qyQ"
    },
    {
        "accountno": "TA-9678923",
        "departmentno": "3",
        "salary": "23400",
        "pincode": "543005",
        "userid": "HmKUjtJcsDsvODxEmjla",
        "id": "aabcfJVYc7f3E62BKaaH"
    },
    {
        "accountno": "TA663333",
        "departmentno": "1",
        "salary": "100000",
        "pincode": "324323",
        "userid": "PWFkTudx4qOE9olEI0bt",
        "id": "tuJ2aMrNGLeM9ky478FH"
    },
    {
        "accountno": "TA123333",
        "departmentno": "3",
        "salary": "100000",
        "pincode": "324323",
        "userid": "PWFkTudx4qOE9olEI0bt",
        "id": "9qfTStmAbBewRN95dQFN"
    },
    {
        "accountno": "TA-1212178",
        "departmentno": "1",
        "salary": "111891",
        "pincode": "111111",
        "userid": "PWFkTudx4qOE9olEI0bt",
        "id": "gxWWsyxWrcKSanTD5pVv"
    },
    {
        "accountno": "TA-0000072",
        "departmentno": "8",
        "salary": "56000",
        "pincode": "853452",
        "userid": "xlqBI2bMTgs2WYDkMnQo",
        "id": "vERtCL8FEMdUqyzduGD2"
    },
    {
        "accountno": "TA-17449",
        "departmentno": "TA-4",
        "salary": "73314",
        "pincode": "63210-7844",
        "userid": "rhBDRjoo08JLg6z6em1p",
        "id": "7nogRp5NrlgBmgCGirnj"
    },
    {
        "accountno": "TA-tek0909",
        "departmentno": "1",
        "salary": "12345",
        "pincode": "636201",
        "userid": "AmFICKa0MUOyBMIVDhOW",
        "id": "QlVyU4ddOI5UaWw9Ufgc"
    },
    {
        "accountno": "TA-1111111",
        "departmentno": "1",
        "salary": "1111111",
        "pincode": "111111",
        "userid": "owO6y8MSRjCNvNvfHjPb",
        "id": "B0Nx9iFIEEOfw76hlTQr"
    },
    {
        "accountno": "TA-5680117",
        "departmentno": "5",
        "salary": "90700",
        "pincode": "567007",
        "userid": "0M87Gg0ZQtcBm8GaIrHo",
        "id": "fQfT9bcwBo0iBluD4g4W"
    },
    {
        "accountno": "TA-1101101",
        "departmentno": "2",
        "salary": "68768",
        "pincode": "123564",
        "userid": "0sXEEwLw5uMWFON9o94n",
        "id": "X26P9ouBDQfJ5PtZKRfd"
    },
    {
        "accountno": "TA-1100005",
        "departmentno": "2",
        "salary": "70000",
        "pincode": "12110",
        "userid": "3NFEupEYQGG2EFz1gvBG",
        "id": "shdIakDbkhu5mw3iDYgc"
    },
    {
        "accountno": "TA-0999990",
        "departmentno": "9",
        "salary": "22139999999",
        "pincode": "099990",
        "userid": "epCZKK95v3CdjBuWOzWn",
        "id": "xtsJbmAIRT5OLjWRbojf"
    },
    {
        "accountno": "TA-17966",
        "departmentno": "TA-6",
        "salary": "91053",
        "pincode": "20538-8308",
        "userid": "rhBDRjoo08JLg6z6em1p",
        "id": "ZOyDqZ2c1ViUgGvT8BDu"
    },
    {
        "accountno": "TA-Brazill",
        "departmentno": "2",
        "salary": "30000",
        "pincode": "322222",
        "userid": "v4IEGsscftctjnf3W7q0",
        "id": "AvS5TrpjPb5kIxlNtDFp"
    },
    {
        "accountno": "TA-Custard",
        "departmentno": "1",
        "salary": "50000",
        "pincode": "643203",
        "userid": "v4IEGsscftctjnf3W7q0",
        "id": "lMYVZGcb1taEhx4q90i7"
    },
    {
        "accountno": "TA-5678333",
        "departmentno": "4",
        "salary": "45678",
        "pincode": "234567",
        "userid": "GXqEbrggaM4KKESnABe4",
        "id": "pijxvXza3Dwuh89LtQZD"
    },
    {
        "accountno": "TA-2235521",
        "departmentno": "2",
        "salary": "35623",
        "pincode": "225123",
        "userid": "v6kdE9B6aAKR19zv9io7",
        "id": "HJwNYs6mDH5hSJLmoUnu"
    },
    {
        "accountno": "TA-5656656",
        "departmentno": "5",
        "salary": "345678",
        "pincode": "999999",
        "userid": "hxe135Zi2Y4u4iyFD97W",
        "id": "AM3Yfem9Voo1UExh3qVT"
    },
    {
        "accountno": "TA-3333333",
        "departmentno": "3",
        "salary": "3",
        "pincode": "333333",
        "userid": "0vNNxaYS7eBg08Y9dFJk",
        "id": "dcLsZJPfvIq0Pi2w1EFt"
    },
    {
        "accountno": "TA-0000000",
        "departmentno": "0",
        "salary": "0",
        "pincode": "000000",
        "userid": "gQZ4fqeDFg3Q5GXeyGrY",
        "id": "uVYYiHOBSADbxF1kyiMa"
    },
    {
        "accountno": "TA-20013",
        "departmentno": "TA-4",
        "salary": "44035",
        "pincode": "56963-5674",
        "userid": "rhBDRjoo08JLg6z6em1p",
        "id": "1liAqpISyJ9P8VA5snhb"
    },
    {
        "accountno": "TA-17430",
        "departmentno": "TA-4",
        "salary": "07442",
        "pincode": "98468-3459",
        "userid": "rhBDRjoo08JLg6z6em1p",
        "id": "2fWPjBSvLQQmd6o3Cm01"
    },
    {
        "accountno": "TA-5678333",
        "departmentno": "4",
        "salary": "45678",
        "pincode": "234567",
        "userid": "taGX4XQQfXD3Z76sI1Xn",
        "id": "ie0BroqZGRiWlCH1Yo4f"
    },
    {
        "accountno": "TA-9678923",
        "departmentno": "3",
        "salary": "23400",
        "pincode": "543005",
        "userid": "HmKUjtJcsDsvODxEmjla",
        "id": "WSphIx87tRKVHLBBjyXx"
    },
    {
        "accountno": "TA-1234000",
        "departmentno": "1",
        "salary": "90000",
        "pincode": "987654",
        "userid": "3NFEupEYQGG2EFz1gvBG",
        "id": "sCGp58cHBVN8guqgwDUs"
    },
    {
        "accountno": "TA-0000072",
        "departmentno": "8",
        "salary": "56000",
        "pincode": "853452",
        "userid": "xlqBI2bMTgs2WYDkMnQo",
        "id": "S7AfpBgecoaumlCnkaPL"
    },
    {
        "accountno": "TA-10571",
        "departmentno": "TA-1",
        "salary": "37507",
        "pincode": "64046-6572",
        "userid": "rhBDRjoo08JLg6z6em1p",
        "id": "hbblW1xSY4zKqNJWeRE5"
    },
    {
        "accountno": "TA-18352",
        "departmentno": "TA-4",
        "salary": "54468",
        "pincode": "99323",
        "userid": "rhBDRjoo08JLg6z6em1p",
        "id": "60ATQFx5UM8i7nJ5DZsm"
    },
    {
        "accountno": "TA-21911",
        "departmentno": "TA-6",
        "salary": "72076",
        "pincode": "18798-1700",
        "userid": "rhBDRjoo08JLg6z6em1p",
        "id": "0fTLgCLTuPwQK0WloFDc"
    },
    {
        "accountno": "TA-17965",
        "departmentno": "TA-1",
        "salary": "47704",
        "pincode": "57799",
        "userid": "rhBDRjoo08JLg6z6em1p",
        "id": "VcWb4t3dEgShbyPzuffb"
    },
    {
        "accountno": "TA-1111111",
        "departmentno": "1",
        "salary": "1111111",
        "pincode": "111111",
        "userid": "owO6y8MSRjCNvNvfHjPb",
        "id": "SNf6cRk3uLsDqRBt8A6m"
    },
    {
        "accountno": "TA-5680117",
        "departmentno": "5",
        "salary": "90700",
        "pincode": "567007",
        "userid": "0M87Gg0ZQtcBm8GaIrHo",
        "id": "SoGBXxd3ykSZ2i0a1fZ3"
    },
    {
        "accountno": "TA-1101101",
        "departmentno": "2",
        "salary": "68768",
        "pincode": "123564",
        "userid": "0sXEEwLw5uMWFON9o94n",
        "id": "nAkNhO6CO5CJKEhO3TpO"
    },
    {
        "accountno": "TA-tek0909",
        "departmentno": "1",
        "salary": "12345",
        "pincode": "636201",
        "userid": "AmFICKa0MUOyBMIVDhOW",
        "id": "8LU2utnDCbVPE0ODI71c"
    },
    {
        "accountno": "TA-1100005",
        "departmentno": "2",
        "salary": "70000",
        "pincode": "12110",
        "userid": "3NFEupEYQGG2EFz1gvBG",
        "id": "hHQVS8LsQALYArblL12M"
    },
    {
        "accountno": "TA-0999990",
        "departmentno": "9",
        "salary": "22139999999",
        "pincode": "099990",
        "userid": "epCZKK95v3CdjBuWOzWn",
        "id": "5kt4BjPouKT5qcQH2J5Y"
    },
    {
        "accountno": "TA-Custard",
        "departmentno": "1",
        "salary": "50000",
        "pincode": "643203",
        "userid": "v4IEGsscftctjnf3W7q0",
        "id": "6vTSWdPkReqh9ywLz9Qk"
    },
    {
        "accountno": "TA-Brazill",
        "departmentno": "2",
        "salary": "30000",
        "pincode": "322222",
        "userid": "v4IEGsscftctjnf3W7q0",
        "id": "9Whnl4xlJMCOPgNil6Pn"
    },
    {
        "accountno": "TA-5678333",
        "departmentno": "4",
        "salary": "45678",
        "pincode": "234567",
        "userid": "GXqEbrggaM4KKESnABe4",
        "id": "EZYZS80HhK9ZI6fxA1WK"
    },
    {
        "accountno": "TA-5656656",
        "departmentno": "5",
        "salary": "345678",
        "pincode": "999999",
        "userid": "hxe135Zi2Y4u4iyFD97W",
        "id": "c1if4Oq5yD25P4CjvbG9"
    },
    {
        "accountno": "TA-2235521",
        "departmentno": "2",
        "salary": "35623",
        "pincode": "225123",
        "userid": "v6kdE9B6aAKR19zv9io7",
        "id": "nByIZd7wMluIiUBqGXFB"
    },
    {
        "accountno": "TA-3333333",
        "departmentno": "3",
        "salary": "3",
        "pincode": "333333",
        "userid": "0vNNxaYS7eBg08Y9dFJk",
        "id": "jYnwCWe3nvNHqpqyiZu8"
    },
    {
        "accountno": "TA-0000000",
        "departmentno": "0",
        "salary": "0",
        "pincode": "000000",
        "userid": "gQZ4fqeDFg3Q5GXeyGrY",
        "id": "VKq8LReIaPzgNdeIh0da"
    },
    {
        "accountno": "TA-5678333",
        "departmentno": "4",
        "salary": "45678",
        "pincode": "234567",
        "userid": "taGX4XQQfXD3Z76sI1Xn",
        "id": "9rB9y7XXuSq0yLOiHVvI"
    },
    {
        "accountno": "TA-9678923",
        "departmentno": "3",
        "salary": "23400",
        "pincode": "543005",
        "userid": "HmKUjtJcsDsvODxEmjla",
        "id": "4Him2DI9ClmUmf3lIYLD"
    },
    {
        "accountno": "TA-1234000",
        "departmentno": "1",
        "salary": "90000",
        "pincode": "987654",
        "userid": "3NFEupEYQGG2EFz1gvBG",
        "id": "FvZeKzUJSqvMEGI7Tbuw"
    },
    {
        "accountno": "TA-0000072",
        "departmentno": "8",
        "salary": "56000",
        "pincode": "853452",
        "userid": "xlqBI2bMTgs2WYDkMnQo",
        "id": "hpB8E1mjIJhrOkqbl4BX"
    },
    {
        "accountno": "TA-5680117",
        "departmentno": "5",
        "salary": "90700",
        "pincode": "567007",
        "userid": "0M87Gg0ZQtcBm8GaIrHo",
        "id": "UjignvoyuEMNpsFXEUtL"
    },
    {
        "accountno": "TA-tek0909",
        "departmentno": "1",
        "salary": "12345",
        "pincode": "636201",
        "userid": "AmFICKa0MUOyBMIVDhOW",
        "id": "1s0VVjXPP3CdYtIUfpDp"
    },
    {
        "accountno": "TA-1101101",
        "departmentno": "2",
        "salary": "68768",
        "pincode": "123564",
        "userid": "0sXEEwLw5uMWFON9o94n",
        "id": "Uzv764fCTa3tcblZj9hV"
    },
    {
        "accountno": "TA-1100005",
        "departmentno": "2",
        "salary": "70000",
        "pincode": "12110",
        "userid": "3NFEupEYQGG2EFz1gvBG",
        "id": "XOlFvnyRaoAUFWrllKIm"
    },
    {
        "accountno": "TA-1111111",
        "departmentno": "1",
        "salary": "1111111",
        "pincode": "111111",
        "userid": "owO6y8MSRjCNvNvfHjPb",
        "id": "hrE5xdzs4oVItoKfaMlM"
    },
    {
        "accountno": "TA-0999990",
        "departmentno": "9",
        "salary": "22139999999",
        "pincode": "099990",
        "userid": "epCZKK95v3CdjBuWOzWn",
        "id": "Q0hCfcvb1Jy8vymraOAl"
    },
    {
        "accountno": "TA-5678333",
        "departmentno": "4",
        "salary": "45678",
        "pincode": "234567",
        "userid": "GXqEbrggaM4KKESnABe4",
        "id": "ZN9mZe2Z3EyJQGQHmQZW"
    },
    {
        "accountno": "TA-Custard",
        "departmentno": "1",
        "salary": "50000",
        "pincode": "643203",
        "userid": "v4IEGsscftctjnf3W7q0",
        "id": "ye3k1MuCY7gX13u4MpOR"
    },
    {
        "accountno": "TA-Brazill",
        "departmentno": "2",
        "salary": "30000",
        "pincode": "322222",
        "userid": "v4IEGsscftctjnf3W7q0",
        "id": "2y8tdBww8DRDT7rrsD5G"
    },
    {
        "accountno": "TA-5656656",
        "departmentno": "5",
        "salary": "345678",
        "pincode": "999999",
        "userid": "hxe135Zi2Y4u4iyFD97W",
        "id": "fu4zgSStTYq3NkzDvd9f"
    },
    {
        "accountno": "TA-2235521",
        "departmentno": "2",
        "salary": "35623",
        "pincode": "225123",
        "userid": "v6kdE9B6aAKR19zv9io7",
        "id": "Wc0ea0zqAhwR7LQNJEfG"
    },
    {
        "accountno": "TA-3333333",
        "departmentno": "3",
        "salary": "3",
        "pincode": "333333",
        "userid": "0vNNxaYS7eBg08Y9dFJk",
        "id": "BTb8MAGpAkmsIGsP5QtE"
    },
    {
        "accountno": "TA-0000000",
        "departmentno": "0",
        "salary": "0",
        "pincode": "000000",
        "userid": "gQZ4fqeDFg3Q5GXeyGrY",
        "id": "Id6VrvjzzwHPbqFljqgT"
    },
    {
        "accountno": "TA-5678333",
        "departmentno": "4",
        "salary": "45678",
        "pincode": "234567",
        "userid": "taGX4XQQfXD3Z76sI1Xn",
        "id": "SYBmPDas3J0uH8ihhosQ"
    },
    {
        "accountno": "TA-1234000",
        "departmentno": "1",
        "salary": "90000",
        "pincode": "987654",
        "userid": "3NFEupEYQGG2EFz1gvBG",
        "id": "ydi6fZoOGdNKN3YhgGT1"
    },
    {
        "accountno": "TA-9678923",
        "departmentno": "3",
        "salary": "23400",
        "pincode": "543005",
        "userid": "HmKUjtJcsDsvODxEmjla",
        "id": "dNBwDfOj3IPB6qAQWiin"
    },
    {
        "accountno": "TA-0000072",
        "departmentno": "8",
        "salary": "56000",
        "pincode": "853452",
        "userid": "xlqBI2bMTgs2WYDkMnQo",
        "id": "G1Ei34Qwotx0Y2xfq3hJ"
    },
    {
        "accountno": "TA-tek0909",
        "departmentno": "1",
        "salary": "12345",
        "pincode": "636201",
        "userid": "AmFICKa0MUOyBMIVDhOW",
        "id": "9HpEdj0WbyH809CGEVzT"
    },
    {
        "accountno": "TA-1100005",
        "departmentno": "2",
        "salary": "70000",
        "pincode": "12110",
        "userid": "3NFEupEYQGG2EFz1gvBG",
        "id": "Y4HavtUU2FLfGiTu81AL"
    },
    {
        "accountno": "TA-1111111",
        "departmentno": "1",
        "salary": "1111111",
        "pincode": "111111",
        "userid": "owO6y8MSRjCNvNvfHjPb",
        "id": "rv4wvDKAT8bVsfaP2T8n"
    },
    {
        "accountno": "TA-5680117",
        "departmentno": "5",
        "salary": "90700",
        "pincode": "567007",
        "userid": "0M87Gg0ZQtcBm8GaIrHo",
        "id": "lolT2dgNRcxuGiUGPEXq"
    },
    {
        "accountno": "TA-0999990",
        "departmentno": "9",
        "salary": "22139999999",
        "pincode": "099990",
        "userid": "epCZKK95v3CdjBuWOzWn",
        "id": "VV1NkmKCzRYIXu4dQedd"
    },
    {
        "accountno": "TA-Brazill",
        "departmentno": "2",
        "salary": "30000",
        "pincode": "322222",
        "userid": "v4IEGsscftctjnf3W7q0",
        "id": "R4dCPoYUZEaWlVUod4MD"
    },
    {
        "accountno": "TA-5678333",
        "departmentno": "4",
        "salary": "45678",
        "pincode": "234567",
        "userid": "GXqEbrggaM4KKESnABe4",
        "id": "ltoxETgKeofQAeIpALcQ"
    },
    {
        "accountno": "TA-Custard",
        "departmentno": "1",
        "salary": "50000",
        "pincode": "643203",
        "userid": "v4IEGsscftctjnf3W7q0",
        "id": "guLo6JOdi7AvKTUhgP7E"
    },
    {
        "accountno": "TA-5656656",
        "departmentno": "5",
        "salary": "345678",
        "pincode": "999999",
        "userid": "hxe135Zi2Y4u4iyFD97W",
        "id": "NUfdvPPLI3hzeiChsQKB"
    },
    {
        "accountno": "TA-2235521",
        "departmentno": "2",
        "salary": "35623",
        "pincode": "225123",
        "userid": "v6kdE9B6aAKR19zv9io7",
        "id": "y2P5nIQIHaNE4wPrmyMg"
    },
    {
        "accountno": "TA-3333333",
        "departmentno": "3",
        "salary": "3",
        "pincode": "333333",
        "userid": "0vNNxaYS7eBg08Y9dFJk",
        "id": "jpkHF430xF71a3VYOIYj"
    },
    {
        "accountno": "TA-0000000",
        "departmentno": "0",
        "salary": "0",
        "pincode": "000000",
        "userid": "gQZ4fqeDFg3Q5GXeyGrY",
        "id": "BTBEj0cYYVZ5pNUNwrs1"
    },
    {
        "accountno": "TA-7464783",
        "departmentno": "4",
        "salary": "948373",
        "pincode": "560056",
        "userid": "7al5fs1jP8KG3vpCBpvS",
        "id": "4CwJtggjbIJCt2yVTcOC"
    },
    {
        "accountno": "TA-5678333",
        "departmentno": "4",
        "salary": "45678",
        "pincode": "234567",
        "userid": "taGX4XQQfXD3Z76sI1Xn",
        "id": "NYsAH2xeAJxPtOV9jL9p"
    },
    {
        "accountno": "TA-1234000",
        "departmentno": "1",
        "salary": "90000",
        "pincode": "987654",
        "userid": "3NFEupEYQGG2EFz1gvBG",
        "id": "eEoW9xW6NfkjHX2HHX4N"
    },
    {
        "accountno": "TA-9678923",
        "departmentno": "3",
        "salary": "23400",
        "pincode": "543005",
        "userid": "HmKUjtJcsDsvODxEmjla",
        "id": "rwp2rCgR7sBDmrTBtMz7"
    },
    {
        "accountno": "TA-0000072",
        "departmentno": "8",
        "salary": "56000",
        "pincode": "853452",
        "userid": "xlqBI2bMTgs2WYDkMnQo",
        "id": "UW1bvRzUAmk5YOO3WKGV"
    },
    {
        "accountno": "TA-1101101",
        "departmentno": "2",
        "salary": "68768",
        "pincode": "123564",
        "userid": "0sXEEwLw5uMWFON9o94n",
        "id": "BAwwewIfT5vdrijQtiGO"
    },
    {
        "accountno": "TA-tek0909",
        "departmentno": "1",
        "salary": "12345",
        "pincode": "636201",
        "userid": "AmFICKa0MUOyBMIVDhOW",
        "id": "kgVE0h24uyr2tBZrjp7y"
    },
    {
        "accountno": "TA-5680117",
        "departmentno": "5",
        "salary": "90700",
        "pincode": "567007",
        "userid": "0M87Gg0ZQtcBm8GaIrHo",
        "id": "vqQ0u4ALWvMI5mKYsGHT"
    },
    {
        "accountno": "TA-1111111",
        "departmentno": "1",
        "salary": "1111111",
        "pincode": "111111",
        "userid": "owO6y8MSRjCNvNvfHjPb",
        "id": "W4yWD50wf7O6JQIT52uX"
    },
    {
        "accountno": "TA-1100005",
        "departmentno": "2",
        "salary": "70000",
        "pincode": "12110",
        "userid": "3NFEupEYQGG2EFz1gvBG",
        "id": "RdFlnqUn6CBwX7RM08s0"
    },
    {
        "accountno": "TA-0999990",
        "departmentno": "9",
        "salary": "22139999999",
        "pincode": "099990",
        "userid": "epCZKK95v3CdjBuWOzWn",
        "id": "uyq6QSQGQEj3PRfwdTfD"
    },
    {
        "accountno": "TA-5678333",
        "departmentno": "4",
        "salary": "45678",
        "pincode": "234567",
        "userid": "GXqEbrggaM4KKESnABe4",
        "id": "8MlYSlhgyjY5Wxttc9nd"
    },
    {
        "accountno": "TA-Custard",
        "departmentno": "1",
        "salary": "50000",
        "pincode": "643203",
        "userid": "v4IEGsscftctjnf3W7q0",
        "id": "rvtpuyZNwDNLPsp3gXN9"
    },
    {
        "accountno": "TA-Brazill",
        "departmentno": "2",
        "salary": "30000",
        "pincode": "322222",
        "userid": "v4IEGsscftctjnf3W7q0",
        "id": "tVTiGse39bIPcF4X75HW"
    },
    {
        "accountno": "TA-2235521",
        "departmentno": "2",
        "salary": "35623",
        "pincode": "225123",
        "userid": "v6kdE9B6aAKR19zv9io7",
        "id": "xkTHeW5qn4wle5hX50jZ"
    },
    {
        "accountno": "TA-8989888",
        "departmentno": "6",
        "salary": "30000",
        "pincode": "400905",
        "userid": "qukNrE6oXWZYEhDpL71e",
        "id": "kDlxN50BqNtplFIHlFGZ"
    },
    {
        "accountno": "TA-5656656",
        "departmentno": "5",
        "salary": "345678",
        "pincode": "999999",
        "userid": "hxe135Zi2Y4u4iyFD97W",
        "id": "3041qt3hZ7Ja7sLRMZnU"
    },
    {
        "accountno": "TA-3333333",
        "departmentno": "3",
        "salary": "3",
        "pincode": "333333",
        "userid": "0vNNxaYS7eBg08Y9dFJk",
        "id": "T8oiZa4DzpsbG22McyGx"
    },
    {
        "accountno": "TA-0000000",
        "departmentno": "0",
        "salary": "0",
        "pincode": "000000",
        "userid": "gQZ4fqeDFg3Q5GXeyGrY",
        "id": "zF2eF7XrLNlMRwg7EEs9"
    },
    {
        "accountno": "TA-Amirthap",
        "departmentno": "2",
        "salary": "50000",
        "pincode": "111111",
        "userid": "rhBDRjoo08JLg6z6em1p",
        "id": "URCVuGaBuVY7O8gacucx"
    },
    {
        "accountno": "TA-Amirtha",
        "departmentno": "2",
        "salary": "50000",
        "pincode": "111111",
        "userid": "rhBDRjoo08JLg6z6em1p",
        "id": "tEposDQWqzW8SwoOTzAM"
    },
    {
        "accountno": "TA-5678333",
        "departmentno": "4",
        "salary": "45678",
        "pincode": "234567",
        "userid": "taGX4XQQfXD3Z76sI1Xn",
        "id": "xttYLmmSOeQcns9IpU23"
    },
    {
        "accountno": "TA-1234000",
        "departmentno": "1",
        "salary": "90000",
        "pincode": "987654",
        "userid": "3NFEupEYQGG2EFz1gvBG",
        "id": "IfIzLzkl8QzNHg0EhVxs"
    },
    {
        "accountno": "TA-9678923",
        "departmentno": "3",
        "salary": "23400",
        "pincode": "543005",
        "userid": "HmKUjtJcsDsvODxEmjla",
        "id": "RZeHBywYT0ix8KBykp3n"
    },
    {
        "accountno": "TA-0000072",
        "departmentno": "8",
        "salary": "56000",
        "pincode": "853452",
        "userid": "xlqBI2bMTgs2WYDkMnQo",
        "id": "0gBO7C76raCab6IyrXRX"
    },
    {
        "accountno": "TA-9824935",
        "departmentno": "1",
        "salary": "765263",
        "pincode": "237745",
        "userid": "hfZwzaNysf1hW8zmc9Zt",
        "id": "1NpzOwWZGzU0SAQms5DE"
    },
    {
        "accountno": "TA-tek0909",
        "departmentno": "1",
        "salary": "12345",
        "pincode": "636201",
        "userid": "AmFICKa0MUOyBMIVDhOW",
        "id": "8jXregP6XPOV5HboRk0e"
    },
    {
        "accountno": "TA-1101101",
        "departmentno": "2",
        "salary": "68768",
        "pincode": "123564",
        "userid": "0sXEEwLw5uMWFON9o94n",
        "id": "icJlbmH2QctK9R2f0xPq"
    },
    {
        "accountno": "TA-1100005",
        "departmentno": "2",
        "salary": "70000",
        "pincode": "12110",
        "userid": "3NFEupEYQGG2EFz1gvBG",
        "id": "0DcP48E7KQzRX7QasOVu"
    },
    {
        "accountno": "TA-1111111",
        "departmentno": "1",
        "salary": "1111111",
        "pincode": "111111",
        "userid": "owO6y8MSRjCNvNvfHjPb",
        "id": "Q7YvhfyiJ5R9iTgwvfKA"
    },
    {
        "accountno": "TA-0999990",
        "departmentno": "9",
        "salary": "22139999999",
        "pincode": "099990",
        "userid": "epCZKK95v3CdjBuWOzWn",
        "id": "BWwBrt6Ms2ov37vtir8V"
    },
    {
        "accountno": "TA-5678333",
        "departmentno": "4",
        "salary": "45678",
        "pincode": "234567",
        "userid": "GXqEbrggaM4KKESnABe4",
        "id": "JNay8uFuYMjpKQhYttfr"
    },
    {
        "accountno": "TA-Custard",
        "departmentno": "1",
        "salary": "50000",
        "pincode": "643203",
        "userid": "v4IEGsscftctjnf3W7q0",
        "id": "fcrYZXB1eamN6g9wPg66"
    },
    {
        "accountno": "TA-4567890",
        "departmentno": "6",
        "salary": "4536",
        "pincode": "234567",
        "userid": "rtRtK0JiUnvzAOUkys0z",
        "id": "OkyYVz9X8S8MAwj9lBV5"
    },
    {
        "accountno": "TA-Brazill",
        "departmentno": "2",
        "salary": "30000",
        "pincode": "322222",
        "userid": "v4IEGsscftctjnf3W7q0",
        "id": "J2gjuZRX97KSRvL76QeN"
    },
    {
        "accountno": "TA-5656656",
        "departmentno": "5",
        "salary": "345678",
        "pincode": "999999",
        "userid": "hxe135Zi2Y4u4iyFD97W",
        "id": "8a3xGVdlyHB8RbkKdEtR"
    },
    {
        "accountno": "TA-2235521",
        "departmentno": "2",
        "salary": "35623",
        "pincode": "225123",
        "userid": "v6kdE9B6aAKR19zv9io7",
        "id": "DPVLVIYhGwPeFwj1KTRh"
    },
    {
        "accountno": "TA-4567880",
        "departmentno": "6",
        "salary": "45789",
        "pincode": "567993",
        "userid": "SqjAz5C2GhwC6xsDYR9T",
        "id": "LlEfTxkv00Y8SMzYWFZH"
    },
    {
        "accountno": "TA-3333333",
        "departmentno": "3",
        "salary": "3",
        "pincode": "333333",
        "userid": "0vNNxaYS7eBg08Y9dFJk",
        "id": "WaJL0Kh5h8CAeNjdXOyC"
    },
    {
        "accountno": "TA-0000000",
        "departmentno": "0",
        "salary": "0",
        "pincode": "000000",
        "userid": "gQZ4fqeDFg3Q5GXeyGrY",
        "id": "crmcQ2kpKamVMypDVd7a"
    },
    {
        "accountno": "TA-5678333",
        "departmentno": "4",
        "salary": "45678",
        "pincode": "234567",
        "userid": "taGX4XQQfXD3Z76sI1Xn",
        "id": "zp1sEEom0yBrUAr36h4u"
    },
    {
        "accountno": "TA-1234000",
        "departmentno": "1",
        "salary": "90000",
        "pincode": "987654",
        "userid": "3NFEupEYQGG2EFz1gvBG",
        "id": "k7TNE7Wie7PTgzRgvDeH"
    },
    {
        "accountno": "TA-9678923",
        "departmentno": "3",
        "salary": "23400",
        "pincode": "543005",
        "userid": "HmKUjtJcsDsvODxEmjla",
        "id": "NKdaXlAjtQ5SbYWh7Wx2"
    },
    {
        "accountno": "TA-0000072",
        "departmentno": "8",
        "salary": "56000",
        "pincode": "853452",
        "userid": "xlqBI2bMTgs2WYDkMnQo",
        "id": "Ic4w2FM27JfPOb0BEZwo"
    },
    {
        "accountno": "TA-9890912",
        "departmentno": "8",
        "salary": "87869876",
        "pincode": "675512",
        "userid": "u69d85QZWFD0JAfGMQib",
        "id": "mUnATfsONYFICFsw7e73"
    },
    {
        "accountno": "TA-1100005",
        "departmentno": "2",
        "salary": "70000",
        "pincode": "12110",
        "userid": "3NFEupEYQGG2EFz1gvBG",
        "id": "tpz5ngm7pEKrM0jIUdC9"
    },
    {
        "accountno": "TA-1111111",
        "departmentno": "1",
        "salary": "1111111",
        "pincode": "111111",
        "userid": "owO6y8MSRjCNvNvfHjPb",
        "id": "3bWgvJPSLmB5ayZNXn4w"
    },
    {
        "accountno": "TA-tek0909",
        "departmentno": "1",
        "salary": "12345",
        "pincode": "636201",
        "userid": "AmFICKa0MUOyBMIVDhOW",
        "id": "JKO6Lxu4PwET4cSPFdYh"
    },
    {
        "accountno": "TA-1101101",
        "departmentno": "2",
        "salary": "68768",
        "pincode": "123564",
        "userid": "0sXEEwLw5uMWFON9o94n",
        "id": "YTC8bHkZadNxxUx3PbYv"
    },
    {
        "accountno": "TA-0999990",
        "departmentno": "9",
        "salary": "22139999999",
        "pincode": "099990",
        "userid": "epCZKK95v3CdjBuWOzWn",
        "id": "jNifEDwvWpOzzeMBNytG"
    },
    {
        "accountno": "TA-Brazill",
        "departmentno": "2",
        "salary": "30000",
        "pincode": "322222",
        "userid": "v4IEGsscftctjnf3W7q0",
        "id": "7dZRioO79YryY4UL4N0p"
    },
    {
        "accountno": "TA-5678333",
        "departmentno": "4",
        "salary": "45678",
        "pincode": "234567",
        "userid": "GXqEbrggaM4KKESnABe4",
        "id": "C9eu6Vz4UQOc5jjbXNhp"
    },
    {
        "accountno": "TA-Custard",
        "departmentno": "1",
        "salary": "50000",
        "pincode": "643203",
        "userid": "v4IEGsscftctjnf3W7q0",
        "id": "0RZ0ifvPouGGJTBm6ptO"
    },
    {
        "accountno": "TA-2235521",
        "departmentno": "2",
        "salary": "35623",
        "pincode": "225123",
        "userid": "v6kdE9B6aAKR19zv9io7",
        "id": "rnrwFPKLLTV0woL21vns"
    },
    {
        "accountno": "TA-5656656",
        "departmentno": "5",
        "salary": "345678",
        "pincode": "999999",
        "userid": "hxe135Zi2Y4u4iyFD97W",
        "id": "oiB0SYeZC7rNEWVWAWPr"
    },
    {
        "accountno": "TA-3333333",
        "departmentno": "3",
        "salary": "3",
        "pincode": "333333",
        "userid": "0vNNxaYS7eBg08Y9dFJk",
        "id": "R0lA8ZJXiBl1kRdb4jOL"
    },
    {
        "accountno": "TA-0000000",
        "departmentno": "0",
        "salary": "0",
        "pincode": "000000",
        "userid": "gQZ4fqeDFg3Q5GXeyGrY",
        "id": "1t3lndh9f2RHu69Wzo36"
    },
    {
        "accountno": "gsgdfd4-TA",
        "departmentno": "4",
        "salary": "3404546",
        "pincode": "757544",
        "userid": "GZWyTijuutGpUpRrQ8hH",
        "id": "NoWDVWNZ23kSHqWWI0E7"
    },
    {
        "accountno": "TA-1222001",
        "departmentno": "7",
        "salary": "81000",
        "pincode": "111003",
        "userid": "aswoxb8WWmJSI8oHNSDc",
        "id": "HozyV3laPrBBkaNV4CuQ"
    },
    {
        "accountno": "TA-5678333",
        "departmentno": "4",
        "salary": "45678",
        "pincode": "234567",
        "userid": "taGX4XQQfXD3Z76sI1Xn",
        "id": "dfHAg9iEjFmu5p0tcakO"
    },
    {
        "accountno": "TA-9678923",
        "departmentno": "3",
        "salary": "23400",
        "pincode": "543005",
        "userid": "HmKUjtJcsDsvODxEmjla",
        "id": "9nyn9demiEmU0UQnlUgn"
    },
    {
        "accountno": "TA-1234000",
        "departmentno": "1",
        "salary": "90000",
        "pincode": "987654",
        "userid": "3NFEupEYQGG2EFz1gvBG",
        "id": "10GiIAWBgPRoJITy54St"
    },
    {
        "accountno": "TA-0000072",
        "departmentno": "8",
        "salary": "56000",
        "pincode": "853452",
        "userid": "xlqBI2bMTgs2WYDkMnQo",
        "id": "7BcV3lowvlg28iIU4ULy"
    },
    {
        "accountno": "TA-tek0909",
        "departmentno": "1",
        "salary": "12345",
        "pincode": "636201",
        "userid": "AmFICKa0MUOyBMIVDhOW",
        "id": "MjvVqWm3RUPa6870m2zO"
    },
    {
        "accountno": "TA-1101101",
        "departmentno": "2",
        "salary": "68768",
        "pincode": "123564",
        "userid": "0sXEEwLw5uMWFON9o94n",
        "id": "4PfaD06FnzvmgMrjdB6o"
    },
    {
        "accountno": "TA-1100005",
        "departmentno": "2",
        "salary": "70000",
        "pincode": "12110",
        "userid": "3NFEupEYQGG2EFz1gvBG",
        "id": "0bEou0Bw2Z86uQuMAg10"
    },
    {
        "accountno": "TA-9890912",
        "departmentno": "8",
        "salary": "87869876",
        "pincode": "675512",
        "userid": "u69d85QZWFD0JAfGMQib",
        "id": "wKD7hghpkpqRDzkfA520"
    },
    {
        "accountno": "TA-1111111",
        "departmentno": "1",
        "salary": "1111111",
        "pincode": "111111",
        "userid": "owO6y8MSRjCNvNvfHjPb",
        "id": "rEqVbghlBArLYfpr4XGm"
    },
    {
        "accountno": "TA-5680117",
        "departmentno": "5",
        "salary": "90700",
        "pincode": "567007",
        "userid": "0M87Gg0ZQtcBm8GaIrHo",
        "id": "ZcgmIWQMl6Pj9cNiVOrA"
    },
    {
        "accountno": "TA-0999990",
        "departmentno": "9",
        "salary": "22139999999",
        "pincode": "099990",
        "userid": "epCZKK95v3CdjBuWOzWn",
        "id": "X9a5XB8UGMjnrJpXSh71"
    },
    {
        "accountno": "TA-5678333",
        "departmentno": "4",
        "salary": "45678",
        "pincode": "234567",
        "userid": "GXqEbrggaM4KKESnABe4",
        "id": "cFunUDh2wUffwrhxSeRM"
    },
    {
        "accountno": "TA-Brazill",
        "departmentno": "2",
        "salary": "30000",
        "pincode": "322222",
        "userid": "v4IEGsscftctjnf3W7q0",
        "id": "c39oBr1xQMOq4cOlCmwM"
    },
    {
        "accountno": "TA-Custard",
        "departmentno": "1",
        "salary": "50000",
        "pincode": "643203",
        "userid": "v4IEGsscftctjnf3W7q0",
        "id": "GFx19ly4Z1nFEAve7aSk"
    },
    {
        "accountno": "TA-5656656",
        "departmentno": "5",
        "salary": "345678",
        "pincode": "999999",
        "userid": "hxe135Zi2Y4u4iyFD97W",
        "id": "DHwRhXd0V75HmUQ1Vkqe"
    },
    {
        "accountno": "TA-2235521",
        "departmentno": "2",
        "salary": "35623",
        "pincode": "225123",
        "userid": "v6kdE9B6aAKR19zv9io7",
        "id": "j3tnZ66x3EptKOT9g1OP"
    },
    {
        "accountno": "TA-3333333",
        "departmentno": "3",
        "salary": "3",
        "pincode": "333333",
        "userid": "0vNNxaYS7eBg08Y9dFJk",
        "id": "CzJbstZkf6hGIITLxKhh"
    },
    {
        "accountno": "TA-0000000",
        "departmentno": "0",
        "salary": "0",
        "pincode": "000000",
        "userid": "gQZ4fqeDFg3Q5GXeyGrY",
        "id": "bcYTySTMOwIJuqnwOdjY"
    },
    {
        "accountno": "TA-amirtha",
        "departmentno": "2",
        "salary": "50000",
        "pincode": "222222",
        "userid": "rhBDRjoo08JLg6z6em1p",
        "id": "L1l5cjUBEXQjt8Wr7YXh"
    },
    {
        "accountno": "TA-1111112",
        "departmentno": "1",
        "salary": "50000",
        "pincode": "111111",
        "userid": "rhBDRjoo08JLg6z6em1p",
        "id": "m1tOt6Yw6Nut973QURVG"
    },
    {
        "accountno": "TA-1111111",
        "departmentno": "1",
        "salary": "50000",
        "pincode": "111111",
        "userid": "rhBDRjoo08JLg6z6em1p",
        "id": "2a40xSrBmBtNKZ0C4aXs"
    },
    {
        "accountno": "TA-5678889",
        "departmentno": "9",
        "salary": "56784",
        "pincode": "456783",
        "userid": "fMxix4YT72wZxEmojdlq",
        "id": "t8iWnuvKyPcB10q0mHxs"
    },
    {
        "accountno": "TA-5678333",
        "departmentno": "4",
        "salary": "45678",
        "pincode": "234567",
        "userid": "taGX4XQQfXD3Z76sI1Xn",
        "id": "d9cRevYBWoTFkLCR47U1"
    },
    {
        "accountno": "TA-9678923",
        "departmentno": "3",
        "salary": "23400",
        "pincode": "543005",
        "userid": "HmKUjtJcsDsvODxEmjla",
        "id": "apE0f5d1EQarBkfUVWZ5"
    },
    {
        "accountno": "TA-1234000",
        "departmentno": "1",
        "salary": "90000",
        "pincode": "987654",
        "userid": "3NFEupEYQGG2EFz1gvBG",
        "id": "gI9BjrrftGrJX2hMbRqU"
    },
    {
        "accountno": "TA-0000072",
        "departmentno": "8",
        "salary": "56000",
        "pincode": "853452",
        "userid": "xlqBI2bMTgs2WYDkMnQo",
        "id": "x7BZCzobT8IoAMoCRyxo"
    },
    {
        "accountno": "TA-1111111",
        "departmentno": "1",
        "salary": "1111111",
        "pincode": "111111",
        "userid": "owO6y8MSRjCNvNvfHjPb",
        "id": "lnO21ospU1CAQuT0X42e"
    },
    {
        "accountno": "TA-5680117",
        "departmentno": "5",
        "salary": "90700",
        "pincode": "567007",
        "userid": "0M87Gg0ZQtcBm8GaIrHo",
        "id": "OfZJ2heILGCZz7Ayn4Mr"
    },
    {
        "accountno": "TA-tek0909",
        "departmentno": "1",
        "salary": "12345",
        "pincode": "636201",
        "userid": "AmFICKa0MUOyBMIVDhOW",
        "id": "9nleVzDrw6UyH1EzJISa"
    },
    {
        "accountno": "TA-1101101",
        "departmentno": "2",
        "salary": "68768",
        "pincode": "123564",
        "userid": "0sXEEwLw5uMWFON9o94n",
        "id": "hou9DpQZtKACM9TBhw8k"
    },
    {
        "accountno": "TA-9890912",
        "departmentno": "8",
        "salary": "87869876",
        "pincode": "675512",
        "userid": "u69d85QZWFD0JAfGMQib",
        "id": "x9OH8sj4Pb1qdS2tASHl"
    },
    {
        "accountno": "TA-1100005",
        "departmentno": "2",
        "salary": "70000",
        "pincode": "12110",
        "userid": "3NFEupEYQGG2EFz1gvBG",
        "id": "XNHwouQAbMvZOydDScz0"
    },
    {
        "accountno": "TA-0999990",
        "departmentno": "9",
        "salary": "22139999999",
        "pincode": "099990",
        "userid": "epCZKK95v3CdjBuWOzWn",
        "id": "70QAJcoTO9oEtgzFyCWw"
    },
    {
        "accountno": "TA-5678333",
        "departmentno": "4",
        "salary": "45678",
        "pincode": "234567",
        "userid": "GXqEbrggaM4KKESnABe4",
        "id": "iMSq5UGB69Zd7ZCjIRvS"
    },
    {
        "accountno": "TA-Custard",
        "departmentno": "1",
        "salary": "50000",
        "pincode": "643203",
        "userid": "v4IEGsscftctjnf3W7q0",
        "id": "dJ5d052cG8pmcRQlRK4G"
    },
    {
        "accountno": "TA-Brazill",
        "departmentno": "2",
        "salary": "30000",
        "pincode": "322222",
        "userid": "v4IEGsscftctjnf3W7q0",
        "id": "CVnULr65DnYRtWfaDwab"
    },
    {
        "accountno": "TA-5656656",
        "departmentno": "5",
        "salary": "345678",
        "pincode": "999999",
        "userid": "hxe135Zi2Y4u4iyFD97W",
        "id": "o8qBhBgOklz3UeKjqSf6"
    },
    {
        "accountno": "TA-2235521",
        "departmentno": "2",
        "salary": "35623",
        "pincode": "225123",
        "userid": "v6kdE9B6aAKR19zv9io7",
        "id": "S2JAdOog0LJufLsMKCGR"
    },
    {
        "accountno": "TA-3333333",
        "departmentno": "3",
        "salary": "3",
        "pincode": "333333",
        "userid": "0vNNxaYS7eBg08Y9dFJk",
        "id": "cqckIXXzoRY2dpGTqXEI"
    },
    {
        "accountno": "TA-0000000",
        "departmentno": "0",
        "salary": "0",
        "pincode": "000000",
        "userid": "gQZ4fqeDFg3Q5GXeyGrY",
        "id": "Ow7vBdKmXcYYjowpradp"
    },
    {
        "accountno": "TA-5678333",
        "departmentno": "4",
        "salary": "45678",
        "pincode": "234567",
        "userid": "taGX4XQQfXD3Z76sI1Xn",
        "id": "98RTGdrIEaKxxmbDSHZJ"
    },
    {
        "accountno": "TA-1234000",
        "departmentno": "1",
        "salary": "90000",
        "pincode": "987654",
        "userid": "3NFEupEYQGG2EFz1gvBG",
        "id": "9bweUjo9K5S7xfId8OAX"
    },
    {
        "accountno": "TA-9678923",
        "departmentno": "3",
        "salary": "23400",
        "pincode": "543005",
        "userid": "HmKUjtJcsDsvODxEmjla",
        "id": "TY9cfQ9x5tz4Qg6NODA7"
    },
    {
        "accountno": "TA-0000072",
        "departmentno": "8",
        "salary": "56000",
        "pincode": "853452",
        "userid": "xlqBI2bMTgs2WYDkMnQo",
        "id": "zY4BeGjpSzIXy1fjrxu8"
    },
    {
        "accountno": "TA-1101101",
        "departmentno": "2",
        "salary": "68768",
        "pincode": "123564",
        "userid": "0sXEEwLw5uMWFON9o94n",
        "id": "S75PBRktDSRpe2obCM1a"
    },
    {
        "accountno": "TA-1100005",
        "departmentno": "2",
        "salary": "70000",
        "pincode": "12110",
        "userid": "3NFEupEYQGG2EFz1gvBG",
        "id": "PnpLQT5omIlnroAg10C3"
    },
    {
        "accountno": "TA-tek0909",
        "departmentno": "1",
        "salary": "12345",
        "pincode": "636201",
        "userid": "AmFICKa0MUOyBMIVDhOW",
        "id": "1Jtb7loYVzJFOH22Ludr"
    },
    {
        "accountno": "TA-5680117",
        "departmentno": "5",
        "salary": "90700",
        "pincode": "567007",
        "userid": "0M87Gg0ZQtcBm8GaIrHo",
        "id": "F35cfkyuvclRruMFPL1f"
    },
    {
        "accountno": "TA-9890912",
        "departmentno": "8",
        "salary": "87869876",
        "pincode": "675512",
        "userid": "u69d85QZWFD0JAfGMQib",
        "id": "VZHboObsEMcNQL98s2zY"
    },
    {
        "accountno": "TA-1111111",
        "departmentno": "1",
        "salary": "1111111",
        "pincode": "111111",
        "userid": "owO6y8MSRjCNvNvfHjPb",
        "id": "13SivTFwatBJyF7dlDH4"
    },
    {
        "accountno": "TA-0999990",
        "departmentno": "9",
        "salary": "22139999999",
        "pincode": "099990",
        "userid": "epCZKK95v3CdjBuWOzWn",
        "id": "MlSbcHOnO8IoNu0u4294"
    },
    {
        "accountno": "TA-5678333",
        "departmentno": "4",
        "salary": "45678",
        "pincode": "234567",
        "userid": "GXqEbrggaM4KKESnABe4",
        "id": "8SeioahMHaDHu1WvFKaX"
    },
    {
        "accountno": "TA-Brazill",
        "departmentno": "2",
        "salary": "30000",
        "pincode": "322222",
        "userid": "v4IEGsscftctjnf3W7q0",
        "id": "ot2L5kks0T3Laace3anS"
    },
    {
        "accountno": "TA-Custard",
        "departmentno": "1",
        "salary": "50000",
        "pincode": "643203",
        "userid": "v4IEGsscftctjnf3W7q0",
        "id": "OHIxWOZgBdHAdzTxWPsi"
    },
    {
        "accountno": "gsgdfd4-TA",
        "departmentno": "4",
        "salary": "3404546",
        "pincode": "757544",
        "userid": "GZWyTijuutGpUpRrQ8hH",
        "id": "xxNi1pUjZbmpeWDk8lNH"
    },
    {
        "accountno": "gsgdfd4-TA",
        "departmentno": "4",
        "salary": "3404546",
        "pincode": "757544",
        "userid": "GZWyTijuutGpUpRrQ8hH",
        "id": "17IC2SLlUhtcYgUbdv1d"
    },
    {
        "accountno": "gsgdfd4-TA",
        "departmentno": "4",
        "salary": "3404546",
        "pincode": "757544",
        "userid": "GZWyTijuutGpUpRrQ8hH",
        "id": "UjjN7RO10d4v8F1qEqYR"
    },
    {
        "accountno": "TA-5656656",
        "departmentno": "5",
        "salary": "345678",
        "pincode": "999999",
        "userid": "hxe135Zi2Y4u4iyFD97W",
        "id": "2bLSokqh0ZHATOJdCNRt"
    },
    {
        "accountno": "TA-2235521",
        "departmentno": "2",
        "salary": "35623",
        "pincode": "225123",
        "userid": "v6kdE9B6aAKR19zv9io7",
        "id": "lvW2aROq7BWM9JYAvr3g"
    },
    {
        "accountno": "gsgdfd4-TA",
        "departmentno": "4",
        "salary": "3404546",
        "pincode": "757544",
        "userid": "GZWyTijuutGpUpRrQ8hH",
        "id": "LxMo0u00SRz4VCxZ3Pb2"
    },
    {
        "accountno": "gsgdfd4-TA",
        "departmentno": "4",
        "salary": "3404546",
        "pincode": "757544",
        "userid": "GZWyTijuutGpUpRrQ8hH",
        "id": "3vilkpxAyucyDbU3vYND"
    },
    {
        "accountno": "gsgdfd4-TA",
        "departmentno": "4",
        "salary": "3404546",
        "pincode": "757544",
        "userid": "GZWyTijuutGpUpRrQ8hH",
        "id": "LvNCSRvZ1dO1IOaqtw4C"
    },
    {
        "accountno": "TA-3333333",
        "departmentno": "3",
        "salary": "3",
        "pincode": "333333",
        "userid": "0vNNxaYS7eBg08Y9dFJk",
        "id": "vOu0NC4I0UPVpBc20dtr"
    },
    {
        "accountno": "TA-0000000",
        "departmentno": "0",
        "salary": "0",
        "pincode": "000000",
        "userid": "gQZ4fqeDFg3Q5GXeyGrY",
        "id": "Rz0e9d6bCi21WvOFmftm"
    },
    {
        "accountno": "TA-1346788",
        "departmentno": "8",
        "salary": "56900",
        "pincode": "193179",
        "userid": "jUgI6EGnf0iBcEG0Tuws",
        "id": "ZRgGQn1pigA2S6jNDuWm"
    },
    {
        "accountno": "TA-1346788",
        "departmentno": "8",
        "salary": "56900",
        "pincode": "193179",
        "userid": "jUgI6EGnf0iBcEG0Tuws",
        "id": "tNes1sqQGZHJQ3h8ky85"
    },
    {
        "accountno": "TA-1346789",
        "departmentno": "7",
        "salary": "56900",
        "pincode": "193179",
        "userid": "jUgI6EGnf0iBcEG0Tuws",
        "id": "gzT3cr7kKmXVMVMi7gRg"
    },
    {
        "accountno": "TA-1212178",
        "departmentno": "1",
        "salary": "111891",
        "pincode": "111111",
        "userid": "PWFkTudx4qOE9olEI0bt",
        "id": "45047Pho7kg9isyv7Nca"
    },
    {
        "accountno": "TA-7676767",
        "departmentno": "2",
        "salary": "123000",
        "pincode": "234567",
        "userid": "PWFkTudx4qOE9olEI0bt",
        "id": "zaV3xvJtcCYc9CeMdhhg"
    },
    {
        "accountno": "TA-5678889",
        "departmentno": "9",
        "salary": "56784",
        "pincode": "456783",
        "userid": "fMxix4YT72wZxEmojdlq",
        "id": "wKyNpkq7gtfMf7C1ePZw"
    },
    {
        "accountno": "TA-5678887",
        "departmentno": "5",
        "salary": "56784",
        "pincode": "456783",
        "userid": "fMxix4YT72wZxEmojdlq",
        "id": "6eQyFYO9FwVdAXOBgJtB"
    },
    {
        "accountno": "TA-5678887",
        "departmentno": "5",
        "salary": "56784",
        "pincode": "456783",
        "userid": "fMxix4YT72wZxEmojdlq",
        "id": "tWWlQKY99rl62TfDWa6U"
    },
    {
        "accountno": "TA-5678333",
        "departmentno": "4",
        "salary": "45678",
        "pincode": "234567",
        "userid": "taGX4XQQfXD3Z76sI1Xn",
        "id": "7GzfnXnLDfTDjqN6P8Wx"
    },
    {
        "accountno": "TA-9678923",
        "departmentno": "3",
        "salary": "23400",
        "pincode": "543005",
        "userid": "HmKUjtJcsDsvODxEmjla",
        "id": "GTuJKpdSCn2Cy8pGreWS"
    },
    {
        "accountno": "TA-1234000",
        "departmentno": "1",
        "salary": "90000",
        "pincode": "987654",
        "userid": "3NFEupEYQGG2EFz1gvBG",
        "id": "D1VJNtWcnSg95l9POo7w"
    },
    {
        "accountno": "TA-MAY",
        "departmentno": "6",
        "salary": "4564567",
        "pincode": "456789",
        "userid": "6QXw2aIqus4V8HazrtME",
        "id": "tpDNkB7iCDFlRg1ldXm5"
    },
    {
        "accountno": "TA-0000072",
        "departmentno": "8",
        "salary": "56000",
        "pincode": "853452",
        "userid": "xlqBI2bMTgs2WYDkMnQo",
        "id": "0KfumRlMqDs4zNZlUubI"
    },
    {
        "accountno": "TA-tek0909",
        "departmentno": "1",
        "salary": "12345",
        "pincode": "636201",
        "userid": "AmFICKa0MUOyBMIVDhOW",
        "id": "Tjq7iw6EnStDr7BI11xP"
    },
    {
        "accountno": "TA-1111111",
        "departmentno": "1",
        "salary": "1111111",
        "pincode": "111111",
        "userid": "owO6y8MSRjCNvNvfHjPb",
        "id": "XS1OuFVsQpKGCMcerLSP"
    },
    {
        "accountno": "TA-1101101",
        "departmentno": "2",
        "salary": "68768",
        "pincode": "123564",
        "userid": "0sXEEwLw5uMWFON9o94n",
        "id": "VqMNOYq7tghwhkLQd7jm"
    },
    {
        "accountno": "TA-1100005",
        "departmentno": "2",
        "salary": "70000",
        "pincode": "12110",
        "userid": "3NFEupEYQGG2EFz1gvBG",
        "id": "SBzSsQrahgeaBfPRKB9S"
    },
    {
        "accountno": "TA-9890912",
        "departmentno": "8",
        "salary": "87869876",
        "pincode": "675512",
        "userid": "u69d85QZWFD0JAfGMQib",
        "id": "i7FMP4THV4uJE4UCQWQc"
    },
    {
        "accountno": "TA-5680117",
        "departmentno": "5",
        "salary": "90700",
        "pincode": "567007",
        "userid": "0M87Gg0ZQtcBm8GaIrHo",
        "id": "8c2iUfA4tlCo5MvLYWiL"
    },
    {
        "accountno": "TA-0999990",
        "departmentno": "9",
        "salary": "22139999999",
        "pincode": "099990",
        "userid": "epCZKK95v3CdjBuWOzWn",
        "id": "fSOknkScFvEjuChqawxt"
    },
    {
        "accountno": "TA-Custard",
        "departmentno": "1",
        "salary": "50000",
        "pincode": "643203",
        "userid": "v4IEGsscftctjnf3W7q0",
        "id": "c2DPAiYZCHVJmFIidpm4"
    },
    {
        "accountno": "TA-5678333",
        "departmentno": "4",
        "salary": "45678",
        "pincode": "234567",
        "userid": "GXqEbrggaM4KKESnABe4",
        "id": "5Stod3QcxCw1ss8nsvF1"
    },
    {
        "accountno": "TA-Brazill",
        "departmentno": "2",
        "salary": "30000",
        "pincode": "322222",
        "userid": "v4IEGsscftctjnf3W7q0",
        "id": "Qqzaia4VXIToGoIMbGSy"
    },
    {
        "accountno": "TA-686004",
        "departmentno": "-2137372354",
        "salary": "125600",
        "pincode": "208045",
        "userid": "eKqMOz79c8vVIxS7DBA5",
        "id": "5Npzm4a2iBp6KKKg2Ajt"
    },
    {
        "accountno": "TA-5656656",
        "departmentno": "5",
        "salary": "345678",
        "pincode": "999999",
        "userid": "hxe135Zi2Y4u4iyFD97W",
        "id": "CHhbdVWjDjgF0sdRzkhE"
    },
    {
        "accountno": "TA-2235521",
        "departmentno": "2",
        "salary": "35623",
        "pincode": "225123",
        "userid": "v6kdE9B6aAKR19zv9io7",
        "id": "KwOVbcs9dpopYBYOxMyC"
    },
    {
        "accountno": "TA-686004",
        "departmentno": "1706935270",
        "salary": "125600",
        "pincode": "208045",
        "userid": "eKqMOz79c8vVIxS7DBA5",
        "id": "R0b3VrO6ehDBCpfyIXuN"
    },
    {
        "accountno": "TA-686004",
        "departmentno": "6",
        "salary": "125600",
        "pincode": "208045",
        "userid": "eKqMOz79c8vVIxS7DBA5",
        "id": "Alh4KphkpYOGDjQzDiqW"
    },
    {
        "accountno": "TA-686004",
        "departmentno": "1989231759",
        "salary": "125600",
        "pincode": "208045",
        "userid": "eKqMOz79c8vVIxS7DBA5",
        "id": "CVqnfdiJ7moaWNRPE6EB"
    },
    {
        "accountno": "TA-3333333",
        "departmentno": "3",
        "salary": "3",
        "pincode": "333333",
        "userid": "0vNNxaYS7eBg08Y9dFJk",
        "id": "0KBw5hvCvIStdzER2QL9"
    },
    {
        "accountno": "TA-686004",
        "departmentno": "6",
        "salary": "125600",
        "pincode": "208045",
        "userid": "eKqMOz79c8vVIxS7DBA5",
        "id": "zPOcfLo8EcpYrEIo0UTa"
    },
    {
        "accountno": "TA-686004",
        "departmentno": "1o",
        "salary": "125600",
        "pincode": "208045",
        "userid": "eKqMOz79c8vVIxS7DBA5",
        "id": "ibKwwlollKBOdLEiFp9i"
    },
    {
        "accountno": "TA-686004",
        "departmentno": "1o",
        "salary": "125600",
        "pincode": "208045",
        "userid": "eKqMOz79c8vVIxS7DBA5",
        "id": "ma8jmTRNqwK2T0afymU0"
    },
    {
        "accountno": "TA-686004",
        "departmentno": "1o",
        "salary": "125600",
        "pincode": "208045",
        "userid": "eKqMOz79c8vVIxS7DBA5",
        "id": "n3yhOSEBqw7Qu2DlbH9I"
    },
    {
        "accountno": "TA-0000000",
        "departmentno": "0",
        "salary": "0",
        "pincode": "000000",
        "userid": "gQZ4fqeDFg3Q5GXeyGrY",
        "id": "hKqsLzZHhi52F5Ni8W8w"
    },
    {
        "accountno": "TA-7464783",
        "departmentno": "4",
        "salary": "948373",
        "pincode": "560056",
        "userid": "7al5fs1jP8KG3vpCBpvS",
        "id": "Sn7hVGQPtkizYriKr0Ak"
    },
    {
        "accountno": "TA-686004",
        "departmentno": "1o",
        "salary": "125600",
        "pincode": "208045",
        "userid": "eKqMOz79c8vVIxS7DBA5",
        "id": "m8jfhFHGcdIgQYW0ezyW"
    },
    {
        "accountno": "TA-5678333",
        "departmentno": "4",
        "salary": "45678",
        "pincode": "234567",
        "userid": "taGX4XQQfXD3Z76sI1Xn",
        "id": "XpF4xk65JfwFuGFyRuBC"
    },
    {
        "accountno": "TA-1234000",
        "departmentno": "1",
        "salary": "90000",
        "pincode": "987654",
        "userid": "3NFEupEYQGG2EFz1gvBG",
        "id": "r5SPZfWtpgiBf6T3keHK"
    },
    {
        "accountno": "TA-9678923",
        "departmentno": "3",
        "salary": "23400",
        "pincode": "543005",
        "userid": "HmKUjtJcsDsvODxEmjla",
        "id": "gtKrLKFGE5Gepai5IScB"
    },
    {
        "accountno": "TA-2345096",
        "departmentno": "7",
        "salary": "4000",
        "pincode": "456782",
        "userid": "fMxix4YT72wZxEmojdlq",
        "id": "7b0y7cyfxPYoixQGPyPy"
    },
    {
        "accountno": "TA-2345099",
        "departmentno": "9",
        "salary": "4005",
        "pincode": "456782",
        "userid": "fMxix4YT72wZxEmojdlq",
        "id": "TM2bTcw3kXxjlcFxtDxu"
    },
    {
        "accountno": "gsgdfd4-TA",
        "departmentno": "4",
        "salary": "3404546",
        "pincode": "757544",
        "userid": "GZWyTijuutGpUpRrQ8hH",
        "id": "m66YbCJUnxgwjBVRhWCD"
    },
    {
        "accountno": "TA-0000072",
        "departmentno": "8",
        "salary": "56000",
        "pincode": "853452",
        "userid": "xlqBI2bMTgs2WYDkMnQo",
        "id": "DxGJznN4TVtrzQNtm3lS"
    },
    {
        "accountno": "TA-1101101",
        "departmentno": "2",
        "salary": "68768",
        "pincode": "123564",
        "userid": "0sXEEwLw5uMWFON9o94n",
        "id": "f275Gus7uqdmwdmUMuad"
    },
    {
        "accountno": "TA-1100005",
        "departmentno": "2",
        "salary": "70000",
        "pincode": "12110",
        "userid": "3NFEupEYQGG2EFz1gvBG",
        "id": "08jfXW4hb2u84ZIyIeEp"
    },
    {
        "accountno": "TA-1111111",
        "departmentno": "1",
        "salary": "1111111",
        "pincode": "111111",
        "userid": "owO6y8MSRjCNvNvfHjPb",
        "id": "qARGzslYbwKgOKN0almb"
    },
    {
        "accountno": "TA-5680117",
        "departmentno": "5",
        "salary": "90700",
        "pincode": "567007",
        "userid": "0M87Gg0ZQtcBm8GaIrHo",
        "id": "K1OnuI5LCWyL1hrSs1DD"
    },
    {
        "accountno": "TA-9890912",
        "departmentno": "8",
        "salary": "87869876",
        "pincode": "675512",
        "userid": "u69d85QZWFD0JAfGMQib",
        "id": "0e64WSZSU64cVZK9ZuKf"
    },
    {
        "accountno": "TA-0999990",
        "departmentno": "9",
        "salary": "22139999999",
        "pincode": "099990",
        "userid": "epCZKK95v3CdjBuWOzWn",
        "id": "J4ePMSLaDbA7R76mQAGw"
    },
    {
        "accountno": "TA-Custard",
        "departmentno": "1",
        "salary": "50000",
        "pincode": "643203",
        "userid": "v4IEGsscftctjnf3W7q0",
        "id": "CzygnaohsteSmJ8XwMXk"
    },
    {
        "accountno": "gsgdfd4-TA",
        "departmentno": "4",
        "salary": "3404546",
        "pincode": "757544",
        "userid": "GZWyTijuutGpUpRrQ8hH",
        "id": "nKaahbVFHBBHRXtqdpsw"
    },
    {
        "accountno": "gsgdfd4-TA",
        "departmentno": "4",
        "salary": "3404546",
        "pincode": "757544",
        "userid": "GZWyTijuutGpUpRrQ8hH",
        "id": "Cr5ANmI5BAOKPCVu7b1O"
    },
    {
        "accountno": "TA-5678333",
        "departmentno": "4",
        "salary": "45678",
        "pincode": "234567",
        "userid": "GXqEbrggaM4KKESnABe4",
        "id": "9I0iJeS2jnKbclqpZr5n"
    },
    {
        "accountno": "TA-Brazill",
        "departmentno": "2",
        "salary": "30000",
        "pincode": "322222",
        "userid": "v4IEGsscftctjnf3W7q0",
        "id": "synCCiFqYGCKdHnFwqRL"
    },
    {
        "accountno": "gsgdfd4-TA",
        "departmentno": "4",
        "salary": "3404546",
        "pincode": "757544",
        "userid": "GZWyTijuutGpUpRrQ8hH",
        "id": "7yhZWSgwkqUmlga6luF4"
    },
    {
        "accountno": "gsgdfd4-TA",
        "departmentno": "5",
        "salary": "3404546",
        "pincode": "757544",
        "userid": "GZWyTijuutGpUpRrQ8hH",
        "id": "xhgwXPNIOdcpDERWtoJW"
    },
    {
        "accountno": "gsgdfd4-TA",
        "departmentno": "5",
        "salary": "3404546",
        "pincode": "757544",
        "userid": "GZWyTijuutGpUpRrQ8hH",
        "id": "GwzgXZwbU885ONLGGsLI"
    },
    {
        "accountno": "gsgdfd4-TA",
        "departmentno": "5",
        "salary": "3404546",
        "pincode": "757544",
        "userid": "GZWyTijuutGpUpRrQ8hH",
        "id": "ibJ2hDTIGCudUEIUJ1iv"
    },
    {
        "accountno": "TA-2235521",
        "departmentno": "2",
        "salary": "35623",
        "pincode": "225123",
        "userid": "v6kdE9B6aAKR19zv9io7",
        "id": "5xcBcc0IQ2DMtPQvfR41"
    },
    {
        "accountno": "TA-8989888",
        "departmentno": "6",
        "salary": "30000",
        "pincode": "400905",
        "userid": "qukNrE6oXWZYEhDpL71e",
        "id": "CwzsZfCJhxx3TRtBrq3m"
    },
    {
        "accountno": "TA-5656656",
        "departmentno": "5",
        "salary": "345678",
        "pincode": "999999",
        "userid": "hxe135Zi2Y4u4iyFD97W",
        "id": "MaesmKQzmLhAzuLC6b2w"
    },
    {
        "accountno": "TA-3333333",
        "departmentno": "3",
        "salary": "3",
        "pincode": "333333",
        "userid": "0vNNxaYS7eBg08Y9dFJk",
        "id": "mRrilXWrP3qBNiO7lwnk"
    },
    {
        "accountno": "TA-0000000",
        "departmentno": "0",
        "salary": "0",
        "pincode": "000000",
        "userid": "gQZ4fqeDFg3Q5GXeyGrY",
        "id": "2a4vqTP9a23NfgGkC1Oq"
    },
    {
        "accountno": "TA-5678333",
        "departmentno": "4",
        "salary": "45678",
        "pincode": "234567",
        "userid": "taGX4XQQfXD3Z76sI1Xn",
        "id": "vP5QuBgjoih5EAlAiOKj"
    },
    {
        "accountno": "TA-1234000",
        "departmentno": "1",
        "salary": "90000",
        "pincode": "987654",
        "userid": "3NFEupEYQGG2EFz1gvBG",
        "id": "OL1PyBXfG4ESwg5qlcTQ"
    },
    {
        "accountno": "TA-9678923",
        "departmentno": "3",
        "salary": "23400",
        "pincode": "543005",
        "userid": "HmKUjtJcsDsvODxEmjla",
        "id": "WeOy2juy2B6DqKJa9h5J"
    },
    {
        "accountno": "TA-0000072",
        "departmentno": "8",
        "salary": "56000",
        "pincode": "853452",
        "userid": "xlqBI2bMTgs2WYDkMnQo",
        "id": "G8kjuYCE6dK9TWaHs0Gy"
    },
    {
        "accountno": "TA-9824935",
        "departmentno": "1",
        "salary": "765263",
        "pincode": "237745",
        "userid": "hfZwzaNysf1hW8zmc9Zt",
        "id": "nlzRMdFA5bmsCr2buyDm"
    },
    {
        "accountno": "TA-1111111",
        "departmentno": "1",
        "salary": "1111111",
        "pincode": "111111",
        "userid": "owO6y8MSRjCNvNvfHjPb",
        "id": "tK6tdptSSUacO4Z1f3NN"
    },
    {
        "accountno": "TA-1101101",
        "departmentno": "2",
        "salary": "68768",
        "pincode": "123564",
        "userid": "0sXEEwLw5uMWFON9o94n",
        "id": "9AlHRb9yOSbluivD48kA"
    },
    {
        "accountno": "TA-1100005",
        "departmentno": "2",
        "salary": "70000",
        "pincode": "12110",
        "userid": "3NFEupEYQGG2EFz1gvBG",
        "id": "JxIqgjKamol8zKkTPIAp"
    },
    {
        "accountno": "TA-9890912",
        "departmentno": "8",
        "salary": "87869876",
        "pincode": "675512",
        "userid": "u69d85QZWFD0JAfGMQib",
        "id": "IhBf3JV70YQMWJUGbszV"
    },
    {
        "accountno": "TA-tek0909",
        "departmentno": "1",
        "salary": "12345",
        "pincode": "636201",
        "userid": "AmFICKa0MUOyBMIVDhOW",
        "id": "ogfR1c7ODXVVcNAfvywX"
    },
    {
        "accountno": "TA-0999990",
        "departmentno": "9",
        "salary": "22139999999",
        "pincode": "099990",
        "userid": "epCZKK95v3CdjBuWOzWn",
        "id": "wuV6WORjLfZtIrxJne4z"
    },
    {
        "accountno": "TA-Custard",
        "departmentno": "1",
        "salary": "50000",
        "pincode": "643203",
        "userid": "v4IEGsscftctjnf3W7q0",
        "id": "XGKX38b76X3uB5u81azr"
    },
    {
        "accountno": "TA-5678333",
        "departmentno": "4",
        "salary": "45678",
        "pincode": "234567",
        "userid": "GXqEbrggaM4KKESnABe4",
        "id": "y9rQ2jv93vYRPylynnbx"
    },
    {
        "accountno": "TA-Brazill",
        "departmentno": "2",
        "salary": "30000",
        "pincode": "322222",
        "userid": "v4IEGsscftctjnf3W7q0",
        "id": "hQzhuuSlot39azkHgrlx"
    },
    {
        "accountno": "TA-4567890",
        "departmentno": "6",
        "salary": "4536",
        "pincode": "234567",
        "userid": "rtRtK0JiUnvzAOUkys0z",
        "id": "njOOIqmdFh3BztnwV9iH"
    },
    {
        "accountno": "TA-4567880",
        "departmentno": "6",
        "salary": "45789",
        "pincode": "567993",
        "userid": "SqjAz5C2GhwC6xsDYR9T",
        "id": "ioCua6ji0LhpLzzyYO4f"
    },
    {
        "accountno": "TA-5656656",
        "departmentno": "5",
        "salary": "345678",
        "pincode": "999999",
        "userid": "hxe135Zi2Y4u4iyFD97W",
        "id": "O9wJZkH3y3ynZbjWjvui"
    },
    {
        "accountno": "TA-3333333",
        "departmentno": "3",
        "salary": "3",
        "pincode": "333333",
        "userid": "0vNNxaYS7eBg08Y9dFJk",
        "id": "jiZtoQciUUSaSYjXpYAi"
    },
    {
        "accountno": "TA-0000000",
        "departmentno": "0",
        "salary": "0",
        "pincode": "000000",
        "userid": "gQZ4fqeDFg3Q5GXeyGrY",
        "id": "NshZ8pzBkItqaU2A4I62"
    },
    {
        "accountno": "TA-2345099",
        "departmentno": "9",
        "salary": "4005",
        "pincode": "456782",
        "userid": "fMxix4YT72wZxEmojdlq",
        "id": "MdYTbBmIvgUM5YBBuFWq"
    },
    {
        "accountno": "TA-2345099",
        "departmentno": "9",
        "salary": "4005",
        "pincode": "456782",
        "userid": "fMxix4YT72wZxEmojdlq",
        "id": "IMja1LDVTMasINKkfmcp"
    },
    {
        "accountno": "TA-5678333",
        "departmentno": "4",
        "salary": "45678",
        "pincode": "234567",
        "userid": "taGX4XQQfXD3Z76sI1Xn",
        "id": "KzXzUXkJUXIyCLkXgbGh"
    },
    {
        "accountno": "TA-9678923",
        "departmentno": "3",
        "salary": "23400",
        "pincode": "543005",
        "userid": "HmKUjtJcsDsvODxEmjla",
        "id": "f4DVEbaYUu8Xy0c6bN1f"
    },
    {
        "accountno": "TA-1234000",
        "departmentno": "1",
        "salary": "90000",
        "pincode": "987654",
        "userid": "3NFEupEYQGG2EFz1gvBG",
        "id": "bh66wsHMJaXVyJCl5h9C"
    },
    {
        "accountno": "TA-0000072",
        "departmentno": "8",
        "salary": "56000",
        "pincode": "853452",
        "userid": "xlqBI2bMTgs2WYDkMnQo",
        "id": "DAwF0S09niiZEZh312EP"
    },
    {
        "accountno": "TA-1111111",
        "departmentno": "1",
        "salary": "1111111",
        "pincode": "111111",
        "userid": "owO6y8MSRjCNvNvfHjPb",
        "id": "d98k5GHVhoCt7QNZuqZ6"
    },
    {
        "accountno": "TA-1101101",
        "departmentno": "2",
        "salary": "68768",
        "pincode": "123564",
        "userid": "0sXEEwLw5uMWFON9o94n",
        "id": "zxBOgYG6S5zMXX2rtnxq"
    },
    {
        "accountno": "TA-9890912",
        "departmentno": "8",
        "salary": "87869876",
        "pincode": "675512",
        "userid": "u69d85QZWFD0JAfGMQib",
        "id": "pzgdyvFjScsEDchHqzGP"
    },
    {
        "accountno": "TA-tek0909",
        "departmentno": "1",
        "salary": "12345",
        "pincode": "636201",
        "userid": "AmFICKa0MUOyBMIVDhOW",
        "id": "Ld5IxQSzbpIKcn6nzcSv"
    },
    {
        "accountno": "TA-1100005",
        "departmentno": "2",
        "salary": "70000",
        "pincode": "12110",
        "userid": "3NFEupEYQGG2EFz1gvBG",
        "id": "Oyeko8grbOovpZ5dhsW1"
    },
    {
        "accountno": "TA-0999990",
        "departmentno": "9",
        "salary": "22139999999",
        "pincode": "099990",
        "userid": "epCZKK95v3CdjBuWOzWn",
        "id": "QPBflth5Aj17Jcp0Mp0r"
    },
    {
        "accountno": "TA-5678333",
        "departmentno": "4",
        "salary": "45678",
        "pincode": "234567",
        "userid": "GXqEbrggaM4KKESnABe4",
        "id": "2gJLZjuy0YqT3EDkILtx"
    },
    {
        "accountno": "TA-Brazill",
        "departmentno": "2",
        "salary": "30000",
        "pincode": "322222",
        "userid": "v4IEGsscftctjnf3W7q0",
        "id": "1rGMfJvGqR1DN04JYoZP"
    },
    {
        "accountno": "TA-Custard",
        "departmentno": "1",
        "salary": "50000",
        "pincode": "643203",
        "userid": "v4IEGsscftctjnf3W7q0",
        "id": "3wspKt3sLw9qLh09jzOD"
    },
    {
        "accountno": "TA-5656656",
        "departmentno": "5",
        "salary": "345678",
        "pincode": "999999",
        "userid": "hxe135Zi2Y4u4iyFD97W",
        "id": "e1LTKY4tgDE7ilhRGpa5"
    },
    {
        "accountno": "TA-2235521",
        "departmentno": "2",
        "salary": "35623",
        "pincode": "225123",
        "userid": "v6kdE9B6aAKR19zv9io7",
        "id": "rxBz24o4Lqx813uAhZPP"
    },
    {
        "accountno": "TA-3333333",
        "departmentno": "3",
        "salary": "3",
        "pincode": "333333",
        "userid": "0vNNxaYS7eBg08Y9dFJk",
        "id": "oPjxGP1aGxNxosnF9BD7"
    },
    {
        "accountno": "TA-0000000",
        "departmentno": "0",
        "salary": "0",
        "pincode": "000000",
        "userid": "gQZ4fqeDFg3Q5GXeyGrY",
        "id": "RAJC0KwIWZgV6s29PPKI"
    },
    {
        "accountno": "TA-1222001",
        "departmentno": "7",
        "salary": "81000",
        "pincode": "111003",
        "userid": "aswoxb8WWmJSI8oHNSDc",
        "id": "9C2SDh8FfNuC36TyUZEA"
    },
    {
        "accountno": "TA-5678333",
        "departmentno": "4",
        "salary": "45678",
        "pincode": "234567",
        "userid": "taGX4XQQfXD3Z76sI1Xn",
        "id": "IPVhjshSsuJWT04Rf2fO"
    },
    {
        "accountno": "TA-9678923",
        "departmentno": "3",
        "salary": "23400",
        "pincode": "543005",
        "userid": "HmKUjtJcsDsvODxEmjla",
        "id": "v6NjtVXMDwkFwfzMAN9l"
    },
    {
        "accountno": "TA-1234000",
        "departmentno": "1",
        "salary": "90000",
        "pincode": "987654",
        "userid": "3NFEupEYQGG2EFz1gvBG",
        "id": "DFSMNWLdS0crAvjuLBvq"
    },
    {
        "accountno": "TA-5678983",
        "departmentno": "5",
        "salary": "56789",
        "pincode": "456783",
        "userid": "taGX4XQQfXD3Z76sI1Xn",
        "id": "o53W1UjR4bDa2ZQVjS7Q"
    },
    {
        "accountno": "TA-5678983",
        "departmentno": "5",
        "salary": "56789",
        "pincode": "456783",
        "userid": "taGX4XQQfXD3Z76sI1Xn",
        "id": "iCiIekYtvwRCNKEqXfUU"
    },
    {
        "accountno": "TA-5678983",
        "departmentno": "5",
        "salary": "56789",
        "pincode": "456783",
        "userid": "taGX4XQQfXD3Z76sI1Xn",
        "id": "NFdy5FibqZvgsMeHUnNV"
    },
    {
        "accountno": "TA-5678983",
        "departmentno": "5",
        "salary": "56789",
        "pincode": "456783",
        "userid": "taGX4XQQfXD3Z76sI1Xn",
        "id": "6eLZmDQrGh6RnuDOkUfU"
    },
    {
        "accountno": "TA-5678983",
        "departmentno": "5",
        "salary": "56789",
        "pincode": "456783",
        "userid": "taGX4XQQfXD3Z76sI1Xn",
        "id": "851USwZ1sobwOFfygdsE"
    },
    {
        "accountno": "TA-5678983",
        "departmentno": "5",
        "salary": "56789",
        "pincode": "456783",
        "userid": "taGX4XQQfXD3Z76sI1Xn",
        "id": "tX0i50rTDHhUTqGZaQ3A"
    },
    {
        "accountno": "TA-0000072",
        "departmentno": "8",
        "salary": "56000",
        "pincode": "853452",
        "userid": "xlqBI2bMTgs2WYDkMnQo",
        "id": "7PpdZXU3QpBg8LqYfJhq"
    },
    {
        "accountno": "TA-1100005",
        "departmentno": "2",
        "salary": "70000",
        "pincode": "12110",
        "userid": "3NFEupEYQGG2EFz1gvBG",
        "id": "NtOqjLCBv38xXqGryU4n"
    },
    {
        "accountno": "TA-5680117",
        "departmentno": "5",
        "salary": "90700",
        "pincode": "567007",
        "userid": "0M87Gg0ZQtcBm8GaIrHo",
        "id": "eRzMBMqNVH1pIudWwrYj"
    },
    {
        "accountno": "TA-9890912",
        "departmentno": "8",
        "salary": "87869876",
        "pincode": "675512",
        "userid": "u69d85QZWFD0JAfGMQib",
        "id": "1VgbuIZ91uBmkSw1m4P9"
    },
    {
        "accountno": "TA-tek0909",
        "departmentno": "1",
        "salary": "12345",
        "pincode": "636201",
        "userid": "AmFICKa0MUOyBMIVDhOW",
        "id": "VtyCHKUW0QPttcYrL2TX"
    },
    {
        "accountno": "TA-1111111",
        "departmentno": "1",
        "salary": "1111111",
        "pincode": "111111",
        "userid": "owO6y8MSRjCNvNvfHjPb",
        "id": "WoUFj6i4jzwUp4u7Qeqz"
    },
    {
        "accountno": "TA-1101101",
        "departmentno": "2",
        "salary": "68768",
        "pincode": "123564",
        "userid": "0sXEEwLw5uMWFON9o94n",
        "id": "As2CasuPsqDfWyhn5EH1"
    },
    {
        "accountno": "TA-0999990",
        "departmentno": "9",
        "salary": "22139999999",
        "pincode": "099990",
        "userid": "epCZKK95v3CdjBuWOzWn",
        "id": "RB09jNg6dvqxxwV06UDy"
    },
    {
        "accountno": "TA-Brazill",
        "departmentno": "2",
        "salary": "30000",
        "pincode": "322222",
        "userid": "v4IEGsscftctjnf3W7q0",
        "id": "So3GSbO8N9q4QMY4PTUF"
    },
    {
        "accountno": "TA-Custard",
        "departmentno": "1",
        "salary": "50000",
        "pincode": "643203",
        "userid": "v4IEGsscftctjnf3W7q0",
        "id": "FrBgofbgvYUjddlGTDuI"
    },
    {
        "accountno": "TA-5678333",
        "departmentno": "4",
        "salary": "45678",
        "pincode": "234567",
        "userid": "GXqEbrggaM4KKESnABe4",
        "id": "GAfXav8bLtToMwXJz6BV"
    },
    {
        "accountno": "TA-2235521",
        "departmentno": "2",
        "salary": "35623",
        "pincode": "225123",
        "userid": "v6kdE9B6aAKR19zv9io7",
        "id": "IRjzaqcsFUfXIili8Udd"
    },
    {
        "accountno": "TA-5656656",
        "departmentno": "5",
        "salary": "345678",
        "pincode": "999999",
        "userid": "hxe135Zi2Y4u4iyFD97W",
        "id": "2tM0Faw9DYDru4MDG1RQ"
    },
    {
        "accountno": "TA-gsgdfd4",
        "departmentno": "7",
        "salary": "3454546",
        "pincode": "757544",
        "userid": "GZWyTijuutGpUpRrQ8hH",
        "id": "3pVIrNyFKES0PDwn0zjH"
    },
    {
        "accountno": "TA-4354366",
        "departmentno": "3",
        "salary": "656536",
        "pincode": "634623",
        "userid": "GZWyTijuutGpUpRrQ8hH",
        "id": "f6jtk8QHJbs1gguJSEgd"
    },
    {
        "accountno": "TA-0000000",
        "departmentno": "0",
        "salary": "0",
        "pincode": "000000",
        "userid": "gQZ4fqeDFg3Q5GXeyGrY",
        "id": "kKTjoxiE2XAZhqrCko1I"
    },
    {
        "accountno": "TA-1000001",
        "departmentno": "5",
        "salary": "50000",
        "pincode": "123456",
        "userid": "GZWyTijuutGpUpRrQ8hH",
        "id": "9J034I9Tgz1T1OgiEeyo"
    },
    {
        "accountno": "TA-1212123",
        "departmentno": "3",
        "salary": "22222233",
        "pincode": "232345",
        "userid": "y96zl2qH5GE1v1bjI9Bs",
        "id": "T19mXxlKgZqrcEhBbb65"
    },
    {
        "accountno": "TA-1212121",
        "departmentno": "2",
        "salary": "22222222",
        "pincode": "232345",
        "userid": "y96zl2qH5GE1v1bjI9Bs",
        "id": "McDBWJPsT3Z4bmiE2X9t"
    },
    {
        "accountno": "TA-teka002",
        "departmentno": "4",
        "salary": "23454324",
        "pincode": "675328",
        "userid": "xlqBI2bMTgs2WYDkMnQo",
        "id": "BLzRhcC38oRhfVbCEFfy"
    },
    {
        "accountno": "TA-5678333",
        "departmentno": "4",
        "salary": "45678",
        "pincode": "234567",
        "userid": "taGX4XQQfXD3Z76sI1Xn",
        "id": "f89V2lnaPxkhguM4E3U0"
    },
    {
        "accountno": "TA-9678923",
        "departmentno": "3",
        "salary": "23400",
        "pincode": "543005",
        "userid": "HmKUjtJcsDsvODxEmjla",
        "id": "B1QSBNuwSETvegSG2Co3"
    },
    {
        "accountno": "TA-1234000",
        "departmentno": "1",
        "salary": "90000",
        "pincode": "987654",
        "userid": "3NFEupEYQGG2EFz1gvBG",
        "id": "L7R8GLGyAgcNrqKUuzQ9"
    },
    {
        "accountno": "TA-2343234",
        "departmentno": "1",
        "salary": "123123",
        "pincode": "232323",
        "userid": "PWFkTudx4qOE9olEI0bt",
        "id": "lmBAXdXDAITFAP7vEtnt"
    },
    {
        "accountno": "TA-13031985",
        "departmentno": "9",
        "salary": "1234",
        "pincode": "613009",
        "userid": "kI0tZ4v0m2j0FKIEQxsi",
        "id": "MPIkW9PnIi8nzPtGhHPq"
    },
    {
        "accountno": "TA-teka002",
        "departmentno": "4",
        "salary": "23454324",
        "pincode": "675328",
        "userid": "y96zl2qH5GE1v1bjI9Bs",
        "id": "K257QmDWnzTJ9pWyH87m"
    },
    {
        "accountno": "67983726-TA",
        "departmentno": "7",
        "salary": "68799",
        "pincode": "689843",
        "userid": "taGX4XQQfXD3Z76sI1Xn",
        "id": "s1WIM48oK19xeDKpL3Tw"
    },
    {
        "accountno": "TA-0000072",
        "departmentno": "8",
        "salary": "56000",
        "pincode": "853452",
        "userid": "xlqBI2bMTgs2WYDkMnQo",
        "id": "I0oIUYcgWGFLwJ5RBmTb"
    },
    {
        "accountno": "TA-1100005",
        "departmentno": "2",
        "salary": "70000",
        "pincode": "12110",
        "userid": "3NFEupEYQGG2EFz1gvBG",
        "id": "6NfFj3K7S5f9nTttNLrD"
    },
    {
        "accountno": "TA-9890912",
        "departmentno": "8",
        "salary": "87869876",
        "pincode": "675512",
        "userid": "u69d85QZWFD0JAfGMQib",
        "id": "NaAfrVrpDA0KsuZJU4UX"
    },
    {
        "accountno": "TA-1101101",
        "departmentno": "2",
        "salary": "68768",
        "pincode": "123564",
        "userid": "0sXEEwLw5uMWFON9o94n",
        "id": "LTOcQi9IwgTiNf1RpwdY"
    },
    {
        "accountno": "TA-tek0909",
        "departmentno": "1",
        "salary": "12345",
        "pincode": "636201",
        "userid": "AmFICKa0MUOyBMIVDhOW",
        "id": "TtKZUFwZgXPOBJFayMkK"
    },
    {
        "accountno": "TA-1111111",
        "departmentno": "1",
        "salary": "1111111",
        "pincode": "111111",
        "userid": "owO6y8MSRjCNvNvfHjPb",
        "id": "OI37sepw84JNLZcFQHeJ"
    },
    {
        "accountno": "TA-5680117",
        "departmentno": "5",
        "salary": "90700",
        "pincode": "567007",
        "userid": "0M87Gg0ZQtcBm8GaIrHo",
        "id": "3SVQgMYTuqadI45zPsqj"
    },
    {
        "accountno": "TA-0999990",
        "departmentno": "9",
        "salary": "22139999999",
        "pincode": "099990",
        "userid": "epCZKK95v3CdjBuWOzWn",
        "id": "B9iiuWrMKtjAUMSYHZym"
    },
    {
        "accountno": "TA-Custard",
        "departmentno": "1",
        "salary": "50000",
        "pincode": "643203",
        "userid": "v4IEGsscftctjnf3W7q0",
        "id": "5W8nc4CS8V7eEEMTjtuD"
    },
    {
        "accountno": "TA-5678333",
        "departmentno": "4",
        "salary": "45678",
        "pincode": "234567",
        "userid": "GXqEbrggaM4KKESnABe4",
        "id": "ok5ugAOScPcZqlKqIlJA"
    },
    {
        "accountno": "TA-Brazill",
        "departmentno": "2",
        "salary": "30000",
        "pincode": "322222",
        "userid": "v4IEGsscftctjnf3W7q0",
        "id": "oLBA5mllrJ5slIK3TZpy"
    },
    {
        "accountno": "TA-2222222",
        "departmentno": "1",
        "salary": "22222",
        "pincode": "999999",
        "userid": "rhBDRjoo08JLg6z6em1p",
        "id": "7u6PX42mRigBdmrhuhvF"
    },
    {
        "accountno": "TA-2222222",
        "departmentno": "1",
        "salary": "22222",
        "pincode": "999999",
        "userid": "rhBDRjoo08JLg6z6em1p",
        "id": "9n58rfzNIMzrAaNUsNXS"
    },
    {
        "accountno": "TA-2235521",
        "departmentno": "2",
        "salary": "35623",
        "pincode": "225123",
        "userid": "v6kdE9B6aAKR19zv9io7",
        "id": "dQHjtEMssYoWtHRko7vV"
    },
    {
        "accountno": "TA-5656656",
        "departmentno": "5",
        "salary": "345678",
        "pincode": "999999",
        "userid": "hxe135Zi2Y4u4iyFD97W",
        "id": "GdNeEDqY5fQvsumkUl1b"
    },
    {
        "accountno": "TA-3333333",
        "departmentno": "3",
        "salary": "3",
        "pincode": "333333",
        "userid": "0vNNxaYS7eBg08Y9dFJk",
        "id": "cq5X28ylQbVZSqmhUvFt"
    },
    {
        "accountno": "TA-1212111",
        "departmentno": "1",
        "salary": "11111",
        "pincode": "111111",
        "userid": "PWFkTudx4qOE9olEI0bt",
        "id": "vv2gidPEtRTdemebXOkL"
    },
    {
        "accountno": "TA-1212111",
        "departmentno": "1",
        "salary": "11111",
        "pincode": "111111",
        "userid": "PWFkTudx4qOE9olEI0bt",
        "id": "FqSOdJNb08sMuGOGqNg6"
    },
    {
        "accountno": "TA-0000000",
        "departmentno": "0",
        "salary": "0",
        "pincode": "000000",
        "userid": "gQZ4fqeDFg3Q5GXeyGrY",
        "id": "jVFDeo0c5XucsQPUTGHx"
    },
    {
        "accountno": "TA12321112",
        "departmentno": "2",
        "salary": "345671",
        "pincode": "324323",
        "userid": "PWFkTudx4qOE9olEI0bt",
        "id": "XLrm0tb7kVGogVtvThr8"
    },
    {
        "accountno": "TA-8290032",
        "departmentno": "7",
        "salary": "234465",
        "pincode": "208045",
        "userid": "eKqMOz79c8vVIxS7DBA5",
        "id": "ZOIOrii0CThGbX1x9eWL"
    },
    {
        "accountno": "TA-7398002",
        "departmentno": "6",
        "salary": "1279998",
        "pincode": "208045",
        "userid": "eKqMOz79c8vVIxS7DBA5",
        "id": "mWStlT5ewy5ZHIrQn8Uo"
    },
    {
        "accountno": "TA-2345099",
        "departmentno": "8",
        "salary": "4000",
        "pincode": "456782",
        "userid": "jUgI6EGnf0iBcEG0Tuws",
        "id": "ZwEgxfPdEJmEbdeFKxlO"
    },
    {
        "accountno": "TA-2345099",
        "departmentno": "8",
        "salary": "4000",
        "pincode": "456782",
        "userid": "jUgI6EGnf0iBcEG0Tuws",
        "id": "xEqsVPM6LqAy3z80qWyh"
    },
    {
        "accountno": "TA-2345099",
        "departmentno": "8",
        "salary": "4000",
        "pincode": "456782",
        "userid": "fMxix4YT72wZxEmojdlq",
        "id": "dYjSw13PWo7qq5OFeopU"
    },
    {
        "accountno": "TA-1234567",
        "departmentno": "1",
        "salary": "130000",
        "pincode": "876543",
        "userid": "Jq4GLaonlibO8WRyiAGg",
        "id": "P404AlRCoAo5euRw0MFU"
    },
    {
        "accountno": "TA-1234567",
        "departmentno": "1",
        "salary": "130000",
        "pincode": "876543",
        "userid": "Jq4GLaonlibO8WRyiAGg",
        "id": "G5gajwmXcRlRENDFFGOJ"
    },
    {
        "accountno": "TA-1234580",
        "departmentno": "2",
        "salary": "24000",
        "pincode": "987658",
        "userid": "Jq4GLaonlibO8WRyiAGg",
        "id": "tMkynt3BC1KgdmaKdoej"
    },
    {
        "accountno": "TA-1234579",
        "departmentno": "1",
        "salary": "28000",
        "pincode": "987659",
        "userid": "Jq4GLaonlibO8WRyiAGg",
        "id": "0YIjtLQV5EuiAYbFhusm"
    },
    {
        "accountno": "TA-1234578",
        "departmentno": "1",
        "salary": "24000",
        "pincode": "987658",
        "userid": "Jq4GLaonlibO8WRyiAGg",
        "id": "2ymLXh8swMVKnS33DRvh"
    },
    {
        "accountno": "TA-1234567",
        "departmentno": "1",
        "salary": "10000",
        "pincode": "987657",
        "userid": "Jq4GLaonlibO8WRyiAGg",
        "id": "9j0NkydanvNCxaxi6zgU"
    },
    {
        "accountno": "TA-5678333",
        "departmentno": "4",
        "salary": "45678",
        "pincode": "234567",
        "userid": "taGX4XQQfXD3Z76sI1Xn",
        "id": "GQ0yLebCb0r4tD6ycwPV"
    },
    {
        "accountno": "TA-9678923",
        "departmentno": "3",
        "salary": "23400",
        "pincode": "543005",
        "userid": "HmKUjtJcsDsvODxEmjla",
        "id": "5ZvdaEGNdtjMCgvYNAMu"
    },
    {
        "accountno": "TA-1234000",
        "departmentno": "1",
        "salary": "90000",
        "pincode": "987654",
        "userid": "3NFEupEYQGG2EFz1gvBG",
        "id": "Mx3vU7SxAzdqU5deYY2z"
    },
    {
        "accountno": "67983726-TA",
        "departmentno": "7",
        "salary": "68799",
        "pincode": "689843",
        "userid": "taGX4XQQfXD3Z76sI1Xn",
        "id": "Vxw6MX5kD80fJJjfTP35"
    },
    {
        "accountno": "67983726-TA",
        "departmentno": "7",
        "salary": "68799",
        "pincode": "689843",
        "userid": "taGX4XQQfXD3Z76sI1Xn",
        "id": "E2yBIV5nUVUbpj3tGa8p"
    },
    {
        "accountno": "67983726-TA",
        "departmentno": "7",
        "salary": "68799",
        "pincode": "689843",
        "userid": "taGX4XQQfXD3Z76sI1Xn",
        "id": "ro74dqLZFr66MbeSfnRk"
    },
    {
        "accountno": "67983726-TA",
        "departmentno": "7",
        "salary": "68799",
        "pincode": "689843",
        "userid": "m1IvBrYB3ZgvAV3yYrKG",
        "id": "YInnhmg0vHNvwzhFqIza"
    },
    {
        "accountno": "67983726-TA",
        "departmentno": "7",
        "salary": "68799",
        "pincode": "689843",
        "userid": "m1IvBrYB3ZgvAV3yYrKG",
        "id": "uUOmEVt4ozStIVnUYRUU"
    },
    {
        "accountno": "67983726-TA",
        "departmentno": "7",
        "salary": "68799",
        "pincode": "689843",
        "userid": "taGX4XQQfXD3Z76sI1Xn",
        "id": "N6KuBGODsmGzGWyXw9S4"
    },
    {
        "accountno": "67983726-TA",
        "departmentno": "7",
        "salary": "68799",
        "pincode": "689843",
        "userid": "taGX4XQQfXD3Z76sI1Xn",
        "id": "rLwr4neqguBhs7gYpB7N"
    },
    {
        "accountno": "TA-2345094",
        "departmentno": "6",
        "salary": "4000",
        "pincode": "456782",
        "userid": "fMxix4YT72wZxEmojdlq",
        "id": "UoXHYOifeFfL95zb9D8j"
    },
    {
        "accountno": "TA-2345098",
        "departmentno": "6",
        "salary": "4000",
        "pincode": "456782",
        "userid": "fMxix4YT72wZxEmojdlq",
        "id": "5BYx530mDN25WVHd9FYd"
    },
    {
        "accountno": "TA-2453525",
        "departmentno": "3",
        "salary": "45000",
        "pincode": "409077",
        "userid": "3dvGHPNZe4cMhvG8hol9",
        "id": "oWlhgLhTZUqNwylGaGiu"
    },
    {
        "accountno": "TA-2340780",
        "departmentno": 7,
        "salary": 4006,
        "pincode": 456782,
        "userid": "y96zl2qH5GE1v1bjI9Bs",
        "id": "K6y3oc3YjbApnkxNFi5W"
    },
    {
        "accountno": "TA-0000072",
        "departmentno": "8",
        "salary": "56000",
        "pincode": "853452",
        "userid": "xlqBI2bMTgs2WYDkMnQo",
        "id": "pPn75MKzEzGjAgrFPfiP"
    },
    {
        "accountno": "TA-9890912",
        "departmentno": "8",
        "salary": "87869876",
        "pincode": "675512",
        "userid": "u69d85QZWFD0JAfGMQib",
        "id": "CxPFt4I2Gu9GcvCt9tAl"
    },
    {
        "accountno": "TA-1101101",
        "departmentno": "2",
        "salary": "68768",
        "pincode": "123564",
        "userid": "0sXEEwLw5uMWFON9o94n",
        "id": "ETQyL2OCQki6QfahakIe"
    },
    {
        "accountno": "TA-tek0909",
        "departmentno": "1",
        "salary": "12345",
        "pincode": "636201",
        "userid": "AmFICKa0MUOyBMIVDhOW",
        "id": "8GMOGMwRbTwrSk6laztk"
    },
    {
        "accountno": "TA-5680117",
        "departmentno": "5",
        "salary": "90700",
        "pincode": "567007",
        "userid": "0M87Gg0ZQtcBm8GaIrHo",
        "id": "IQlgZuqYFQe0OghVnumv"
    },
    {
        "accountno": "TA-1111111",
        "departmentno": "1",
        "salary": "1111111",
        "pincode": "111111",
        "userid": "owO6y8MSRjCNvNvfHjPb",
        "id": "eZuanKJpvfpM7yTo39E8"
    },
    {
        "accountno": "TA-1100005",
        "departmentno": "2",
        "salary": "70000",
        "pincode": "12110",
        "userid": "3NFEupEYQGG2EFz1gvBG",
        "id": "rF27qXiM6f2IEgReXSiU"
    },
    {
        "accountno": "TA1233333",
        "departmentno": "2",
        "salary": "1000000",
        "pincode": "324323",
        "userid": "PWFkTudx4qOE9olEI0bt",
        "id": "3RVHToaJIYnC6gx5arID"
    },
    {
        "accountno": "TA-0999990",
        "departmentno": "9",
        "salary": "22139999999",
        "pincode": "099990",
        "userid": "epCZKK95v3CdjBuWOzWn",
        "id": "1MqnF2JyZ3w7aW9lodo6"
    },
    {
        "accountno": "TA12321112",
        "departmentno": "2",
        "salary": "345671",
        "pincode": "324323",
        "userid": "PWFkTudx4qOE9olEI0bt",
        "id": "DahwEeLKREIeeX2RyzZ5"
    },
    {
        "accountno": "TA-Brazill",
        "departmentno": "2",
        "salary": "30000",
        "pincode": "322222",
        "userid": "v4IEGsscftctjnf3W7q0",
        "id": "dKduovkYqsg8ArfamRN6"
    },
    {
        "accountno": "TA-5678333",
        "departmentno": "4",
        "salary": "45678",
        "pincode": "234567",
        "userid": "GXqEbrggaM4KKESnABe4",
        "id": "LcSKloS71ZFgTUj7AegW"
    },
    {
        "accountno": "TA-Custard",
        "departmentno": "1",
        "salary": "50000",
        "pincode": "643203",
        "userid": "v4IEGsscftctjnf3W7q0",
        "id": "Dvkt03OSYNm949aZyJA3"
    },
    {
        "accountno": "TA-5656656",
        "departmentno": "5",
        "salary": "345678",
        "pincode": "999999",
        "userid": "hxe135Zi2Y4u4iyFD97W",
        "id": "nTnMEicA7lHuNVrvbdqt"
    },
    {
        "accountno": "TA-2235521",
        "departmentno": "2",
        "salary": "35623",
        "pincode": "225123",
        "userid": "v6kdE9B6aAKR19zv9io7",
        "id": "pD7J23jIpnnxE4TxxNEh"
    },
    {
        "accountno": "TA-8304001",
        "departmentno": 7,
        "salary": 230000,
        "pincode": 208045,
        "userid": "eKqMOz79c8vVIxS7DBA5",
        "id": "0xeeccxSXxgscibEB0Wn"
    },
    {
        "accountno": "TA-2380808",
        "departmentno": "5",
        "salary": "125600",
        "pincode": "208045",
        "userid": "eKqMOz79c8vVIxS7DBA5",
        "id": "8HvrvopYLWHjW8xpcOqk"
    },
    {
        "accountno": "TA-2345675",
        "departmentno": "4",
        "salary": "3456",
        "pincode": "234567",
        "userid": "fMxix4YT72wZxEmojdlq",
        "id": "5Iv6qaSdIVNI5zuFJrDQ"
    },
    {
        "accountno": "TA-2345674",
        "departmentno": "2",
        "salary": "3456",
        "pincode": "234567",
        "userid": "fMxix4YT72wZxEmojdlq",
        "id": "vVbsBMiKNIEAH0nFYOZ0"
    },
    {
        "accountno": "TA-2380808",
        "departmentno": "4",
        "salary": "125000",
        "pincode": "208045",
        "userid": "eKqMOz79c8vVIxS7DBA5",
        "id": "4h1OtEwc8marp8R3h23c"
    },
    {
        "accountno": "TA-7654321",
        "departmentno": "2",
        "salary": "2000",
        "pincode": "234567",
        "userid": "fMxix4YT72wZxEmojdlq",
        "id": "FWTtVWOuoogr1xZozUbj"
    },
    {
        "accountno": "TA-3333333",
        "departmentno": "3",
        "salary": "3",
        "pincode": "333333",
        "userid": "0vNNxaYS7eBg08Y9dFJk",
        "id": "ExolRvQLOi4tOjOlUWum"
    },
    {
        "accountno": "TA-0000000",
        "departmentno": "0",
        "salary": "0",
        "pincode": "000000",
        "userid": "gQZ4fqeDFg3Q5GXeyGrY",
        "id": "3RCQGUw60wkeTmFYQbQK"
    },
    {
        "accountno": "67983726-TA",
        "departmentno": "7",
        "salary": "68799",
        "pincode": "689843",
        "userid": "m1IvBrYB3ZgvAV3yYrKG",
        "id": "P3UGZkxVdwnYT4wgtysH"
    },
    {
        "accountno": "67983726-TA",
        "departmentno": "7",
        "salary": "68799",
        "pincode": "689843",
        "userid": "m1IvBrYB3ZgvAV3yYrKG",
        "id": "rhbKkCrhHPjV6MXiTzCw"
    },
    {
        "accountno": "4567898TA-",
        "departmentno": "7",
        "salary": "68799",
        "pincode": "689843",
        "userid": "m1IvBrYB3ZgvAV3yYrKG",
        "id": "ai7t42KJ26zfEM1eKR7V"
    },
    {
        "accountno": "TA-1234567",
        "departmentno": "1",
        "salary": "1000",
        "pincode": "787347",
        "userid": "fMxix4YT72wZxEmojdlq",
        "id": "0YYypySBeFPSqrNkOwHD"
    },
    {
        "accountno": "TA-8134566",
        "departmentno": 4,
        "salary": 90000,
        "pincode": 341234,
        "userid": "y96zl2qH5GE1v1bjI9Bs",
        "id": "M6pjX5N8dMXSyTJbDpQ4"
    },
    {
        "accountno": "TA-8134566",
        "departmentno": "4",
        "salary": "850000",
        "pincode": "341234",
        "userid": "y96zl2qH5GE1v1bjI9Bs",
        "id": "Oiar2k3da1zLcqFYgumU"
    },
    {
        "accountno": "TA-5678333",
        "departmentno": "4",
        "salary": "45678",
        "pincode": "234567",
        "userid": "taGX4XQQfXD3Z76sI1Xn",
        "id": "tHUY9fmf9ur5xTUL1mKO"
    },
    {
        "accountno": "TA-9678923",
        "departmentno": "3",
        "salary": "23400",
        "pincode": "543005",
        "userid": "HmKUjtJcsDsvODxEmjla",
        "id": "nlo1jHAQYuiTftI7tCUf"
    },
    {
        "accountno": "TA-1234000",
        "departmentno": "1",
        "salary": "90000",
        "pincode": "987654",
        "userid": "3NFEupEYQGG2EFz1gvBG",
        "id": "cdejpwor28ga8xjig55w"
    },
    {
        "accountno": "67983726-TA",
        "departmentno": "7",
        "salary": "68799",
        "pincode": "689843",
        "userid": "taGX4XQQfXD3Z76sI1Xn",
        "id": "EglTcKJxh67hwF1e5cZp"
    },
    {
        "accountno": "TA-1234345",
        "departmentno": 1,
        "salary": 4234565,
        "pincode": 543456,
        "userid": "PWFkTudx4qOE9olEI0bt",
        "id": "W8Gq48LmM0HzFCp8FUfg"
    },
    {
        "accountno": "4567898TA-",
        "departmentno": "7",
        "salary": "68799",
        "pincode": "689843",
        "userid": "taGX4XQQfXD3Z76sI1Xn",
        "id": "LJiVT2Wv0OvoBuhpbFht"
    },
    {
        "accountno": "67983726-TA",
        "departmentno": "7",
        "salary": "68799",
        "pincode": "689843",
        "userid": "xlqBI2bMTgs2WYDkMnQo",
        "id": "Z06kXIXHg8AI48lNWnf3"
    },
    {
        "accountno": "TA-tek0909",
        "departmentno": "1",
        "salary": "12345",
        "pincode": "636201",
        "userid": "AmFICKa0MUOyBMIVDhOW",
        "id": "nqkimhIoRm0wXgTXiH01"
    },
    {
        "accountno": "TA-5680117",
        "departmentno": "5",
        "salary": "90700",
        "pincode": "567007",
        "userid": "0M87Gg0ZQtcBm8GaIrHo",
        "id": "OOEPTMrUB2bXmAfmSLrX"
    },
    {
        "accountno": "TA-1100005",
        "departmentno": "2",
        "salary": "70000",
        "pincode": "12110",
        "userid": "3NFEupEYQGG2EFz1gvBG",
        "id": "vG77yMp4s7STzsYEnw3Z"
    },
    {
        "accountno": "TA-9890912",
        "departmentno": "8",
        "salary": "87869876",
        "pincode": "675512",
        "userid": "u69d85QZWFD0JAfGMQib",
        "id": "0sCkfGMeIKXBVBrXO7Hb"
    },
    {
        "accountno": "TA-1111111",
        "departmentno": "1",
        "salary": "1111111",
        "pincode": "111111",
        "userid": "owO6y8MSRjCNvNvfHjPb",
        "id": "Ua9ZRZ8YcMcwHFw3XNMh"
    },
    {
        "accountno": "TA-0999990",
        "departmentno": "9",
        "salary": "22139999999",
        "pincode": "099990",
        "userid": "epCZKK95v3CdjBuWOzWn",
        "id": "G50XTOyW1VQw11XRz92c"
    },
    {
        "accountno": "TA-Custard",
        "departmentno": "1",
        "salary": "50000",
        "pincode": "643203",
        "userid": "v4IEGsscftctjnf3W7q0",
        "id": "TisFfgcdCmeIUAYxFhM0"
    },
    {
        "accountno": "TA-Brazill",
        "departmentno": "2",
        "salary": "30000",
        "pincode": "322222",
        "userid": "v4IEGsscftctjnf3W7q0",
        "id": "gYsGH3zshZ1d9gSPxQ3w"
    },
    {
        "accountno": "TA-5678333",
        "departmentno": "4",
        "salary": "45678",
        "pincode": "234567",
        "userid": "GXqEbrggaM4KKESnABe4",
        "id": "Io8FB6sUceJHzyigSxOw"
    },
    {
        "accountno": "TA-2235521",
        "departmentno": "2",
        "salary": "35623",
        "pincode": "225123",
        "userid": "v6kdE9B6aAKR19zv9io7",
        "id": "FAmAMyZdg3gCavnpJ1MV"
    },
    {
        "accountno": "TA-5656656",
        "departmentno": "5",
        "salary": "345678",
        "pincode": "999999",
        "userid": "hxe135Zi2Y4u4iyFD97W",
        "id": "817dJmqhAdYKyi0FNqWc"
    },
    {
        "accountno": "TA-3333333",
        "departmentno": "3",
        "salary": "3",
        "pincode": "333333",
        "userid": "0vNNxaYS7eBg08Y9dFJk",
        "id": "Bpbho8sWrZaAdHcGYwCK"
    },
    {
        "accountno": "TA-7464783",
        "departmentno": "4",
        "salary": "948373",
        "pincode": "560056",
        "userid": "7al5fs1jP8KG3vpCBpvS",
        "id": "xIofV97iEIqNS6mecqvR"
    },
    {
        "accountno": "TA-0000000",
        "departmentno": "0",
        "salary": "0",
        "pincode": "000000",
        "userid": "gQZ4fqeDFg3Q5GXeyGrY",
        "id": "8IZYReYx79zrfXxlJa5G"
    },
    {
        "accountno": "TA-5678333",
        "departmentno": "4",
        "salary": "45678",
        "pincode": "234567",
        "userid": "taGX4XQQfXD3Z76sI1Xn",
        "id": "B6dYFQmPzkn8dW3TOcYe"
    },
    {
        "accountno": "TA-1234000",
        "departmentno": "1",
        "salary": "90000",
        "pincode": "987654",
        "userid": "3NFEupEYQGG2EFz1gvBG",
        "id": "uvOVtWPGC5z0xdaD0jzt"
    },
    {
        "accountno": "TA-9678923",
        "departmentno": "3",
        "salary": "23400",
        "pincode": "543005",
        "userid": "HmKUjtJcsDsvODxEmjla",
        "id": "8a0bgTYMKmiEYOeI5LUV"
    },
    {
        "accountno": "TA-0000072",
        "departmentno": "8",
        "salary": "56000",
        "pincode": "853452",
        "userid": "xlqBI2bMTgs2WYDkMnQo",
        "id": "GGLbQ37ZOWPNqFVK00FB"
    },
    {
        "accountno": "TA-1111111",
        "departmentno": "1",
        "salary": "1111111",
        "pincode": "111111",
        "userid": "owO6y8MSRjCNvNvfHjPb",
        "id": "BF5XJTk16jYz3gu2Ozkp"
    },
    {
        "accountno": "TA-1101101",
        "departmentno": "2",
        "salary": "68768",
        "pincode": "123564",
        "userid": "0sXEEwLw5uMWFON9o94n",
        "id": "0fJRjFDxpdbT0ppboHJ8"
    },
    {
        "accountno": "TA-tek0909",
        "departmentno": "1",
        "salary": "12345",
        "pincode": "636201",
        "userid": "AmFICKa0MUOyBMIVDhOW",
        "id": "0bjXqYeBC6RIlQMhLwm4"
    },
    {
        "accountno": "TA-5680117",
        "departmentno": "5",
        "salary": "90700",
        "pincode": "567007",
        "userid": "0M87Gg0ZQtcBm8GaIrHo",
        "id": "xCSX7kq2AzPqx4w5itzi"
    },
    {
        "accountno": "TA-9890912",
        "departmentno": "8",
        "salary": "87869876",
        "pincode": "675512",
        "userid": "u69d85QZWFD0JAfGMQib",
        "id": "OvsM8AquwqTs374gARmI"
    },
    {
        "accountno": "TA-1100005",
        "departmentno": "2",
        "salary": "70000",
        "pincode": "12110",
        "userid": "3NFEupEYQGG2EFz1gvBG",
        "id": "XUTFHtrAwJlE0zyRNxJd"
    },
    {
        "accountno": "TA-0999990",
        "departmentno": "9",
        "salary": "22139999999",
        "pincode": "099990",
        "userid": "epCZKK95v3CdjBuWOzWn",
        "id": "JeofDSFpLYmfaBUm0Bj9"
    },
    {
        "accountno": "TA-Custard",
        "departmentno": "1",
        "salary": "50000",
        "pincode": "643203",
        "userid": "v4IEGsscftctjnf3W7q0",
        "id": "qmFiVdWpUF1PHUHJUbTp"
    },
    {
        "accountno": "TA-Brazill",
        "departmentno": "2",
        "salary": "30000",
        "pincode": "322222",
        "userid": "v4IEGsscftctjnf3W7q0",
        "id": "ci8Wd4EU3WBXywUJjD83"
    },
    {
        "accountno": "TA-5678333",
        "departmentno": "4",
        "salary": "45678",
        "pincode": "234567",
        "userid": "GXqEbrggaM4KKESnABe4",
        "id": "TDmVyKdk2W5OA4aFS2FM"
    },
    {
        "accountno": "TA-2235521",
        "departmentno": "2",
        "salary": "35623",
        "pincode": "225123",
        "userid": "v6kdE9B6aAKR19zv9io7",
        "id": "UCKLUUZVjmpyk6xhLFYX"
    },
    {
        "accountno": "TA-8989888",
        "departmentno": "6",
        "salary": "30000",
        "pincode": "400905",
        "userid": "qukNrE6oXWZYEhDpL71e",
        "id": "jCGNf2V0VJGPDFYznOyP"
    },
    {
        "accountno": "TA-13031985",
        "departmentno": "9",
        "salary": "1234",
        "pincode": "613009",
        "userid": "kI0tZ4v0m2j0FKIEQxsi",
        "id": "u4e59TgP1wNv19CFvKhQ"
    },
    {
        "accountno": "TA-5656656",
        "departmentno": "5",
        "salary": "345678",
        "pincode": "999999",
        "userid": "hxe135Zi2Y4u4iyFD97W",
        "id": "Jntfa75bWIZgDu774BLe"
    },
    {
        "accountno": "TA-3333333",
        "departmentno": "3",
        "salary": "3",
        "pincode": "333333",
        "userid": "0vNNxaYS7eBg08Y9dFJk",
        "id": "94tIxzXJvXy4tUuw8gaW"
    },
    {
        "accountno": "TA-0000000",
        "departmentno": "0",
        "salary": "0",
        "pincode": "000000",
        "userid": "gQZ4fqeDFg3Q5GXeyGrY",
        "id": "KrIERHMZtibuxoBG5KQZ"
    },
    {
        "accountno": "TA-9890912",
        "departmentno": "8",
        "salary": "87869876",
        "pincode": "675512",
        "userid": "u69d85QZWFD0JAfGMQib",
        "id": "6FigfQH2wUb22m0tcG0N"
    },
    {
        "accountno": "TA-9890912",
        "departmentno": "8",
        "salary": "87869876",
        "pincode": "675512",
        "userid": "u69d85QZWFD0JAfGMQib",
        "id": "tg157qNbaZEfg3gjZeFJ"
    },
    {
        "accountno": "TA-5557576",
        "departmentno": "7",
        "salary": "8787988",
        "pincode": "678554",
        "userid": "u69d85QZWFD0JAfGMQib",
        "id": "gDxuUZnR6SKlKYB1ot60"
    },
    {
        "accountno": "TA-Geer234",
        "departmentno": "4",
        "salary": "12345666",
        "pincode": "111111",
        "userid": "xlqBI2bMTgs2WYDkMnQo",
        "id": "IgkexQ7CPcp4oiXZKfK2"
    },
    {
        "accountno": "TA-5678333",
        "departmentno": "4",
        "salary": "45678",
        "pincode": "234567",
        "userid": "taGX4XQQfXD3Z76sI1Xn",
        "id": "PegJIit2yC3uuPKaeqr7"
    },
    {
        "accountno": "TA-9678923",
        "departmentno": "3",
        "salary": "23400",
        "pincode": "543005",
        "userid": "HmKUjtJcsDsvODxEmjla",
        "id": "sYcPeWMJ5MFLitS03rbf"
    },
    {
        "accountno": "TA-1234000",
        "departmentno": "1",
        "salary": "90000",
        "pincode": "987654",
        "userid": "3NFEupEYQGG2EFz1gvBG",
        "id": "iPhV0p92DazwJmZwF3Ai"
    },
    {
        "accountno": "TA-0000072",
        "departmentno": "8",
        "salary": "56000",
        "pincode": "853452",
        "userid": "xlqBI2bMTgs2WYDkMnQo",
        "id": "0Z1fTdhol5p6YGGN3nqC"
    },
    {
        "accountno": "TA-9824935",
        "departmentno": "1",
        "salary": "765263",
        "pincode": "237745",
        "userid": "hfZwzaNysf1hW8zmc9Zt",
        "id": "UCZAEJl2mXUDWug3pcis"
    },
    {
        "accountno": "TA-1111111",
        "departmentno": "1",
        "salary": "1111111",
        "pincode": "111111",
        "userid": "owO6y8MSRjCNvNvfHjPb",
        "id": "JnI0d5eF9u2QjAYDlDMv"
    },
    {
        "accountno": "TA-9890912",
        "departmentno": "8",
        "salary": "87869876",
        "pincode": "675512",
        "userid": "u69d85QZWFD0JAfGMQib",
        "id": "8e8PBqWHO7lNbNRXgUYl"
    },
    {
        "accountno": "TA-1100005",
        "departmentno": "2",
        "salary": "70000",
        "pincode": "12110",
        "userid": "3NFEupEYQGG2EFz1gvBG",
        "id": "tGxt9dNCQCS6w3Fq1hrX"
    },
    {
        "accountno": "TA-tek0909",
        "departmentno": "1",
        "salary": "12345",
        "pincode": "636201",
        "userid": "AmFICKa0MUOyBMIVDhOW",
        "id": "wV7lToBdfNnzuW2dYljm"
    },
    {
        "accountno": "TA-1101101",
        "departmentno": "2",
        "salary": "68768",
        "pincode": "123564",
        "userid": "0sXEEwLw5uMWFON9o94n",
        "id": "ozhFxzeGcbKQCdUyscxS"
    },
    {
        "accountno": "TA-0999990",
        "departmentno": "9",
        "salary": "22139999999",
        "pincode": "099990",
        "userid": "epCZKK95v3CdjBuWOzWn",
        "id": "vGjhsKaYjjjbO66nI18N"
    },
    {
        "accountno": "TA-5678333",
        "departmentno": "4",
        "salary": "45678",
        "pincode": "234567",
        "userid": "GXqEbrggaM4KKESnABe4",
        "id": "nw6JtUP0ALYTtff78Zxx"
    },
    {
        "accountno": "TA-Brazill",
        "departmentno": "2",
        "salary": "30000",
        "pincode": "322222",
        "userid": "v4IEGsscftctjnf3W7q0",
        "id": "xcXDn52PbchZtEfWzXwZ"
    },
    {
        "accountno": "TA-Custard",
        "departmentno": "1",
        "salary": "50000",
        "pincode": "643203",
        "userid": "v4IEGsscftctjnf3W7q0",
        "id": "vsBDBJSTppEVTx9xb1Y6"
    },
    {
        "accountno": "TA-4567890",
        "departmentno": "6",
        "salary": "4536",
        "pincode": "234567",
        "userid": "rtRtK0JiUnvzAOUkys0z",
        "id": "Q9uLN7Nf2xb03L5Zrztb"
    },
    {
        "accountno": "TA-5656656",
        "departmentno": "5",
        "salary": "345678",
        "pincode": "999999",
        "userid": "hxe135Zi2Y4u4iyFD97W",
        "id": "GQwP4Xergc6d2fmjGF8r"
    },
    {
        "accountno": "TA-4567880",
        "departmentno": "6",
        "salary": "45789",
        "pincode": "567993",
        "userid": "SqjAz5C2GhwC6xsDYR9T",
        "id": "kpHYeqLB24RPHFlKND3m"
    },
    {
        "accountno": "TA-2235521",
        "departmentno": "2",
        "salary": "35623",
        "pincode": "225123",
        "userid": "v6kdE9B6aAKR19zv9io7",
        "id": "m3VH1Ze3M2IrFjDyPkl5"
    },
    {
        "accountno": "TA-3333333",
        "departmentno": "3",
        "salary": "3",
        "pincode": "333333",
        "userid": "0vNNxaYS7eBg08Y9dFJk",
        "id": "uuIdp7QKx4OowhwK9aj6"
    },
    {
        "accountno": "TA-0000000",
        "departmentno": "0",
        "salary": "0",
        "pincode": "000000",
        "userid": "gQZ4fqeDFg3Q5GXeyGrY",
        "id": "i6GAvfDPJnjC7XNtRlak"
    },
    {
        "accountno": "TA-5678333",
        "departmentno": "4",
        "salary": "45678",
        "pincode": "234567",
        "userid": "taGX4XQQfXD3Z76sI1Xn",
        "id": "TPKrVdrlq2fjMVeP9e32"
    },
    {
        "accountno": "TA-1234000",
        "departmentno": "1",
        "salary": "90000",
        "pincode": "987654",
        "userid": "3NFEupEYQGG2EFz1gvBG",
        "id": "651Zjsi1DDGyV74cTKu7"
    },
    {
        "accountno": "TA-9678923",
        "departmentno": "3",
        "salary": "23400",
        "pincode": "543005",
        "userid": "HmKUjtJcsDsvODxEmjla",
        "id": "zrQoJRktaROJNCtyrPRn"
    },
    {
        "accountno": "TA-0000072",
        "departmentno": "8",
        "salary": "56000",
        "pincode": "853452",
        "userid": "xlqBI2bMTgs2WYDkMnQo",
        "id": "K5LQpZtVdxQAaXtwi8Xe"
    },
    {
        "accountno": "TA-9890912",
        "departmentno": "8",
        "salary": "87869876",
        "pincode": "675512",
        "userid": "u69d85QZWFD0JAfGMQib",
        "id": "Vv5DggwrMgYxcg30lTtJ"
    },
    {
        "accountno": "TA-1111111",
        "departmentno": "1",
        "salary": "1111111",
        "pincode": "111111",
        "userid": "owO6y8MSRjCNvNvfHjPb",
        "id": "kIScDDxngil41myBFlzV"
    },
    {
        "accountno": "TA-tek0909",
        "departmentno": "1",
        "salary": "12345",
        "pincode": "636201",
        "userid": "AmFICKa0MUOyBMIVDhOW",
        "id": "ZVfJtVBBsMmp4MUwtVCR"
    },
    {
        "accountno": "TA-1101101",
        "departmentno": "2",
        "salary": "68768",
        "pincode": "123564",
        "userid": "0sXEEwLw5uMWFON9o94n",
        "id": "tniQ8lL6p1fXeMNoYNMG"
    },
    {
        "accountno": "TA-1100005",
        "departmentno": "2",
        "salary": "70000",
        "pincode": "12110",
        "userid": "3NFEupEYQGG2EFz1gvBG",
        "id": "gC6KyLF2jA2MAMrGw9gF"
    },
    {
        "accountno": "TA-0999990",
        "departmentno": "9",
        "salary": "22139999999",
        "pincode": "099990",
        "userid": "epCZKK95v3CdjBuWOzWn",
        "id": "gN3JRwDkzo9X7G9MkZ5e"
    },
    {
        "accountno": "TA-Brazill",
        "departmentno": "2",
        "salary": "30000",
        "pincode": "322222",
        "userid": "v4IEGsscftctjnf3W7q0",
        "id": "p2Rbkt9Y0tKhgfh5HjBY"
    },
    {
        "accountno": "TA-5678333",
        "departmentno": "4",
        "salary": "45678",
        "pincode": "234567",
        "userid": "GXqEbrggaM4KKESnABe4",
        "id": "tjYghJwUDRjxOs3aJ5QN"
    },
    {
        "accountno": "TA-Custard",
        "departmentno": "1",
        "salary": "50000",
        "pincode": "643203",
        "userid": "v4IEGsscftctjnf3W7q0",
        "id": "W5Q3xJ9YqqTI9PPf7yJM"
    },
    {
        "accountno": "TA-2235521",
        "departmentno": "2",
        "salary": "35623",
        "pincode": "225123",
        "userid": "v6kdE9B6aAKR19zv9io7",
        "id": "VvvQ09lX8K0UQ1c02Bzg"
    },
    {
        "accountno": "TA-5656656",
        "departmentno": "5",
        "salary": "345678",
        "pincode": "999999",
        "userid": "hxe135Zi2Y4u4iyFD97W",
        "id": "2HxqB4TWLzMANH56i94E"
    },
    {
        "accountno": "TA-3333333",
        "departmentno": "3",
        "salary": "3",
        "pincode": "333333",
        "userid": "0vNNxaYS7eBg08Y9dFJk",
        "id": "Oag3qPWkV2KwnkRENLcL"
    },
    {
        "accountno": "TA-0000000",
        "departmentno": "0",
        "salary": "0",
        "pincode": "000000",
        "userid": "gQZ4fqeDFg3Q5GXeyGrY",
        "id": "RxaDbdqrtfFxkYZpBsG3"
    },
    {
        "accountno": "TA-1222001",
        "departmentno": "7",
        "salary": "81000",
        "pincode": "111003",
        "userid": "aswoxb8WWmJSI8oHNSDc",
        "id": "UP7HJWHOM9XKiMKHt56O"
    },
    {
        "accountno": "TA-5678333",
        "departmentno": "4",
        "salary": "45678",
        "pincode": "234567",
        "userid": "taGX4XQQfXD3Z76sI1Xn",
        "id": "MKgZ59aISBwg9hNH9Y59"
    },
    {
        "accountno": "TA-1234000",
        "departmentno": "1",
        "salary": "90000",
        "pincode": "987654",
        "userid": "3NFEupEYQGG2EFz1gvBG",
        "id": "efmil7nYhXWRga9we7eD"
    },
    {
        "accountno": "TA-9678923",
        "departmentno": "3",
        "salary": "23400",
        "pincode": "543005",
        "userid": "HmKUjtJcsDsvODxEmjla",
        "id": "bYuKK5szJ1Ad9t2d0LlP"
    },
    {
        "accountno": "TA-0000072",
        "departmentno": "8",
        "salary": "56000",
        "pincode": "853452",
        "userid": "xlqBI2bMTgs2WYDkMnQo",
        "id": "itJybzVUvHSIAfA68hN5"
    },
    {
        "accountno": "TA-9890912",
        "departmentno": "8",
        "salary": "87869876",
        "pincode": "675512",
        "userid": "u69d85QZWFD0JAfGMQib",
        "id": "0s56to9yurPj0DdYO4wc"
    },
    {
        "accountno": "TA-9890912",
        "departmentno": "8",
        "salary": "87869876",
        "pincode": "675512",
        "userid": "u69d85QZWFD0JAfGMQib",
        "id": "P6l1iDRWnBaBwlZvpiHu"
    },
    {
        "accountno": "TA-5680117",
        "departmentno": "5",
        "salary": "90700",
        "pincode": "567007",
        "userid": "0M87Gg0ZQtcBm8GaIrHo",
        "id": "ifSJjZAiM64wT7DeGzDJ"
    },
    {
        "accountno": "TA-1100005",
        "departmentno": "2",
        "salary": "70000",
        "pincode": "12110",
        "userid": "3NFEupEYQGG2EFz1gvBG",
        "id": "VkjKjHI2www3ETwZxciZ"
    },
    {
        "accountno": "TA-1101101",
        "departmentno": "2",
        "salary": "68768",
        "pincode": "123564",
        "userid": "0sXEEwLw5uMWFON9o94n",
        "id": "TUcntPyUcynAW69KkDO2"
    },
    {
        "accountno": "TA-1111111",
        "departmentno": "1",
        "salary": "1111111",
        "pincode": "111111",
        "userid": "owO6y8MSRjCNvNvfHjPb",
        "id": "oZzQRI1gEIMcnjA584lg"
    },
    {
        "accountno": "TA-9890912",
        "departmentno": "8",
        "salary": "87869876",
        "pincode": "675512",
        "userid": "u69d85QZWFD0JAfGMQib",
        "id": "XJxwKYRSZkPkMMN4MhLS"
    },
    {
        "accountno": "TA-tek0909",
        "departmentno": "1",
        "salary": "12345",
        "pincode": "636201",
        "userid": "AmFICKa0MUOyBMIVDhOW",
        "id": "ciEPfUTF1UvY3n5XfOYd"
    },
    {
        "accountno": "TA-0999990",
        "departmentno": "9",
        "salary": "22139999999",
        "pincode": "099990",
        "userid": "epCZKK95v3CdjBuWOzWn",
        "id": "s4zOZW2TMEp40SK2F7MN"
    },
    {
        "accountno": "TA-5678333",
        "departmentno": "4",
        "salary": "45678",
        "pincode": "234567",
        "userid": "GXqEbrggaM4KKESnABe4",
        "id": "inaRw0epJVU0UbdmkKAY"
    },
    {
        "accountno": "TA-Brazill",
        "departmentno": "2",
        "salary": "30000",
        "pincode": "322222",
        "userid": "v4IEGsscftctjnf3W7q0",
        "id": "pRTybOKt2ZG7JIgS86Sf"
    },
    {
        "accountno": "TA-Custard",
        "departmentno": "1",
        "salary": "50000",
        "pincode": "643203",
        "userid": "v4IEGsscftctjnf3W7q0",
        "id": "JPPXLidRGkljn2jBoEKG"
    },
    {
        "accountno": "TA-2235521",
        "departmentno": "2",
        "salary": "35623",
        "pincode": "225123",
        "userid": "v6kdE9B6aAKR19zv9io7",
        "id": "nOvoBMLh12npUCA6mWit"
    },
    {
        "accountno": "TA-5656656",
        "departmentno": "5",
        "salary": "345678",
        "pincode": "999999",
        "userid": "hxe135Zi2Y4u4iyFD97W",
        "id": "KH6tTvkQDBCTGo8cPzao"
    },
    {
        "accountno": "TA-3333333",
        "departmentno": "3",
        "salary": "3",
        "pincode": "333333",
        "userid": "0vNNxaYS7eBg08Y9dFJk",
        "id": "L0SLXyjN0tRum9fWjysQ"
    },
    {
        "accountno": "TA-0000000",
        "departmentno": "0",
        "salary": "0",
        "pincode": "000000",
        "userid": "gQZ4fqeDFg3Q5GXeyGrY",
        "id": "sJ5rX57ixJ992gVeLV7H"
    },
    {
        "accountno": "TA-9890912",
        "departmentno": "8",
        "salary": "87869876",
        "pincode": "675512",
        "userid": "u69d85QZWFD0JAfGMQib",
        "id": "jHxlYAEfYOE9U253zUnp"
    },
    {
        "accountno": "TA-9890912",
        "departmentno": "8",
        "salary": "87869876",
        "pincode": "675512",
        "userid": "u69d85QZWFD0JAfGMQib",
        "id": "heoMgBGA6ZcYnGMPBMiJ"
    },
    {
        "accountno": "TA-9890912",
        "departmentno": "8",
        "salary": "87869876",
        "pincode": "675512",
        "userid": "u69d85QZWFD0JAfGMQib",
        "id": "Lvw7t867mkvSdkZJXa04"
    },
    {
        "accountno": "TA-9890909",
        "departmentno": "8",
        "salary": "8786656",
        "pincode": "675568",
        "userid": "u69d85QZWFD0JAfGMQib",
        "id": "BNCH91M41x9y2qOMVczA"
    },
    {
        "accountno": "TA-9890909",
        "departmentno": "8",
        "salary": "8786656",
        "pincode": "675568",
        "userid": "u69d85QZWFD0JAfGMQib",
        "id": "2mhPn94o5z8WPsrGpuTm"
    },
    {
        "accountno": "TA-9890909",
        "departmentno": "8",
        "salary": "8786656",
        "pincode": "675568",
        "userid": "xlqBI2bMTgs2WYDkMnQo",
        "id": "i2ZiTAwjiQJdfLdAP2Rh"
    },
    {
        "accountno": "TA-9890909",
        "departmentno": "8",
        "salary": "8786656",
        "pincode": "675568",
        "userid": "xlqBI2bMTgs2WYDkMnQo",
        "id": "Lqe6P1EyBifDQ47rIpFV"
    },
    {
        "accountno": "TA-9890909",
        "departmentno": "8",
        "salary": "8786656",
        "pincode": "675568",
        "userid": "u69d85QZWFD0JAfGMQib",
        "id": "QAB7e9SOVZYVn56Fzv40"
    },
    {
        "accountno": "TA-9890909",
        "departmentno": "8",
        "salary": "8786656",
        "pincode": "675568",
        "userid": "xlqBI2bMTgs2WYDkMnQo",
        "id": "bNWxcELlM4ZGVMxNcguP"
    },
    {
        "accountno": "TA-5678333",
        "departmentno": "4",
        "salary": "45678",
        "pincode": "234567",
        "userid": "taGX4XQQfXD3Z76sI1Xn",
        "id": "jvER0Rrwj2k6oOYERBCO"
    },
    {
        "accountno": "TA-1234000",
        "departmentno": "1",
        "salary": "90000",
        "pincode": "987654",
        "userid": "3NFEupEYQGG2EFz1gvBG",
        "id": "WEnuBaEsppWaCbUfh62e"
    },
    {
        "accountno": "TA-9678923",
        "departmentno": "3",
        "salary": "23400",
        "pincode": "543005",
        "userid": "HmKUjtJcsDsvODxEmjla",
        "id": "2aUxCCtBtNhtBE9p290w"
    },
    {
        "accountno": "TA-9890909",
        "departmentno": 9,
        "salary": 8786656,
        "pincode": 675568,
        "userid": "u69d85QZWFD0JAfGMQib",
        "id": "2kU6u6VT7iRS3mzhDG7C"
    },
    {
        "accountno": "TA-9890909",
        "departmentno": "8",
        "salary": "8786656",
        "pincode": "675568",
        "userid": "u69d85QZWFD0JAfGMQib",
        "id": "xIkUwAyHV2SvxnL4J09z"
    },
    {
        "accountno": "TA-1233298",
        "departmentno": 10,
        "salary": 2345670,
        "pincode": 657449,
        "userid": "u69d85QZWFD0JAfGMQib",
        "id": "fNLuoVQbLE6gjFf1Xv1W"
    },
    {
        "accountno": "TA-1233234",
        "departmentno": 36,
        "salary": 234567,
        "pincode": 657442,
        "userid": "u69d85QZWFD0JAfGMQib",
        "id": "x45DgiRWV3eMoYuykjFz"
    },
    {
        "accountno": "TA-0000072",
        "departmentno": "8",
        "salary": "56000",
        "pincode": "853452",
        "userid": "xlqBI2bMTgs2WYDkMnQo",
        "id": "nt5xGsnlVZNKcJViBkg7"
    },
    {
        "accountno": "TA-1100005",
        "departmentno": "2",
        "salary": "70000",
        "pincode": "12110",
        "userid": "3NFEupEYQGG2EFz1gvBG",
        "id": "tvhg1eLaMzNmlLMwBLCd"
    },
    {
        "accountno": "TA-1111111",
        "departmentno": "1",
        "salary": "1111111",
        "pincode": "111111",
        "userid": "owO6y8MSRjCNvNvfHjPb",
        "id": "IRqWnrjkd01N5XFnOLEe"
    },
    {
        "accountno": "TA-5680117",
        "departmentno": "5",
        "salary": "90700",
        "pincode": "567007",
        "userid": "0M87Gg0ZQtcBm8GaIrHo",
        "id": "51aMxTEyocG7KWLp9cRb"
    },
    {
        "accountno": "TA-tek0909",
        "departmentno": "1",
        "salary": "12345",
        "pincode": "636201",
        "userid": "AmFICKa0MUOyBMIVDhOW",
        "id": "N1jTiySxmaimXlL2d906"
    },
    {
        "accountno": "TA-1101101",
        "departmentno": "2",
        "salary": "68768",
        "pincode": "123564",
        "userid": "0sXEEwLw5uMWFON9o94n",
        "id": "7m6gFBcq4B3omXG8tdkw"
    },
    {
        "accountno": "TA-0999990",
        "departmentno": "9",
        "salary": "22139999999",
        "pincode": "099990",
        "userid": "epCZKK95v3CdjBuWOzWn",
        "id": "lHNgSePTSEf68697Ggb2"
    },
    {
        "accountno": "TA-Custard",
        "departmentno": "1",
        "salary": "50000",
        "pincode": "643203",
        "userid": "v4IEGsscftctjnf3W7q0",
        "id": "siLb73k0CIFATRIyGNFS"
    },
    {
        "accountno": "TA-5678333",
        "departmentno": "4",
        "salary": "45678",
        "pincode": "234567",
        "userid": "GXqEbrggaM4KKESnABe4",
        "id": "r0mknArRGNrzUzUeiY7O"
    },
    {
        "accountno": "TA-Brazill",
        "departmentno": "2",
        "salary": "30000",
        "pincode": "322222",
        "userid": "v4IEGsscftctjnf3W7q0",
        "id": "IeFAA9ScTBYHxXBpAjEM"
    },
    {
        "accountno": "TA-2235521",
        "departmentno": "2",
        "salary": "35623",
        "pincode": "225123",
        "userid": "v6kdE9B6aAKR19zv9io7",
        "id": "Ylh9Egpd4IL9bOeoUJ4Y"
    },
    {
        "accountno": "TA-5656656",
        "departmentno": "5",
        "salary": "345678",
        "pincode": "999999",
        "userid": "hxe135Zi2Y4u4iyFD97W",
        "id": "cLMRPIDqC1oDISFtoP27"
    },
    {
        "accountno": "TA-3333333",
        "departmentno": "3",
        "salary": "3",
        "pincode": "333333",
        "userid": "0vNNxaYS7eBg08Y9dFJk",
        "id": "oEaqvU3JgoLSjpgyGd2E"
    },
    {
        "accountno": "TA-0000000",
        "departmentno": "0",
        "salary": "0",
        "pincode": "000000",
        "userid": "gQZ4fqeDFg3Q5GXeyGrY",
        "id": "tMR5OtxZTdmDi7g0tiDe"
    },
    {
        "accountno": "TA-5678333",
        "departmentno": "4",
        "salary": "45678",
        "pincode": "234567",
        "userid": "taGX4XQQfXD3Z76sI1Xn",
        "id": "7dzukuEJriiOuU7Nbll1"
    },
    {
        "accountno": "TA-1234000",
        "departmentno": "1",
        "salary": "90000",
        "pincode": "987654",
        "userid": "3NFEupEYQGG2EFz1gvBG",
        "id": "JHBE03svdDKzZWNc7l84"
    },
    {
        "accountno": "TA-9678923",
        "departmentno": "3",
        "salary": "23400",
        "pincode": "543005",
        "userid": "HmKUjtJcsDsvODxEmjla",
        "id": "6WjtTJCO6fOG2vHdHUtN"
    },
    {
        "accountno": "TA-0000072",
        "departmentno": "8",
        "salary": "56000",
        "pincode": "853452",
        "userid": "xlqBI2bMTgs2WYDkMnQo",
        "id": "Z4PrkvIfNWurTB6uJIRF"
    },
    {
        "accountno": "TA-1100005",
        "departmentno": "2",
        "salary": "70000",
        "pincode": "12110",
        "userid": "3NFEupEYQGG2EFz1gvBG",
        "id": "xque5IC26GwWUptSTFcJ"
    },
    {
        "accountno": "TA-5680117",
        "departmentno": "5",
        "salary": "90700",
        "pincode": "567007",
        "userid": "0M87Gg0ZQtcBm8GaIrHo",
        "id": "QXnHIfcZL1gA2Tod1gAg"
    },
    {
        "accountno": "TA-1101101",
        "departmentno": "2",
        "salary": "68768",
        "pincode": "123564",
        "userid": "0sXEEwLw5uMWFON9o94n",
        "id": "NG2GjtFooC0ZDvpbIHjG"
    },
    {
        "accountno": "TA-1111111",
        "departmentno": "1",
        "salary": "1111111",
        "pincode": "111111",
        "userid": "owO6y8MSRjCNvNvfHjPb",
        "id": "ypxGWvPyPyWftxxwgol0"
    },
    {
        "accountno": "TA-0999990",
        "departmentno": "9",
        "salary": "22139999999",
        "pincode": "099990",
        "userid": "epCZKK95v3CdjBuWOzWn",
        "id": "6JeYDnuBDeUHWpZq8D9m"
    },
    {
        "accountno": "TA-Custard",
        "departmentno": "1",
        "salary": "50000",
        "pincode": "643203",
        "userid": "v4IEGsscftctjnf3W7q0",
        "id": "dpo87hJlxHUbiNDqkxC2"
    },
    {
        "accountno": "TA-Brazill",
        "departmentno": "2",
        "salary": "30000",
        "pincode": "322222",
        "userid": "v4IEGsscftctjnf3W7q0",
        "id": "BzwfPsjo25txinAHp2Y1"
    },
    {
        "accountno": "TA-5678333",
        "departmentno": "4",
        "salary": "45678",
        "pincode": "234567",
        "userid": "GXqEbrggaM4KKESnABe4",
        "id": "Qa2SwiO4XnSSrRlV7a8u"
    },
    {
        "accountno": "TA-5656656",
        "departmentno": "5",
        "salary": "345678",
        "pincode": "999999",
        "userid": "hxe135Zi2Y4u4iyFD97W",
        "id": "6vCnLtJXFtx7ZDZB1vPr"
    },
    {
        "accountno": "TA-2235521",
        "departmentno": "2",
        "salary": "35623",
        "pincode": "225123",
        "userid": "v6kdE9B6aAKR19zv9io7",
        "id": "cZFmzzs5WrvxBkdseTsM"
    },
    {
        "accountno": "TA-3333333",
        "departmentno": "3",
        "salary": "3",
        "pincode": "333333",
        "userid": "0vNNxaYS7eBg08Y9dFJk",
        "id": "dFdtIkyeU3lgfCHnYuZ3"
    },
    {
        "accountno": "TA-0000000",
        "departmentno": "0",
        "salary": "0",
        "pincode": "000000",
        "userid": "gQZ4fqeDFg3Q5GXeyGrY",
        "id": "lVW5lNCGq09EWAJdE5g6"
    },
    {
        "accountno": "TA-5678333",
        "departmentno": "4",
        "salary": "45678",
        "pincode": "234567",
        "userid": "taGX4XQQfXD3Z76sI1Xn",
        "id": "21CLoTS8QD5yGziRBrvw"
    },
    {
        "accountno": "TA-9678923",
        "departmentno": "3",
        "salary": "23400",
        "pincode": "543005",
        "userid": "HmKUjtJcsDsvODxEmjla",
        "id": "mOw2Xvr9RfAHKRmkErUS"
    },
    {
        "accountno": "TA-1234000",
        "departmentno": "1",
        "salary": "90000",
        "pincode": "987654",
        "userid": "3NFEupEYQGG2EFz1gvBG",
        "id": "vueVwEgJhjLydJyrRGcr"
    },
    {
        "accountno": "TA-0000072",
        "departmentno": "8",
        "salary": "56000",
        "pincode": "853452",
        "userid": "xlqBI2bMTgs2WYDkMnQo",
        "id": "FRmVuQTvIL6KLicMkpQQ"
    },
    {
        "accountno": "TA-tek0909",
        "departmentno": "1",
        "salary": "12345",
        "pincode": "636201",
        "userid": "AmFICKa0MUOyBMIVDhOW",
        "id": "bet7D9EN1WU4ji7qo18T"
    },
    {
        "accountno": "TA-1100005",
        "departmentno": "2",
        "salary": "70000",
        "pincode": "12110",
        "userid": "3NFEupEYQGG2EFz1gvBG",
        "id": "OWsrGkVS3yP6o3wUE9es"
    },
    {
        "accountno": "TA-1111111",
        "departmentno": "1",
        "salary": "1111111",
        "pincode": "111111",
        "userid": "owO6y8MSRjCNvNvfHjPb",
        "id": "hZ34UWmkqGXXBka55a5B"
    },
    {
        "accountno": "TA-5680117",
        "departmentno": "5",
        "salary": "90700",
        "pincode": "567007",
        "userid": "0M87Gg0ZQtcBm8GaIrHo",
        "id": "LfBTWAbNvB6w3g67bnCa"
    },
    {
        "accountno": "TA-1101101",
        "departmentno": "2",
        "salary": "68768",
        "pincode": "123564",
        "userid": "0sXEEwLw5uMWFON9o94n",
        "id": "ChmDwp9HPBJs6Vhe2pON"
    },
    {
        "accountno": "TA-0999990",
        "departmentno": "9",
        "salary": "22139999999",
        "pincode": "099990",
        "userid": "epCZKK95v3CdjBuWOzWn",
        "id": "eoTmimfJwMC4hp8n7R1r"
    },
    {
        "accountno": "TA-5678333",
        "departmentno": "4",
        "salary": "45678",
        "pincode": "234567",
        "userid": "GXqEbrggaM4KKESnABe4",
        "id": "QhqNbz4vmcK99pnbw2Rg"
    },
    {
        "accountno": "TA-Custard",
        "departmentno": "1",
        "salary": "50000",
        "pincode": "643203",
        "userid": "v4IEGsscftctjnf3W7q0",
        "id": "7ZveZMw7vU1V52LA8nku"
    },
    {
        "accountno": "TA-Brazill",
        "departmentno": "2",
        "salary": "30000",
        "pincode": "322222",
        "userid": "v4IEGsscftctjnf3W7q0",
        "id": "cu7XoHtLZApj9Gqy03md"
    },
    {
        "accountno": "TA-2235521",
        "departmentno": "2",
        "salary": "35623",
        "pincode": "225123",
        "userid": "v6kdE9B6aAKR19zv9io7",
        "id": "oN4yL6XWNhcJ6YES2EDd"
    },
    {
        "accountno": "TA-5656656",
        "departmentno": "5",
        "salary": "345678",
        "pincode": "999999",
        "userid": "hxe135Zi2Y4u4iyFD97W",
        "id": "dYfn8jOWVzzVhaQy9RqG"
    },
    {
        "accountno": "TA-3333333",
        "departmentno": "3",
        "salary": "3",
        "pincode": "333333",
        "userid": "0vNNxaYS7eBg08Y9dFJk",
        "id": "Z7tZtAY99FHjmFNtaI19"
    },
    {
        "accountno": "TA-0000000",
        "departmentno": "0",
        "salary": "0",
        "pincode": "000000",
        "userid": "gQZ4fqeDFg3Q5GXeyGrY",
        "id": "fJz6ic9LdNx1gSf5QTqS"
    },
    {
        "accountno": "TA-7464783",
        "departmentno": "4",
        "salary": "948373",
        "pincode": "560056",
        "userid": "7al5fs1jP8KG3vpCBpvS",
        "id": "zKLjoS3I6MoeNj9pAIJh"
    },
    {
        "accountno": "TA-5678333",
        "departmentno": "4",
        "salary": "45678",
        "pincode": "234567",
        "userid": "taGX4XQQfXD3Z76sI1Xn",
        "id": "uonixrFTmczbLj079MAl"
    },
    {
        "accountno": "TA-1234000",
        "departmentno": "1",
        "salary": "90000",
        "pincode": "987654",
        "userid": "3NFEupEYQGG2EFz1gvBG",
        "id": "2TEpDKNK8HDatW98zKhB"
    },
    {
        "accountno": "TA-9678923",
        "departmentno": "3",
        "salary": "23400",
        "pincode": "543005",
        "userid": "HmKUjtJcsDsvODxEmjla",
        "id": "tFjee3W5d2VbaYSMaY94"
    },
    {
        "accountno": "TA-0000072",
        "departmentno": "8",
        "salary": "56000",
        "pincode": "853452",
        "userid": "xlqBI2bMTgs2WYDkMnQo",
        "id": "jmmmHNlDBmQDVAh8xKDL"
    },
    {
        "accountno": "TA-1111111",
        "departmentno": "1",
        "salary": "1111111",
        "pincode": "111111",
        "userid": "owO6y8MSRjCNvNvfHjPb",
        "id": "Bz4wdOYqBWKQtnCSLKvC"
    },
    {
        "accountno": "TA-1100005",
        "departmentno": "2",
        "salary": "70000",
        "pincode": "12110",
        "userid": "3NFEupEYQGG2EFz1gvBG",
        "id": "njscfdDGXOZgtfe9C36P"
    },
    {
        "accountno": "TA-tek0909",
        "departmentno": "1",
        "salary": "12345",
        "pincode": "636201",
        "userid": "AmFICKa0MUOyBMIVDhOW",
        "id": "BOW5D6RxrHN7nnCo4Xwd"
    },
    {
        "accountno": "TA-1101101",
        "departmentno": "2",
        "salary": "68768",
        "pincode": "123564",
        "userid": "0sXEEwLw5uMWFON9o94n",
        "id": "lvncWmJ4IScomJi8nFoy"
    },
    {
        "accountno": "TA-5680117",
        "departmentno": "5",
        "salary": "90700",
        "pincode": "567007",
        "userid": "0M87Gg0ZQtcBm8GaIrHo",
        "id": "sFwxwXI5h6RNbARlYHNe"
    },
    {
        "accountno": "TA-0999990",
        "departmentno": "9",
        "salary": "22139999999",
        "pincode": "099990",
        "userid": "epCZKK95v3CdjBuWOzWn",
        "id": "EavD0jEvBCUbTinW4IC9"
    },
    {
        "accountno": "TA-Brazill",
        "departmentno": "2",
        "salary": "30000",
        "pincode": "322222",
        "userid": "v4IEGsscftctjnf3W7q0",
        "id": "7jBm3hUmVaSMfeVssT1O"
    },
    {
        "accountno": "TA-5678333",
        "departmentno": "4",
        "salary": "45678",
        "pincode": "234567",
        "userid": "GXqEbrggaM4KKESnABe4",
        "id": "85K7yb48svBAwB9O4ffs"
    },
    {
        "accountno": "TA-Custard",
        "departmentno": "1",
        "salary": "50000",
        "pincode": "643203",
        "userid": "v4IEGsscftctjnf3W7q0",
        "id": "VonYESMZFVNSprJyMq7Q"
    },
    {
        "accountno": "TA-2235521",
        "departmentno": "2",
        "salary": "35623",
        "pincode": "225123",
        "userid": "v6kdE9B6aAKR19zv9io7",
        "id": "OjjFteUNkiMTNzoDEnnv"
    },
    {
        "accountno": "TA-5656656",
        "departmentno": "5",
        "salary": "345678",
        "pincode": "999999",
        "userid": "hxe135Zi2Y4u4iyFD97W",
        "id": "u7XmRjRal3Fs4dxQ1Xhn"
    },
    {
        "accountno": "TA-8989888",
        "departmentno": "6",
        "salary": "30000",
        "pincode": "400905",
        "userid": "qukNrE6oXWZYEhDpL71e",
        "id": "oh2HhmNQBY8a7Fi2RJOA"
    },
    {
        "accountno": "TA-3333333",
        "departmentno": "3",
        "salary": "3",
        "pincode": "333333",
        "userid": "0vNNxaYS7eBg08Y9dFJk",
        "id": "kR5Jgm1CxCOena0GScYb"
    },
    {
        "accountno": "TA-0000000",
        "departmentno": "0",
        "salary": "0",
        "pincode": "000000",
        "userid": "gQZ4fqeDFg3Q5GXeyGrY",
        "id": "cbexNm2XDz0qiTDQK91G"
    },
    {
        "accountno": "TA-5678333",
        "departmentno": "4",
        "salary": "45678",
        "pincode": "234567",
        "userid": "taGX4XQQfXD3Z76sI1Xn",
        "id": "VsTIzsywNOx1X3DciZbY"
    },
    {
        "accountno": "TA-9678923",
        "departmentno": "3",
        "salary": "23400",
        "pincode": "543005",
        "userid": "HmKUjtJcsDsvODxEmjla",
        "id": "h0Mu7KPu0dklRe4jxPtU"
    },
    {
        "accountno": "TA-1234000",
        "departmentno": "1",
        "salary": "90000",
        "pincode": "987654",
        "userid": "3NFEupEYQGG2EFz1gvBG",
        "id": "trgJUk0YoJvfEbjG8EAI"
    },
    {
        "accountno": "TA-0000072",
        "departmentno": "8",
        "salary": "56000",
        "pincode": "853452",
        "userid": "xlqBI2bMTgs2WYDkMnQo",
        "id": "0UUneDGqtc9bG0KKhxLM"
    },
    {
        "accountno": "TA-9824935",
        "departmentno": "1",
        "salary": "765263",
        "pincode": "237745",
        "userid": "hfZwzaNysf1hW8zmc9Zt",
        "id": "NmiU080Xng0JcNKPB0EN"
    },
    {
        "accountno": "TA-1100005",
        "departmentno": "2",
        "salary": "70000",
        "pincode": "12110",
        "userid": "3NFEupEYQGG2EFz1gvBG",
        "id": "SQukjNJHSCb6oXkGUMQR"
    },
    {
        "accountno": "TA-1111111",
        "departmentno": "1",
        "salary": "1111111",
        "pincode": "111111",
        "userid": "owO6y8MSRjCNvNvfHjPb",
        "id": "ysFfWrnIxCAGzNMw0j9W"
    },
    {
        "accountno": "TA-1101101",
        "departmentno": "2",
        "salary": "68768",
        "pincode": "123564",
        "userid": "0sXEEwLw5uMWFON9o94n",
        "id": "7yNtHABUNLHJ9VFHKLuz"
    },
    {
        "accountno": "TA-tek0909",
        "departmentno": "1",
        "salary": "12345",
        "pincode": "636201",
        "userid": "AmFICKa0MUOyBMIVDhOW",
        "id": "qBHZuNB7TwNFAAz9IfKs"
    },
    {
        "accountno": "TA-0999990",
        "departmentno": "9",
        "salary": "22139999999",
        "pincode": "099990",
        "userid": "epCZKK95v3CdjBuWOzWn",
        "id": "dWQwImvqnHGzvEDNMr9n"
    },
    {
        "accountno": "TA-Custard",
        "departmentno": "1",
        "salary": "50000",
        "pincode": "643203",
        "userid": "v4IEGsscftctjnf3W7q0",
        "id": "Ea1d3Uwvytmpqgj6OIWv"
    },
    {
        "accountno": "TA-5678333",
        "departmentno": "4",
        "salary": "45678",
        "pincode": "234567",
        "userid": "GXqEbrggaM4KKESnABe4",
        "id": "TmPCbZlUh8KlkZp5BVX3"
    },
    {
        "accountno": "TA-Brazill",
        "departmentno": "2",
        "salary": "30000",
        "pincode": "322222",
        "userid": "v4IEGsscftctjnf3W7q0",
        "id": "hVSchjyM2Kgmu0hFhxgO"
    },
    {
        "accountno": "TA-4567890",
        "departmentno": "6",
        "salary": "4536",
        "pincode": "234567",
        "userid": "rtRtK0JiUnvzAOUkys0z",
        "id": "CJheuMY2zXLuIB4ddjRw"
    },
    {
        "accountno": "TA-4567880",
        "departmentno": "6",
        "salary": "45789",
        "pincode": "567993",
        "userid": "SqjAz5C2GhwC6xsDYR9T",
        "id": "fJMi3iQ0ZOZcM9Dg4x5m"
    },
    {
        "accountno": "TA-2235521",
        "departmentno": "2",
        "salary": "35623",
        "pincode": "225123",
        "userid": "v6kdE9B6aAKR19zv9io7",
        "id": "LwlZ8UXGOpEgemLYKmBd"
    },
    {
        "accountno": "TA-5656656",
        "departmentno": "5",
        "salary": "345678",
        "pincode": "999999",
        "userid": "hxe135Zi2Y4u4iyFD97W",
        "id": "cKwubZZEEOY2XvwUFPZX"
    },
    {
        "accountno": "TA-3333333",
        "departmentno": "3",
        "salary": "3",
        "pincode": "333333",
        "userid": "0vNNxaYS7eBg08Y9dFJk",
        "id": "if60NYxuJJ5owUw9NdBn"
    },
    {
        "accountno": "TA-0000000",
        "departmentno": "0",
        "salary": "0",
        "pincode": "000000",
        "userid": "gQZ4fqeDFg3Q5GXeyGrY",
        "id": "Zq8bHY88tUHJgSNhODBl"
    },
    {
        "accountno": "TA-5678333",
        "departmentno": "4",
        "salary": "45678",
        "pincode": "234567",
        "userid": "taGX4XQQfXD3Z76sI1Xn",
        "id": "1lNQ4FRl3tsJHK8IKaYC"
    },
    {
        "accountno": "TA-1234000",
        "departmentno": "1",
        "salary": "90000",
        "pincode": "987654",
        "userid": "3NFEupEYQGG2EFz1gvBG",
        "id": "Hyss8JRZcZmts20v2mdp"
    },
    {
        "accountno": "TA-9678923",
        "departmentno": "3",
        "salary": "23400",
        "pincode": "543005",
        "userid": "HmKUjtJcsDsvODxEmjla",
        "id": "W18v811NA96RzFRL60Ip"
    },
    {
        "accountno": "TA-0000072",
        "departmentno": "8",
        "salary": "56000",
        "pincode": "853452",
        "userid": "xlqBI2bMTgs2WYDkMnQo",
        "id": "JwcXSBaVvH1DoWFx7myU"
    },
    {
        "accountno": "TA-tek0909",
        "departmentno": "1",
        "salary": "12345",
        "pincode": "636201",
        "userid": "AmFICKa0MUOyBMIVDhOW",
        "id": "XeFnNejHPPd6ChY8cJNH"
    },
    {
        "accountno": "TA-1101101",
        "departmentno": "2",
        "salary": "68768",
        "pincode": "123564",
        "userid": "0sXEEwLw5uMWFON9o94n",
        "id": "dOgV11ey4KAu1WIUxZtr"
    },
    {
        "accountno": "TA-1111111",
        "departmentno": "1",
        "salary": "1111111",
        "pincode": "111111",
        "userid": "owO6y8MSRjCNvNvfHjPb",
        "id": "n4zxX6LkfhrITemxvWep"
    },
    {
        "accountno": "TA-1100005",
        "departmentno": "2",
        "salary": "70000",
        "pincode": "12110",
        "userid": "3NFEupEYQGG2EFz1gvBG",
        "id": "pGtQ3xqixIBsgb1FUd90"
    },
    {
        "accountno": "TA-0999990",
        "departmentno": "9",
        "salary": "22139999999",
        "pincode": "099990",
        "userid": "epCZKK95v3CdjBuWOzWn",
        "id": "HiW09EiikbTxMYT2GptD"
    },
    {
        "accountno": "TA-Brazill",
        "departmentno": "2",
        "salary": "30000",
        "pincode": "322222",
        "userid": "v4IEGsscftctjnf3W7q0",
        "id": "arkdPLtHw9b13o5JqmLk"
    },
    {
        "accountno": "TA-5678333",
        "departmentno": "4",
        "salary": "45678",
        "pincode": "234567",
        "userid": "GXqEbrggaM4KKESnABe4",
        "id": "dlu5Pgiaucncnh3eSRu2"
    },
    {
        "accountno": "TA-Custard",
        "departmentno": "1",
        "salary": "50000",
        "pincode": "643203",
        "userid": "v4IEGsscftctjnf3W7q0",
        "id": "poowiue9tu3e8k76sH6N"
    },
    {
        "accountno": "TA-2235521",
        "departmentno": "2",
        "salary": "35623",
        "pincode": "225123",
        "userid": "v6kdE9B6aAKR19zv9io7",
        "id": "3VZzNUHxTHS7804rJfme"
    },
    {
        "accountno": "TA-5656656",
        "departmentno": "5",
        "salary": "345678",
        "pincode": "999999",
        "userid": "hxe135Zi2Y4u4iyFD97W",
        "id": "SrY8ReJLak3LcChCbS9q"
    },
    {
        "accountno": "TA-3333333",
        "departmentno": "3",
        "salary": "3",
        "pincode": "333333",
        "userid": "0vNNxaYS7eBg08Y9dFJk",
        "id": "aZBpQQd7HNrw5DYVwMMu"
    },
    {
        "accountno": "TA-0000000",
        "departmentno": "0",
        "salary": "0",
        "pincode": "000000",
        "userid": "gQZ4fqeDFg3Q5GXeyGrY",
        "id": "KFlXMlyj0QdirOJYDP0E"
    },
    {
        "accountno": "TA-1222001",
        "departmentno": "7",
        "salary": "81000",
        "pincode": "111003",
        "userid": "aswoxb8WWmJSI8oHNSDc",
        "id": "MAxrsFymHZExtS2SoqYu"
    },
    {
        "accountno": "TA-5678333",
        "departmentno": "4",
        "salary": "45678",
        "pincode": "234567",
        "userid": "taGX4XQQfXD3Z76sI1Xn",
        "id": "1lHdOYJkjmRrc8BWbraT"
    },
    {
        "accountno": "TA-9678923",
        "departmentno": "3",
        "salary": "23400",
        "pincode": "543005",
        "userid": "HmKUjtJcsDsvODxEmjla",
        "id": "idBcfo64wsK0qW4uQq2F"
    },
    {
        "accountno": "TA-1234000",
        "departmentno": "1",
        "salary": "90000",
        "pincode": "987654",
        "userid": "3NFEupEYQGG2EFz1gvBG",
        "id": "TfoWzqbCW4OhcOBqx6y7"
    },
    {
        "accountno": "TA-0000072",
        "departmentno": "8",
        "salary": "56000",
        "pincode": "853452",
        "userid": "xlqBI2bMTgs2WYDkMnQo",
        "id": "4ysvkC066ouz3tednMer"
    },
    {
        "accountno": "TA-1100005",
        "departmentno": "2",
        "salary": "70000",
        "pincode": "12110",
        "userid": "3NFEupEYQGG2EFz1gvBG",
        "id": "emZGW3gj8QXHdhuhnirK"
    },
    {
        "accountno": "TA-tek0909",
        "departmentno": "1",
        "salary": "12345",
        "pincode": "636201",
        "userid": "AmFICKa0MUOyBMIVDhOW",
        "id": "wuKhrmSnRtE0zgfiTT2k"
    },
    {
        "accountno": "TA-1111111",
        "departmentno": "1",
        "salary": "1111111",
        "pincode": "111111",
        "userid": "owO6y8MSRjCNvNvfHjPb",
        "id": "rIsfQub6QQuWo5GOkMrO"
    },
    {
        "accountno": "TA-5680117",
        "departmentno": "5",
        "salary": "90700",
        "pincode": "567007",
        "userid": "0M87Gg0ZQtcBm8GaIrHo",
        "id": "kQprGoNnx7t5UuqBDMTf"
    },
    {
        "accountno": "TA-0999990",
        "departmentno": "9",
        "salary": "22139999999",
        "pincode": "099990",
        "userid": "epCZKK95v3CdjBuWOzWn",
        "id": "CCT3Nmb079hGypYuH236"
    },
    {
        "accountno": "TA-Custard",
        "departmentno": "1",
        "salary": "50000",
        "pincode": "643203",
        "userid": "v4IEGsscftctjnf3W7q0",
        "id": "NcvyFOEIewcAtj4R9z1l"
    },
    {
        "accountno": "TA-Brazill",
        "departmentno": "2",
        "salary": "30000",
        "pincode": "322222",
        "userid": "v4IEGsscftctjnf3W7q0",
        "id": "Qa0WwzQhvJxAQyIdA0Ot"
    },
    {
        "accountno": "TA-5678333",
        "departmentno": "4",
        "salary": "45678",
        "pincode": "234567",
        "userid": "GXqEbrggaM4KKESnABe4",
        "id": "qEb6oyf5f5CEa6V2Go6f"
    },
    {
        "accountno": "TA-2235521",
        "departmentno": "2",
        "salary": "35623",
        "pincode": "225123",
        "userid": "v6kdE9B6aAKR19zv9io7",
        "id": "L6QX7HKmV6Sz0o6C8Li1"
    },
    {
        "accountno": "TA-5656656",
        "departmentno": "5",
        "salary": "345678",
        "pincode": "999999",
        "userid": "hxe135Zi2Y4u4iyFD97W",
        "id": "Z39I67OEUj8FlaB7tpxt"
    },
    {
        "accountno": "TA-3333333",
        "departmentno": "3",
        "salary": "3",
        "pincode": "333333",
        "userid": "0vNNxaYS7eBg08Y9dFJk",
        "id": "CcOszQydtCIks7gi0XtO"
    },
    {
        "accountno": "TA-0000000",
        "departmentno": "0",
        "salary": "0",
        "pincode": "000000",
        "userid": "gQZ4fqeDFg3Q5GXeyGrY",
        "id": "yslINpQ7Lu3i8xGahhee"
    },
    {
        "accountno": "TA-5678333",
        "departmentno": "4",
        "salary": "45678",
        "pincode": "234567",
        "userid": "taGX4XQQfXD3Z76sI1Xn",
        "id": "aYMuCF0CZqp0RAgOqhR9"
    },
    {
        "accountno": "TA-9678923",
        "departmentno": "3",
        "salary": "23400",
        "pincode": "543005",
        "userid": "HmKUjtJcsDsvODxEmjla",
        "id": "riJ4FPAs1jJt8w0FtOCC"
    },
    {
        "accountno": "TA-1234000",
        "departmentno": "1",
        "salary": "90000",
        "pincode": "987654",
        "userid": "3NFEupEYQGG2EFz1gvBG",
        "id": "hS6dTQ3XFEUHz259dIMB"
    },
    {
        "accountno": "TA-0000072",
        "departmentno": "8",
        "salary": "56000",
        "pincode": "853452",
        "userid": "xlqBI2bMTgs2WYDkMnQo",
        "id": "aP8LgWMxhuGFrUsvwskh"
    },
    {
        "accountno": "TA-tek0909",
        "departmentno": "1",
        "salary": "12345",
        "pincode": "636201",
        "userid": "AmFICKa0MUOyBMIVDhOW",
        "id": "N6lQQbUD24HMS56P6ip5"
    },
    {
        "accountno": "TA-5680117",
        "departmentno": "5",
        "salary": "90700",
        "pincode": "567007",
        "userid": "0M87Gg0ZQtcBm8GaIrHo",
        "id": "QPW1qYQPFJXPnLF7zaWP"
    },
    {
        "accountno": "TA-1100005",
        "departmentno": "2",
        "salary": "70000",
        "pincode": "12110",
        "userid": "3NFEupEYQGG2EFz1gvBG",
        "id": "2vmjtbqpEa09nzJ0JIZ4"
    },
    {
        "accountno": "TA-1111111",
        "departmentno": "1",
        "salary": "1111111",
        "pincode": "111111",
        "userid": "owO6y8MSRjCNvNvfHjPb",
        "id": "3x7uTfSzDp0Ldpa1mvrI"
    },
    {
        "accountno": "TA-1101101",
        "departmentno": "2",
        "salary": "68768",
        "pincode": "123564",
        "userid": "0sXEEwLw5uMWFON9o94n",
        "id": "Y4hV3ZlrSKgGL4fPWxVz"
    },
    {
        "accountno": "TA-0999990",
        "departmentno": "9",
        "salary": "22139999999",
        "pincode": "099990",
        "userid": "epCZKK95v3CdjBuWOzWn",
        "id": "04ZJjqOnLAzb0ziKatLS"
    },
    {
        "accountno": "TA-5678333",
        "departmentno": "4",
        "salary": "45678",
        "pincode": "234567",
        "userid": "GXqEbrggaM4KKESnABe4",
        "id": "53dcAjQ70GroIB8rGa9c"
    },
    {
        "accountno": "TA-Brazill",
        "departmentno": "2",
        "salary": "30000",
        "pincode": "322222",
        "userid": "v4IEGsscftctjnf3W7q0",
        "id": "nGYV67FLFO9y78egzXnD"
    },
    {
        "accountno": "TA-Custard",
        "departmentno": "1",
        "salary": "50000",
        "pincode": "643203",
        "userid": "v4IEGsscftctjnf3W7q0",
        "id": "5bSuYYBYsIkqRZigD68V"
    },
    {
        "accountno": "TA-5656656",
        "departmentno": "5",
        "salary": "345678",
        "pincode": "999999",
        "userid": "hxe135Zi2Y4u4iyFD97W",
        "id": "GYyymMP3g6VhRXefkexo"
    },
    {
        "accountno": "TA-2235521",
        "departmentno": "2",
        "salary": "35623",
        "pincode": "225123",
        "userid": "v6kdE9B6aAKR19zv9io7",
        "id": "qwQlaNJhVdwqVW7ePslL"
    },
    {
        "accountno": "TA-3333333",
        "departmentno": "3",
        "salary": "3",
        "pincode": "333333",
        "userid": "0vNNxaYS7eBg08Y9dFJk",
        "id": "Sy3nXGRGkuK0hDmuHxwL"
    },
    {
        "accountno": "TA-0000000",
        "departmentno": "0",
        "salary": "0",
        "pincode": "000000",
        "userid": "gQZ4fqeDFg3Q5GXeyGrY",
        "id": "HLxDXf6IjUVkQzaW1uFP"
    },
    {
        "accountno": "TA-5678333",
        "departmentno": "4",
        "salary": "45678",
        "pincode": "234567",
        "userid": "taGX4XQQfXD3Z76sI1Xn",
        "id": "fk4VM1qJ0Ph8M6UTGzag"
    },
    {
        "accountno": "TA-1234000",
        "departmentno": "1",
        "salary": "90000",
        "pincode": "987654",
        "userid": "3NFEupEYQGG2EFz1gvBG",
        "id": "5vQGzECwHH85ZNwmIOhv"
    },
    {
        "accountno": "TA-9678923",
        "departmentno": "3",
        "salary": "23400",
        "pincode": "543005",
        "userid": "HmKUjtJcsDsvODxEmjla",
        "id": "5UMK1FR0QBn4rKtq4XZr"
    },
    {
        "accountno": "TA-0000072",
        "departmentno": "8",
        "salary": "56000",
        "pincode": "853452",
        "userid": "xlqBI2bMTgs2WYDkMnQo",
        "id": "NT5Fxd5YOjUvSY19t7Ey"
    },
    {
        "accountno": "TA-tek0909",
        "departmentno": "1",
        "salary": "12345",
        "pincode": "636201",
        "userid": "AmFICKa0MUOyBMIVDhOW",
        "id": "dVpWy1GQHjRVWl6HFQy9"
    },
    {
        "accountno": "TA-5680117",
        "departmentno": "5",
        "salary": "90700",
        "pincode": "567007",
        "userid": "0M87Gg0ZQtcBm8GaIrHo",
        "id": "Fp3bOdcKuMnZP9UV7FHr"
    },
    {
        "accountno": "TA-1100005",
        "departmentno": "2",
        "salary": "70000",
        "pincode": "12110",
        "userid": "3NFEupEYQGG2EFz1gvBG",
        "id": "mZfzcrX3FM0M7yYadDhw"
    },
    {
        "accountno": "TA-1111111",
        "departmentno": "1",
        "salary": "1111111",
        "pincode": "111111",
        "userid": "owO6y8MSRjCNvNvfHjPb",
        "id": "wtKjNuWmMfNluUDF0FHv"
    },
    {
        "accountno": "TA-1101101",
        "departmentno": "2",
        "salary": "68768",
        "pincode": "123564",
        "userid": "0sXEEwLw5uMWFON9o94n",
        "id": "wi03erjf9hRxT5VCElBF"
    },
    {
        "accountno": "TA-0999990",
        "departmentno": "9",
        "salary": "22139999999",
        "pincode": "099990",
        "userid": "epCZKK95v3CdjBuWOzWn",
        "id": "TCk63ocSphQ8dgbB2oSL"
    },
    {
        "accountno": "TA-5678333",
        "departmentno": "4",
        "salary": "45678",
        "pincode": "234567",
        "userid": "GXqEbrggaM4KKESnABe4",
        "id": "01ijwMBXFWKuyMdmrE8Y"
    },
    {
        "accountno": "TA-Custard",
        "departmentno": "1",
        "salary": "50000",
        "pincode": "643203",
        "userid": "v4IEGsscftctjnf3W7q0",
        "id": "QbycQTLMBdF6tbfehA23"
    },
    {
        "accountno": "TA-Brazill",
        "departmentno": "2",
        "salary": "30000",
        "pincode": "322222",
        "userid": "v4IEGsscftctjnf3W7q0",
        "id": "3fT15SJoZp2l8f56gp4L"
    },
    {
        "accountno": "TA-2235521",
        "departmentno": "2",
        "salary": "35623",
        "pincode": "225123",
        "userid": "v6kdE9B6aAKR19zv9io7",
        "id": "LJyNmaBksF4jsNKglHxy"
    },
    {
        "accountno": "TA-5656656",
        "departmentno": "5",
        "salary": "345678",
        "pincode": "999999",
        "userid": "hxe135Zi2Y4u4iyFD97W",
        "id": "GmLidYtqYDUwbI5I7iiu"
    },
    {
        "accountno": "TA-3333333",
        "departmentno": "3",
        "salary": "3",
        "pincode": "333333",
        "userid": "0vNNxaYS7eBg08Y9dFJk",
        "id": "52prI3vQDqBSdRTPTPfE"
    },
    {
        "accountno": "TA-0000000",
        "departmentno": "0",
        "salary": "0",
        "pincode": "000000",
        "userid": "gQZ4fqeDFg3Q5GXeyGrY",
        "id": "05b0D43vUGWV6uhDLSJW"
    },
    {
        "accountno": "TA-5678333",
        "departmentno": "4",
        "salary": "45678",
        "pincode": "234567",
        "userid": "taGX4XQQfXD3Z76sI1Xn",
        "id": "TPbMrTwLoy93AsR4PW2E"
    },
    {
        "accountno": "TA-9678923",
        "departmentno": "3",
        "salary": "23400",
        "pincode": "543005",
        "userid": "HmKUjtJcsDsvODxEmjla",
        "id": "A1v0J1KTstT62Ws4F7lM"
    },
    {
        "accountno": "TA-1234000",
        "departmentno": "1",
        "salary": "90000",
        "pincode": "987654",
        "userid": "3NFEupEYQGG2EFz1gvBG",
        "id": "K3qyP8uRWAnoj4xhqgkt"
    },
    {
        "accountno": "TA-0000072",
        "departmentno": "8",
        "salary": "56000",
        "pincode": "853452",
        "userid": "xlqBI2bMTgs2WYDkMnQo",
        "id": "9S9CBXMLudDRkoXzp6en"
    },
    {
        "accountno": "TA-1101101",
        "departmentno": "2",
        "salary": "68768",
        "pincode": "123564",
        "userid": "0sXEEwLw5uMWFON9o94n",
        "id": "oOMnAcHoFleOqdYH8R30"
    },
    {
        "accountno": "TA-tek0909",
        "departmentno": "1",
        "salary": "12345",
        "pincode": "636201",
        "userid": "AmFICKa0MUOyBMIVDhOW",
        "id": "BAlBR1HozIr9wjdv1xtv"
    },
    {
        "accountno": "TA-1100005",
        "departmentno": "2",
        "salary": "70000",
        "pincode": "12110",
        "userid": "3NFEupEYQGG2EFz1gvBG",
        "id": "LSDqHqH0aYl04J7PEyHr"
    },
    {
        "accountno": "TA-1111111",
        "departmentno": "1",
        "salary": "1111111",
        "pincode": "111111",
        "userid": "owO6y8MSRjCNvNvfHjPb",
        "id": "zs5lsJRQAO8ni73q3qkR"
    },
    {
        "accountno": "TA-5680117",
        "departmentno": "5",
        "salary": "90700",
        "pincode": "567007",
        "userid": "0M87Gg0ZQtcBm8GaIrHo",
        "id": "ojEac3hURuVpv4NCn7Z4"
    },
    {
        "accountno": "TA-0999990",
        "departmentno": "9",
        "salary": "22139999999",
        "pincode": "099990",
        "userid": "epCZKK95v3CdjBuWOzWn",
        "id": "4dsGFDMfgkXrOJXhzx8d"
    },
    {
        "accountno": "TA-Brazill",
        "departmentno": "2",
        "salary": "30000",
        "pincode": "322222",
        "userid": "v4IEGsscftctjnf3W7q0",
        "id": "ktt9PcbyDGlqMd2XLEnQ"
    },
    {
        "accountno": "TA-5678333",
        "departmentno": "4",
        "salary": "45678",
        "pincode": "234567",
        "userid": "GXqEbrggaM4KKESnABe4",
        "id": "3226oJZwd2gI1KgjYKDH"
    },
    {
        "accountno": "TA-Custard",
        "departmentno": "1",
        "salary": "50000",
        "pincode": "643203",
        "userid": "v4IEGsscftctjnf3W7q0",
        "id": "vGUF8yIUy5PaFoVlLnbu"
    },
    {
        "accountno": "TA-5656656",
        "departmentno": "5",
        "salary": "345678",
        "pincode": "999999",
        "userid": "hxe135Zi2Y4u4iyFD97W",
        "id": "UTeUUnxzX9D36T90ft2J"
    },
    {
        "accountno": "TA-2235521",
        "departmentno": "2",
        "salary": "35623",
        "pincode": "225123",
        "userid": "v6kdE9B6aAKR19zv9io7",
        "id": "nFZbBBVUGbpc7WP6POFQ"
    },
    {
        "accountno": "TA-3333333",
        "departmentno": "3",
        "salary": "3",
        "pincode": "333333",
        "userid": "0vNNxaYS7eBg08Y9dFJk",
        "id": "OwDK7SwefZn7Y0syq4cA"
    },
    {
        "accountno": "TA-0000000",
        "departmentno": "0",
        "salary": "0",
        "pincode": "000000",
        "userid": "gQZ4fqeDFg3Q5GXeyGrY",
        "id": "72jiSaU1KKdlRtF9ZLPA"
    },
    {
        "accountno": "TA-7464783",
        "departmentno": "4",
        "salary": "948373",
        "pincode": "560056",
        "userid": "7al5fs1jP8KG3vpCBpvS",
        "id": "eEWxcvNSsNJUAva63iSh"
    },
    {
        "accountno": "TA-5678333",
        "departmentno": "4",
        "salary": "45678",
        "pincode": "234567",
        "userid": "taGX4XQQfXD3Z76sI1Xn",
        "id": "UPUuimCGSgfUgiukT8sz"
    },
    {
        "accountno": "TA-9678923",
        "departmentno": "3",
        "salary": "23400",
        "pincode": "543005",
        "userid": "HmKUjtJcsDsvODxEmjla",
        "id": "lmm8Y5LmD70pynJLc6zB"
    },
    {
        "accountno": "TA-1234000",
        "departmentno": "1",
        "salary": "90000",
        "pincode": "987654",
        "userid": "3NFEupEYQGG2EFz1gvBG",
        "id": "OW1E87xllbjl2HtC0eZT"
    },
    {
        "accountno": "TA-0000072",
        "departmentno": "8",
        "salary": "56000",
        "pincode": "853452",
        "userid": "xlqBI2bMTgs2WYDkMnQo",
        "id": "kvE7Ft6ploCwiNN27BEv"
    },
    {
        "accountno": "TA-1111111",
        "departmentno": "1",
        "salary": "1111111",
        "pincode": "111111",
        "userid": "owO6y8MSRjCNvNvfHjPb",
        "id": "F8zokRN5oH1LNS6tfJIh"
    },
    {
        "accountno": "TA-tek0909",
        "departmentno": "1",
        "salary": "12345",
        "pincode": "636201",
        "userid": "AmFICKa0MUOyBMIVDhOW",
        "id": "ZqC61dopOd711QPJloGm"
    },
    {
        "accountno": "TA-1101101",
        "departmentno": "2",
        "salary": "68768",
        "pincode": "123564",
        "userid": "0sXEEwLw5uMWFON9o94n",
        "id": "vywpNqIZYZyAUtfaP37A"
    },
    {
        "accountno": "TA-5680117",
        "departmentno": "5",
        "salary": "90700",
        "pincode": "567007",
        "userid": "0M87Gg0ZQtcBm8GaIrHo",
        "id": "J2U1EP20M8I3aHCyPbuk"
    },
    {
        "accountno": "TA-1100005",
        "departmentno": "2",
        "salary": "70000",
        "pincode": "12110",
        "userid": "3NFEupEYQGG2EFz1gvBG",
        "id": "fGIIC7exO7RisZzVj1JL"
    },
    {
        "accountno": "TA-0999990",
        "departmentno": "9",
        "salary": "22139999999",
        "pincode": "099990",
        "userid": "epCZKK95v3CdjBuWOzWn",
        "id": "r3sQDX4txxKBwAYeQFed"
    },
    {
        "accountno": "TA-5678333",
        "departmentno": "4",
        "salary": "45678",
        "pincode": "234567",
        "userid": "GXqEbrggaM4KKESnABe4",
        "id": "KVdIotjhP35ulzydntTx"
    },
    {
        "accountno": "TA-Custard",
        "departmentno": "1",
        "salary": "50000",
        "pincode": "643203",
        "userid": "v4IEGsscftctjnf3W7q0",
        "id": "YpXINi9g0GDeZTbeCj0K"
    },
    {
        "accountno": "TA-Brazill",
        "departmentno": "2",
        "salary": "30000",
        "pincode": "322222",
        "userid": "v4IEGsscftctjnf3W7q0",
        "id": "nQ0EhjwMcsxYDOOWFV4H"
    },
    {
        "accountno": "TA-5103263",
        "departmentno": "1",
        "salary": "745635",
        "pincode": "567983",
        "userid": "rSuGq85ri3pHU3iEDqyl",
        "id": "poRnJNjvTHXbOv6uQHba"
    },
    {
        "accountno": "TA-8989888",
        "departmentno": "6",
        "salary": "30000",
        "pincode": "400905",
        "userid": "qukNrE6oXWZYEhDpL71e",
        "id": "kasoxCF9Vr5cejBceA5j"
    },
    {
        "accountno": "TA-2235521",
        "departmentno": "2",
        "salary": "35623",
        "pincode": "225123",
        "userid": "v6kdE9B6aAKR19zv9io7",
        "id": "f8AqHPzjuBYylh1R83i4"
    },
    {
        "accountno": "TA-5656656",
        "departmentno": "5",
        "salary": "345678",
        "pincode": "999999",
        "userid": "hxe135Zi2Y4u4iyFD97W",
        "id": "4lJGvUg1OGaDcWtKqdc7"
    },
    {
        "accountno": "TA-3333333",
        "departmentno": "3",
        "salary": "3",
        "pincode": "333333",
        "userid": "0vNNxaYS7eBg08Y9dFJk",
        "id": "w6eEH8HlUzFDZifZF8i8"
    },
    {
        "accountno": "TA-0000000",
        "departmentno": "0",
        "salary": "0",
        "pincode": "000000",
        "userid": "gQZ4fqeDFg3Q5GXeyGrY",
        "id": "hIJ5CIrzQSRQkQ23hQvJ"
    },
    {
        "accountno": "TA-5678333",
        "departmentno": "4",
        "salary": "45678",
        "pincode": "234567",
        "userid": "taGX4XQQfXD3Z76sI1Xn",
        "id": "HeYpvGWj8d3pqJqdumG9"
    },
    {
        "accountno": "TA-9678923",
        "departmentno": "3",
        "salary": "23400",
        "pincode": "543005",
        "userid": "HmKUjtJcsDsvODxEmjla",
        "id": "k0sAzJs7CAzd9OMcgyFh"
    },
    {
        "accountno": "TA-1234000",
        "departmentno": "1",
        "salary": "90000",
        "pincode": "987654",
        "userid": "3NFEupEYQGG2EFz1gvBG",
        "id": "2XhLCOWqcawedhwsSyyX"
    },
    {
        "accountno": "TA-0000072",
        "departmentno": "8",
        "salary": "56000",
        "pincode": "853452",
        "userid": "xlqBI2bMTgs2WYDkMnQo",
        "id": "ullzmPtZ97q9Kodyk3pH"
    },
    {
        "accountno": "TA-9824935",
        "departmentno": "1",
        "salary": "765263",
        "pincode": "237745",
        "userid": "hfZwzaNysf1hW8zmc9Zt",
        "id": "nX496IqaL9G4X4MJyXYa"
    },
    {
        "accountno": "TA-1100005",
        "departmentno": "2",
        "salary": "70000",
        "pincode": "12110",
        "userid": "3NFEupEYQGG2EFz1gvBG",
        "id": "ElmIGMK9ofwxkYBWp1NE"
    },
    {
        "accountno": "TA-1111111",
        "departmentno": "1",
        "salary": "1111111",
        "pincode": "111111",
        "userid": "owO6y8MSRjCNvNvfHjPb",
        "id": "odnlfI4DzkJD74VSmhwy"
    },
    {
        "accountno": "TA-tek0909",
        "departmentno": "1",
        "salary": "12345",
        "pincode": "636201",
        "userid": "AmFICKa0MUOyBMIVDhOW",
        "id": "tcOCgeSP1GEMOF2SvYF1"
    },
    {
        "accountno": "TA-1101101",
        "departmentno": "2",
        "salary": "68768",
        "pincode": "123564",
        "userid": "0sXEEwLw5uMWFON9o94n",
        "id": "tEPmUdctj9Q9YOgsjr3G"
    },
    {
        "accountno": "TA-0999990",
        "departmentno": "9",
        "salary": "22139999999",
        "pincode": "099990",
        "userid": "epCZKK95v3CdjBuWOzWn",
        "id": "KDl4IubcrMuYXE2g9REq"
    },
    {
        "accountno": "TA-4567890",
        "departmentno": "6",
        "salary": "4536",
        "pincode": "234567",
        "userid": "rtRtK0JiUnvzAOUkys0z",
        "id": "qNk08LD4FzDDS4yQxPj9"
    },
    {
        "accountno": "TA-Brazill",
        "departmentno": "2",
        "salary": "30000",
        "pincode": "322222",
        "userid": "v4IEGsscftctjnf3W7q0",
        "id": "f53cXVXmlpMszUJd9cEV"
    },
    {
        "accountno": "TA-5678333",
        "departmentno": "4",
        "salary": "45678",
        "pincode": "234567",
        "userid": "GXqEbrggaM4KKESnABe4",
        "id": "hryxWjW0HLMzfoMlgSA9"
    },
    {
        "accountno": "TA-Custard",
        "departmentno": "1",
        "salary": "50000",
        "pincode": "643203",
        "userid": "v4IEGsscftctjnf3W7q0",
        "id": "45fvg6BjFUszV4rIDE3c"
    },
    {
        "accountno": "TA-5656656",
        "departmentno": "5",
        "salary": "345678",
        "pincode": "999999",
        "userid": "hxe135Zi2Y4u4iyFD97W",
        "id": "0UnKLscKSKxhY5uiKAAy"
    },
    {
        "accountno": "TA-2235521",
        "departmentno": "2",
        "salary": "35623",
        "pincode": "225123",
        "userid": "v6kdE9B6aAKR19zv9io7",
        "id": "ieqKCd6ll6zuZi6HYfto"
    },
    {
        "accountno": "TA-3333333",
        "departmentno": "3",
        "salary": "3",
        "pincode": "333333",
        "userid": "0vNNxaYS7eBg08Y9dFJk",
        "id": "9QvnQcabgwNkBVwvr2Um"
    },
    {
        "accountno": "TA-0000000",
        "departmentno": "0",
        "salary": "0",
        "pincode": "000000",
        "userid": "gQZ4fqeDFg3Q5GXeyGrY",
        "id": "LVHXTqnbbBdJFh5vQ4te"
    },
    {
        "accountno": "TA-5678333",
        "departmentno": "4",
        "salary": "45678",
        "pincode": "234567",
        "userid": "taGX4XQQfXD3Z76sI1Xn",
        "id": "E8t0RWZWxoc2rSEnZQ9x"
    },
    {
        "accountno": "TA-1234000",
        "departmentno": "1",
        "salary": "90000",
        "pincode": "987654",
        "userid": "3NFEupEYQGG2EFz1gvBG",
        "id": "UUeN5gPy5P5AcbdnQ0VY"
    },
    {
        "accountno": "TA-9678923",
        "departmentno": "3",
        "salary": "23400",
        "pincode": "543005",
        "userid": "HmKUjtJcsDsvODxEmjla",
        "id": "PcIRXMcVWx23ZD4g3D1C"
    },
    {
        "accountno": "TA-0000072",
        "departmentno": "8",
        "salary": "56000",
        "pincode": "853452",
        "userid": "xlqBI2bMTgs2WYDkMnQo",
        "id": "NPArfohPcLXwyTTV8iS9"
    },
    {
        "accountno": "TA-1100005",
        "departmentno": "2",
        "salary": "70000",
        "pincode": "12110",
        "userid": "3NFEupEYQGG2EFz1gvBG",
        "id": "boCesyOiRX3nEcqerRMm"
    },
    {
        "accountno": "TA-tek0909",
        "departmentno": "1",
        "salary": "12345",
        "pincode": "636201",
        "userid": "AmFICKa0MUOyBMIVDhOW",
        "id": "I10fvUlEw743VPPMUCMk"
    },
    {
        "accountno": "TA-1101101",
        "departmentno": "2",
        "salary": "68768",
        "pincode": "123564",
        "userid": "0sXEEwLw5uMWFON9o94n",
        "id": "nyxxaey5SsrcbOOYeUSD"
    },
    {
        "accountno": "TA-1111111",
        "departmentno": "1",
        "salary": "1111111",
        "pincode": "111111",
        "userid": "owO6y8MSRjCNvNvfHjPb",
        "id": "wT4HOoh9wSLMKIy1ZB0n"
    },
    {
        "accountno": "TA-0999990",
        "departmentno": "9",
        "salary": "22139999999",
        "pincode": "099990",
        "userid": "epCZKK95v3CdjBuWOzWn",
        "id": "uuKbAdC71sI5Tc6GhmOK"
    },
    {
        "accountno": "TA-Brazill",
        "departmentno": "2",
        "salary": "30000",
        "pincode": "322222",
        "userid": "v4IEGsscftctjnf3W7q0",
        "id": "6YNkSryJ9hkOhq6Ggx5u"
    },
    {
        "accountno": "TA-Custard",
        "departmentno": "1",
        "salary": "50000",
        "pincode": "643203",
        "userid": "v4IEGsscftctjnf3W7q0",
        "id": "3p80ahB5eM7mTiCkPCvF"
    },
    {
        "accountno": "TA-5678333",
        "departmentno": "4",
        "salary": "45678",
        "pincode": "234567",
        "userid": "GXqEbrggaM4KKESnABe4",
        "id": "nA2QxvHeGYS0KFsFE301"
    },
    {
        "accountno": "TA-5656656",
        "departmentno": "5",
        "salary": "345678",
        "pincode": "999999",
        "userid": "hxe135Zi2Y4u4iyFD97W",
        "id": "83zW2ijNE06gBrCj2cEB"
    },
    {
        "accountno": "TA-2235521",
        "departmentno": "2",
        "salary": "35623",
        "pincode": "225123",
        "userid": "v6kdE9B6aAKR19zv9io7",
        "id": "61PAyzSK4gIZO9DepFtS"
    },
    {
        "accountno": "TA-1111111",
        "departmentno": "1",
        "salary": "40000",
        "pincode": "123456",
        "userid": "vAAqN9fUcxYvgeJkx2wH",
        "id": "ngQ7kKfO6z827oU16LAl"
    },
    {
        "accountno": "TA-3333333",
        "departmentno": "3",
        "salary": "3",
        "pincode": "333333",
        "userid": "0vNNxaYS7eBg08Y9dFJk",
        "id": "Ggy0XPFHwIvUc4dfmD8g"
    },
    {
        "accountno": "TA-0000000",
        "departmentno": "0",
        "salary": "0",
        "pincode": "000000",
        "userid": "gQZ4fqeDFg3Q5GXeyGrY",
        "id": "qeNB2RhXN3wjo6c4XIaa"
    },
    {
        "accountno": "TA-1222001",
        "departmentno": "7",
        "salary": "81000",
        "pincode": "111003",
        "userid": "aswoxb8WWmJSI8oHNSDc",
        "id": "r62i3b8Pj6ByNX2tXxxb"
    },
    {
        "accountno": "TA-5678333",
        "departmentno": "4",
        "salary": "45678",
        "pincode": "234567",
        "userid": "taGX4XQQfXD3Z76sI1Xn",
        "id": "RaApIvLZwHNFVij8rSJN"
    },
    {
        "accountno": "TA-1234000",
        "departmentno": "1",
        "salary": "90000",
        "pincode": "987654",
        "userid": "3NFEupEYQGG2EFz1gvBG",
        "id": "XMik744nWXhsWd3bviJ9"
    },
    {
        "accountno": "TA-9678923",
        "departmentno": "3",
        "salary": "23400",
        "pincode": "543005",
        "userid": "HmKUjtJcsDsvODxEmjla",
        "id": "exjQHyeL9Hi1ilBo8nDk"
    },
    {
        "accountno": "TA-0000072",
        "departmentno": "8",
        "salary": "56000",
        "pincode": "853452",
        "userid": "xlqBI2bMTgs2WYDkMnQo",
        "id": "WBmbOzroQ7QnO6uuF7QU"
    },
    {
        "accountno": "TA-1100005",
        "departmentno": "2",
        "salary": "70000",
        "pincode": "12110",
        "userid": "3NFEupEYQGG2EFz1gvBG",
        "id": "obdvHmM0youdgkVQvKKE"
    },
    {
        "accountno": "TA-1101101",
        "departmentno": "2",
        "salary": "68768",
        "pincode": "123564",
        "userid": "0sXEEwLw5uMWFON9o94n",
        "id": "BtoUY1Nc73M5uJPLfDcH"
    },
    {
        "accountno": "TA-1111111",
        "departmentno": "1",
        "salary": "1111111",
        "pincode": "111111",
        "userid": "owO6y8MSRjCNvNvfHjPb",
        "id": "NynRJ7mJ5AGQtZ5VRbkB"
    },
    {
        "accountno": "TA-5680117",
        "departmentno": "5",
        "salary": "90700",
        "pincode": "567007",
        "userid": "0M87Gg0ZQtcBm8GaIrHo",
        "id": "4lGfNzxTrteqTSIkOnDh"
    },
    {
        "accountno": "TA-tek0909",
        "departmentno": "1",
        "salary": "12345",
        "pincode": "636201",
        "userid": "AmFICKa0MUOyBMIVDhOW",
        "id": "cMYCvbXVyVsECWa8vmE6"
    },
    {
        "accountno": "TA-0999990",
        "departmentno": "9",
        "salary": "22139999999",
        "pincode": "099990",
        "userid": "epCZKK95v3CdjBuWOzWn",
        "id": "k6uptRyMWowkzWdqahEq"
    },
    {
        "accountno": "TA-Brazill",
        "departmentno": "2",
        "salary": "30000",
        "pincode": "322222",
        "userid": "v4IEGsscftctjnf3W7q0",
        "id": "cEph8fQuknOZL0KIkEvU"
    },
    {
        "accountno": "TA-5678333",
        "departmentno": "4",
        "salary": "45678",
        "pincode": "234567",
        "userid": "GXqEbrggaM4KKESnABe4",
        "id": "qZc6henAt0ExHuaGLXab"
    },
    {
        "accountno": "TA-Custard",
        "departmentno": "1",
        "salary": "50000",
        "pincode": "643203",
        "userid": "v4IEGsscftctjnf3W7q0",
        "id": "NO0IhsNHl7Rhe8BlBo2X"
    },
    {
        "accountno": "TA-sdfsfsi",
        "departmentno": "4",
        "salary": "34",
        "pincode": "123450",
        "userid": "V1L8HkzwfCUtITujtlBt",
        "id": "WNB5VFS70X78CEj0zFji"
    },
    {
        "accountno": "TA-sdfsfsd",
        "departmentno": "4",
        "salary": "34",
        "pincode": "123456",
        "userid": "V1L8HkzwfCUtITujtlBt",
        "id": "e4dxhnw7ccFybBOJge9I"
    },
    {
        "accountno": "TA-5656656",
        "departmentno": "5",
        "salary": "345678",
        "pincode": "999999",
        "userid": "hxe135Zi2Y4u4iyFD97W",
        "id": "LlGKBNrCTrSQPbzBOqWW"
    },
    {
        "accountno": "TA-2235521",
        "departmentno": "2",
        "salary": "35623",
        "pincode": "225123",
        "userid": "v6kdE9B6aAKR19zv9io7",
        "id": "bbVovm5IB0wRk2I43CdX"
    },
    {
        "accountno": "TA-1111111",
        "departmentno": "1",
        "salary": "40000",
        "pincode": "123456",
        "userid": "vAAqN9fUcxYvgeJkx2wH",
        "id": "3v4QvkH44jfMo0l24Mmz"
    },
    {
        "accountno": "TA-3333333",
        "departmentno": "3",
        "salary": "3",
        "pincode": "333333",
        "userid": "0vNNxaYS7eBg08Y9dFJk",
        "id": "jRcIzw5MM7XAgD4QgYdv"
    },
    {
        "accountno": "TA-0000000",
        "departmentno": "0",
        "salary": "0",
        "pincode": "000000",
        "userid": "gQZ4fqeDFg3Q5GXeyGrY",
        "id": "shLs44awgyTm50uY3Lwg"
    },
    {
        "accountno": "TA-19258274",
        "departmentno": "8",
        "salary": "234556755",
        "pincode": "600008",
        "userid": "qmvMk5bbkFZpXoBh3Ea6",
        "id": "NjLyWHGiDvKAAaASUEKU"
    },
    {
        "accountno": "TA-5678333",
        "departmentno": "4",
        "salary": "45678",
        "pincode": "234567",
        "userid": "taGX4XQQfXD3Z76sI1Xn",
        "id": "QFGDrmtaSVZTxNqdT9Um"
    },
    {
        "accountno": "TA-9678923",
        "departmentno": "3",
        "salary": "23400",
        "pincode": "543005",
        "userid": "HmKUjtJcsDsvODxEmjla",
        "id": "xEkdehUZSICRpUz7h9j1"
    },
    {
        "accountno": "TA-1234000",
        "departmentno": "1",
        "salary": "90000",
        "pincode": "987654",
        "userid": "3NFEupEYQGG2EFz1gvBG",
        "id": "UjGCRS1loBRQPVtzWm0n"
    },
    {
        "accountno": "TA-0000072",
        "departmentno": "8",
        "salary": "56000",
        "pincode": "853452",
        "userid": "xlqBI2bMTgs2WYDkMnQo",
        "id": "eowYVlHJdV6uwD7UkKVP"
    },
    {
        "accountno": "TA-5680117",
        "departmentno": "5",
        "salary": "90700",
        "pincode": "567007",
        "userid": "0M87Gg0ZQtcBm8GaIrHo",
        "id": "jOMPDOgRwh9LdwBrht7U"
    },
    {
        "accountno": "TA-1100005",
        "departmentno": "2",
        "salary": "70000",
        "pincode": "12110",
        "userid": "3NFEupEYQGG2EFz1gvBG",
        "id": "5cQO6AS463yjKjpn2MEf"
    },
    {
        "accountno": "TA-1101101",
        "departmentno": "2",
        "salary": "68768",
        "pincode": "123564",
        "userid": "0sXEEwLw5uMWFON9o94n",
        "id": "Qo87oOt3Wz4XAlanCB4z"
    },
    {
        "accountno": "TA-1111111",
        "departmentno": "1",
        "salary": "1111111",
        "pincode": "111111",
        "userid": "owO6y8MSRjCNvNvfHjPb",
        "id": "JjmBk8ncIh7UhY33lYeC"
    },
    {
        "accountno": "TA-tek0909",
        "departmentno": "1",
        "salary": "12345",
        "pincode": "636201",
        "userid": "AmFICKa0MUOyBMIVDhOW",
        "id": "arCeZgBoiSRNoQVzFPKZ"
    },
    {
        "accountno": "TA-0999990",
        "departmentno": "9",
        "salary": "22139999999",
        "pincode": "099990",
        "userid": "epCZKK95v3CdjBuWOzWn",
        "id": "NR9hnz3JZ0KDsTQ4uyP9"
    },
    {
        "accountno": "TA-Brazill",
        "departmentno": "2",
        "salary": "30000",
        "pincode": "322222",
        "userid": "v4IEGsscftctjnf3W7q0",
        "id": "JJIC4Lj387h6lPtVOd72"
    },
    {
        "accountno": "TA-5678333",
        "departmentno": "4",
        "salary": "45678",
        "pincode": "234567",
        "userid": "GXqEbrggaM4KKESnABe4",
        "id": "8f0QHG4dNPQniaSOKHWD"
    },
    {
        "accountno": "TA-Custard",
        "departmentno": "1",
        "salary": "50000",
        "pincode": "643203",
        "userid": "v4IEGsscftctjnf3W7q0",
        "id": "oF3LlROmQzdQIiyKplM7"
    },
    {
        "accountno": "TA-2235521",
        "departmentno": "2",
        "salary": "35623",
        "pincode": "225123",
        "userid": "v6kdE9B6aAKR19zv9io7",
        "id": "NjWi6vmMpVq5715OVW3c"
    },
    {
        "accountno": "TA-1111111",
        "departmentno": "1",
        "salary": "40000",
        "pincode": "123456",
        "userid": "vAAqN9fUcxYvgeJkx2wH",
        "id": "DciaTaent6yHoSpZIebq"
    },
    {
        "accountno": "TA-5656656",
        "departmentno": "5",
        "salary": "345678",
        "pincode": "999999",
        "userid": "hxe135Zi2Y4u4iyFD97W",
        "id": "fbGNyxGRDjnLIAAdj6ic"
    },
    {
        "accountno": "TA-7871673",
        "departmentno": "2",
        "salary": "148890",
        "pincode": "56929-6100",
        "userid": "iEvW6f6Tepjk56f5WRJd",
        "id": "zqAw6n61gbxFeEOxmqnq"
    },
    {
        "accountno": "TA-3137139",
        "departmentno": "4",
        "salary": "98403",
        "pincode": "73455",
        "userid": "iEvW6f6Tepjk56f5WRJd",
        "id": "WjHs31qVLjNDToR5JcNl"
    },
    {
        "accountno": "TA-0221562",
        "departmentno": "5",
        "salary": "469309",
        "pincode": "09021",
        "userid": "iEvW6f6Tepjk56f5WRJd",
        "id": "woBL8XIVSSlhDN6ELums"
    },
    {
        "accountno": "TA-6813268",
        "departmentno": "8",
        "salary": "285163",
        "pincode": "77275",
        "userid": "iEvW6f6Tepjk56f5WRJd",
        "id": "FecmNrdEmYgOz57tKPbl"
    },
    {
        "accountno": "TA-3333333",
        "departmentno": "3",
        "salary": "3",
        "pincode": "333333",
        "userid": "0vNNxaYS7eBg08Y9dFJk",
        "id": "9KQGtzYnjV7Di5A4eIgI"
    },
    {
        "accountno": "TA-4775184",
        "departmentno": "8",
        "salary": "134609",
        "pincode": "39958-7798",
        "userid": "iEvW6f6Tepjk56f5WRJd",
        "id": "yWMEeknb9AAUbAH5yTuc"
    },
    {
        "accountno": "TA-6809603",
        "departmentno": "4",
        "salary": "141647",
        "pincode": "05804-9109",
        "userid": "iEvW6f6Tepjk56f5WRJd",
        "id": "HZZnfByP6C7bNYW63c7E"
    },
    {
        "accountno": "TA-7369795",
        "departmentno": "5",
        "salary": "322388",
        "pincode": "20519",
        "userid": "iEvW6f6Tepjk56f5WRJd",
        "id": "XfFcMG3cmIGaFZbtUttX"
    },
    {
        "accountno": "TA-0000000",
        "departmentno": "0",
        "salary": "0",
        "pincode": "000000",
        "userid": "gQZ4fqeDFg3Q5GXeyGrY",
        "id": "YP6Df8bZ5GMTSgyOAwF9"
    },
    {
        "accountno": "TA-5161283",
        "departmentno": "7",
        "salary": "365931",
        "pincode": "89636-0565",
        "userid": "iEvW6f6Tepjk56f5WRJd",
        "id": "OopqsVCCX9B6aZqB1Cy7"
    },
    {
        "accountno": "TA-3726009",
        "departmentno": "3",
        "salary": "431407",
        "pincode": "90149-9316",
        "userid": "iEvW6f6Tepjk56f5WRJd",
        "id": "Gi4B5ZpeX1tjSqQBCgvJ"
    },
    {
        "accountno": "TA-19258274",
        "departmentno": "8",
        "salary": "234556755",
        "pincode": "600008",
        "userid": "qmvMk5bbkFZpXoBh3Ea6",
        "id": "lhXj8wZR66SCGZDKIEgx"
    },
    {
        "accountno": "TA-3345266",
        "departmentno": "3",
        "salary": "77474",
        "pincode": "63192",
        "userid": "iEvW6f6Tepjk56f5WRJd",
        "id": "iFStnLDeijT8lky9jeIQ"
    },
    {
        "accountno": "TA-6336058",
        "departmentno": "5",
        "salary": "341401",
        "pincode": "42153",
        "userid": "iEvW6f6Tepjk56f5WRJd",
        "id": "1RP4Ct2AcSR8oducpcky"
    },
    {
        "accountno": "TA-19258274",
        "departmentno": "8",
        "salary": "234556755",
        "pincode": "600008",
        "userid": "qmvMk5bbkFZpXoBh3Ea6",
        "id": "aHCStg9CzID6mHWl3u9m"
    },
    {
        "accountno": "TA-0745714",
        "departmentno": "6",
        "salary": "87172",
        "pincode": "40985-9054",
        "userid": "iEvW6f6Tepjk56f5WRJd",
        "id": "xNeVpeMCt7pzIknLgUnM"
    },
    {
        "accountno": "TA-5678333",
        "departmentno": "4",
        "salary": "45678",
        "pincode": "234567",
        "userid": "taGX4XQQfXD3Z76sI1Xn",
        "id": "ToLbbXUqyShGIHKucboX"
    },
    {
        "accountno": "TA-9678923",
        "departmentno": "3",
        "salary": "23400",
        "pincode": "543005",
        "userid": "HmKUjtJcsDsvODxEmjla",
        "id": "Ce6WD4EYbPlN7Dc2gBPD"
    },
    {
        "accountno": "TA-1234000",
        "departmentno": "1",
        "salary": "90000",
        "pincode": "987654",
        "userid": "3NFEupEYQGG2EFz1gvBG",
        "id": "ldE5GSnqAlVWyBMkjUG9"
    },
    {
        "accountno": "TA-9898989",
        "departmentno": "8",
        "salary": "989787897",
        "pincode": "876543",
        "userid": "zmzWmdqNc6HoVvWtNOpL",
        "id": "Xqs72JVfueJwZPjt3VJ6"
    },
    {
        "accountno": "TA-6789098",
        "departmentno": "5",
        "salary": "89877655",
        "pincode": "987754",
        "userid": "zmzWmdqNc6HoVvWtNOpL",
        "id": "9jfSjFfFR2TiJBKxv9lQ"
    },
    {
        "accountno": "TA-9988997",
        "departmentno": "2",
        "salary": "233243434",
        "pincode": "234343",
        "userid": "zmzWmdqNc6HoVvWtNOpL",
        "id": "aKApbmCreHD4UjmAbPaH"
    },
    {
        "accountno": "TA-19258274",
        "departmentno": "8",
        "salary": "234556755",
        "pincode": "600008",
        "userid": "qmvMk5bbkFZpXoBh3Ea6",
        "id": "sB7kcy539hjWw01MHSi2"
    },
    {
        "accountno": "TA-0000072",
        "departmentno": "8",
        "salary": "56000",
        "pincode": "853452",
        "userid": "xlqBI2bMTgs2WYDkMnQo",
        "id": "UAbNUHK5bWEI0zGFfWMM"
    },
    {
        "accountno": "TA-1123423",
        "departmentno": "7",
        "salary": "54653",
        "pincode": "254037",
        "userid": "WocHzcW4PZXLgmS6NBQd",
        "id": "viETUrHkLLhH3ts2Yaej"
    },
    {
        "accountno": "TA-1100005",
        "departmentno": "2",
        "salary": "70000",
        "pincode": "12110",
        "userid": "3NFEupEYQGG2EFz1gvBG",
        "id": "4UG8QGBL6b0KgriM6muX"
    },
    {
        "accountno": "TA-1101101",
        "departmentno": "2",
        "salary": "68768",
        "pincode": "123564",
        "userid": "0sXEEwLw5uMWFON9o94n",
        "id": "4KF1LP8V4tsq3Acy2N7Q"
    },
    {
        "accountno": "TA-tek0909",
        "departmentno": "1",
        "salary": "12345",
        "pincode": "636201",
        "userid": "AmFICKa0MUOyBMIVDhOW",
        "id": "j6EFnbs6pDvQ7YiIX0es"
    },
    {
        "accountno": "TA-5680117",
        "departmentno": "5",
        "salary": "90700",
        "pincode": "567007",
        "userid": "0M87Gg0ZQtcBm8GaIrHo",
        "id": "xPqqdfe30YX4CARZbnNM"
    },
    {
        "accountno": "TA-1111111",
        "departmentno": "1",
        "salary": "1111111",
        "pincode": "111111",
        "userid": "owO6y8MSRjCNvNvfHjPb",
        "id": "a626YbY8F3KZlSUKQiUl"
    },
    {
        "accountno": "TA-0999990",
        "departmentno": "9",
        "salary": "22139999999",
        "pincode": "099990",
        "userid": "epCZKK95v3CdjBuWOzWn",
        "id": "mIfijoAWlN1xWFCFuZog"
    },
    {
        "accountno": "TA-5186697",
        "departmentno": "8",
        "salary": "191582",
        "pincode": "44076",
        "userid": "iEvW6f6Tepjk56f5WRJd",
        "id": "TJCdcs52LJ6S4sTGIntV"
    },
    {
        "accountno": "TA-1949456",
        "departmentno": "7",
        "salary": "208557",
        "pincode": "73585",
        "userid": "iEvW6f6Tepjk56f5WRJd",
        "id": "ORkndod7X8bnDohLfuAa"
    },
    {
        "accountno": "TA-3778034",
        "departmentno": "8",
        "salary": "438909",
        "pincode": "74724-3771",
        "userid": "iEvW6f6Tepjk56f5WRJd",
        "id": "VkPniRUkiOH7kgrbgRHQ"
    },
    {
        "accountno": "TA-5156260",
        "departmentno": "3",
        "salary": "250687",
        "pincode": "39775",
        "userid": "iEvW6f6Tepjk56f5WRJd",
        "id": "6b52QqFfNScrSiO2ydac"
    },
    {
        "accountno": "TA-0172712",
        "departmentno": "5",
        "salary": "106380",
        "pincode": "85615",
        "userid": "iEvW6f6Tepjk56f5WRJd",
        "id": "V5TzSZVLIT18UjbmHgF2"
    },
    {
        "accountno": "TA-0218670",
        "departmentno": "3",
        "salary": "171076",
        "pincode": "29294-4502",
        "userid": "iEvW6f6Tepjk56f5WRJd",
        "id": "pa2s9AxcNwMOwVXhFmiS"
    },
    {
        "accountno": "TA-Brazill",
        "departmentno": "2",
        "salary": "30000",
        "pincode": "322222",
        "userid": "v4IEGsscftctjnf3W7q0",
        "id": "zGrjcd4TZMwPiaIpt4Uq"
    },
    {
        "accountno": "TA-Custard",
        "departmentno": "1",
        "salary": "50000",
        "pincode": "643203",
        "userid": "v4IEGsscftctjnf3W7q0",
        "id": "QvFFpPkLmAujpfWkOZXT"
    },
    {
        "accountno": "TA-5678333",
        "departmentno": "4",
        "salary": "45678",
        "pincode": "234567",
        "userid": "GXqEbrggaM4KKESnABe4",
        "id": "B74KtqzbiRLahtQ3qPTh"
    },
    {
        "accountno": "TA-9340453",
        "departmentno": "7",
        "salary": "203972",
        "pincode": "76898-7206",
        "userid": "iEvW6f6Tepjk56f5WRJd",
        "id": "sWAZUEXOqsWZGZX2Cnvr"
    },
    {
        "accountno": "TA-1633490",
        "departmentno": "0",
        "salary": "397600",
        "pincode": "43044-2001",
        "userid": "iEvW6f6Tepjk56f5WRJd",
        "id": "vOOPRjoGBdVM61h8RJX1"
    },
    {
        "accountno": "TA-1107451",
        "departmentno": "4",
        "salary": "406330",
        "pincode": "46050-2266",
        "userid": "iEvW6f6Tepjk56f5WRJd",
        "id": "qoGyKpeC4HysGiI9eEd0"
    },
    {
        "accountno": "TA-5088838",
        "departmentno": "4",
        "salary": "148995",
        "pincode": "40641",
        "userid": "iEvW6f6Tepjk56f5WRJd",
        "id": "RAk5T3nYaEdAfwu7t7Qf"
    },
    {
        "accountno": "TA-3973415",
        "departmentno": "8",
        "salary": "371016",
        "pincode": "86928",
        "userid": "iEvW6f6Tepjk56f5WRJd",
        "id": "jzH10vmWd3lDCpFlVXSi"
    },
    {
        "accountno": "TA-4283205",
        "departmentno": "4",
        "salary": "153364",
        "pincode": "51814",
        "userid": "iEvW6f6Tepjk56f5WRJd",
        "id": "5QtNt1gSuB0AoTexxyoZ"
    },
    {
        "accountno": "TA-2171672",
        "departmentno": "7",
        "salary": "340745",
        "pincode": "67527-6058",
        "userid": "iEvW6f6Tepjk56f5WRJd",
        "id": "5BUWrjMVq5Za7qIgqlZ9"
    },
    {
        "accountno": "TA-7894562",
        "departmentno": "5",
        "salary": "789654",
        "pincode": "887654",
        "userid": "N4cV6tC5motivTd6doUg",
        "id": "LLdfrln2PzxsU8QNInYk"
    },
    {
        "accountno": "TA-1004402",
        "departmentno": "8",
        "salary": "157857",
        "pincode": "22217-4803",
        "userid": "iEvW6f6Tepjk56f5WRJd",
        "id": "ZHnv0cSpThSBPlBPqh0a"
    },
    {
        "accountno": "TA-7894562",
        "departmentno": "5",
        "salary": "789654",
        "pincode": "887654",
        "userid": "N4cV6tC5motivTd6doUg",
        "id": "AGB9XqziIVARX8be1UHd"
    },
    {
        "accountno": "TA-2465302",
        "departmentno": "9",
        "salary": "403770",
        "pincode": "36811-2941",
        "userid": "iEvW6f6Tepjk56f5WRJd",
        "id": "Gfz7XbEM6yoR6zWahEsF"
    },
    {
        "accountno": "TA-0770796",
        "departmentno": "0",
        "salary": "396083",
        "pincode": "27562-5111",
        "userid": "iEvW6f6Tepjk56f5WRJd",
        "id": "Vf3bUAu8lC0zIUEpYVp6"
    },
    {
        "accountno": "TA-1483248",
        "departmentno": "5",
        "salary": "310360",
        "pincode": "55378-3971",
        "userid": "iEvW6f6Tepjk56f5WRJd",
        "id": "xJtmhyAV2bjCahuQFy21"
    },
    {
        "accountno": "TA-8323120",
        "departmentno": "6",
        "salary": "391959",
        "pincode": "40932-4178",
        "userid": "iEvW6f6Tepjk56f5WRJd",
        "id": "Z2xkwPj9e6TQ9akU3Xmw"
    },
    {
        "accountno": "TA-5656656",
        "departmentno": "5",
        "salary": "345678",
        "pincode": "999999",
        "userid": "hxe135Zi2Y4u4iyFD97W",
        "id": "uAgOUo2bT7bxV4ZnLQXH"
    },
    {
        "accountno": "TA-2204183",
        "departmentno": "8",
        "salary": "144562",
        "pincode": "72963",
        "userid": "iEvW6f6Tepjk56f5WRJd",
        "id": "mjEz9pwJcX5lIilwbHME"
    },
    {
        "accountno": "TA-2235521",
        "departmentno": "2",
        "salary": "35623",
        "pincode": "225123",
        "userid": "v6kdE9B6aAKR19zv9io7",
        "id": "jb9nxOWYaVr3ecusdYAP"
    },
    {
        "accountno": "TA-1111111",
        "departmentno": "1",
        "salary": "40000",
        "pincode": "123456",
        "userid": "vAAqN9fUcxYvgeJkx2wH",
        "id": "KarKpYy0fTUc6qY20sH5"
    },
    {
        "accountno": "TA-0003987",
        "departmentno": "4",
        "salary": "56000",
        "pincode": "853452",
        "userid": "01AaHa7cteUsHOJb9Jdj",
        "id": "P3YkrdARim8clE5ewx65"
    },
    {
        "accountno": "TA-3333333",
        "departmentno": "3",
        "salary": "3",
        "pincode": "333333",
        "userid": "0vNNxaYS7eBg08Y9dFJk",
        "id": "mwfyNPtuvzb9j7E64vQW"
    },
    {
        "accountno": "TA-6726481",
        "departmentno": "6",
        "salary": "282349",
        "pincode": "60710-2848",
        "userid": "iEvW6f6Tepjk56f5WRJd",
        "id": "2R5GRYwbKIWz3bG8VMhC"
    },
    {
        "accountno": "TA-2295010",
        "departmentno": "6",
        "salary": "481907",
        "pincode": "74704",
        "userid": "iEvW6f6Tepjk56f5WRJd",
        "id": "VI3z1bDuzxlH8BkuplzA"
    },
    {
        "accountno": "TA-1234567",
        "departmentno": "9",
        "salary": "25000",
        "pincode": "123456",
        "userid": "iEvW6f6Tepjk56f5WRJd",
        "id": "qpiHZ3SY5YennKzelWd8"
    },
    {
        "accountno": "TA-7938227",
        "departmentno": "2",
        "salary": "488066",
        "pincode": "05716",
        "userid": "iEvW6f6Tepjk56f5WRJd",
        "id": "u0vi3UHQUb3vNz9z4nPG"
    },
    {
        "accountno": "TA-2439220",
        "departmentno": "9",
        "salary": "999371",
        "pincode": "337432",
        "userid": "iEvW6f6Tepjk56f5WRJd",
        "id": "s0Fkr7Dnp4nBsAEbCHug"
    },
    {
        "accountno": "TA-0000000",
        "departmentno": "0",
        "salary": "0",
        "pincode": "000000",
        "userid": "gQZ4fqeDFg3Q5GXeyGrY",
        "id": "CZ7OOjXC2e2IV8j23Gif"
    },
    {
        "accountno": "TA-1123423",
        "departmentno": "7",
        "salary": "54653",
        "pincode": "254037",
        "userid": "WocHzcW4PZXLgmS6NBQd",
        "id": "s1z3B8O0Y3D7fP63P3M3"
    },
    {
        "accountno": "TA-1123423",
        "departmentno": "7",
        "salary": "54653",
        "pincode": "254037",
        "userid": "WocHzcW4PZXLgmS6NBQd",
        "id": "57y7NeDlMmNIiW2JrTFK"
    },
    {
        "accountno": "TA-5678333",
        "departmentno": "4",
        "salary": "45678",
        "pincode": "234567",
        "userid": "taGX4XQQfXD3Z76sI1Xn",
        "id": "T256H4Gnh2nR9VGVqWS3"
    },
    {
        "accountno": "TA-1234000",
        "departmentno": "1",
        "salary": "90000",
        "pincode": "987654",
        "userid": "3NFEupEYQGG2EFz1gvBG",
        "id": "jfbqDbToMAJixRhX88Ej"
    },
    {
        "accountno": "TA-4567890",
        "departmentno": "6",
        "salary": "45789",
        "pincode": "567993",
        "userid": "taGX4XQQfXD3Z76sI1Xn",
        "id": "xtudly87hIeuIeZqdXjA"
    },
    {
        "accountno": "TA-9678923",
        "departmentno": "3",
        "salary": "23400",
        "pincode": "543005",
        "userid": "HmKUjtJcsDsvODxEmjla",
        "id": "v8fiaiF1KwBVmQTF2fxj"
    }
]
2025-04-27 22:39:41,668 INFO  APITestListeners.java:29 - GetUserDataTest
]]></system-out>
    <system-err><![CDATA[SLF4J: Failed to load class "org.slf4j.impl.StaticLoggerBinder".
SLF4J: Defaulting to no-operation (NOP) logger implementation
SLF4J: See http://www.slf4j.org/codes.html#StaticLoggerBinder for further details.
]]></system-err>
  </testcase>
  <testcase name="addUserWithFakerDataTest" classname="com.Automation.APITest.AddUserTest" time="1.846">
    <system-out><![CDATA[com.Automation.RequestPOJO.LoginRequestPOJO@8b41ad
2025-04-27 22:39:41,878 INFO  AddUserTest.java:43 - --------------Before class Login Post--------------
2025-04-27 22:39:41,879 DEBUG AddUserTest.java:50 - rhBDRjoo08JLg6z6em1p
2025-04-27 22:39:41,879 DEBUG AddUserTest.java:51 - 7y0ePlWmSacus1vp5FQgKR6XWcNEiQXuOmljSOxrts2abQF4aGsBj5cLwcXP4YNK7uDdAWHwM4w4tRHwr1AUwZnCxu9Gt1tVu0Ad
2025-04-27 22:39:41,879 INFO  APITestListeners.java:22 - addUserWithFakerDataTest Using getName()

 Fake user payload {"accountno":"TA-17157","departmentno":"TA-2","salary":"74535","pincode":"47726"}
201
7y0ePlWmSacus1vp5FQgKR6XWcNEiQXuOmljSOxrts2abQF4aGsBj5cLwcXP4YNK7uDdAWHwM4w4tRHwr1AUwZnCxu9Gt1tVu0Ad
success
2025-04-27 22:39:43,725 INFO  APITestListeners.java:29 - addUserWithFakerDataTest
]]></system-out>
  </testcase>
  <testcase name="testaddUserusingJsonFile" classname="com.Automation.APITest.AddUserTest" time="0.001">
    <system-out><![CDATA[com.Automation.RequestPOJO.LoginRequestPOJO@ca2be53
2025-04-27 22:39:43,906 INFO  AddUserTest.java:43 - --------------Before class Login Post--------------
2025-04-27 22:39:43,907 DEBUG AddUserTest.java:50 - rhBDRjoo08JLg6z6em1p
2025-04-27 22:39:43,907 DEBUG AddUserTest.java:51 - FebffNhTkKrZH6GpSbwJL7HHmbiLw4IAeEFpEJo6wIRRwiFKkmp5JUhuyBdOnXq7LWffkjUIZ6ANHoXXVsup0QpRDopnohySbwWB
2025-04-27 22:39:43,908 INFO  APITestListeners.java:22 - testaddUserusingJsonFile Using getName()
2025-04-27 22:39:43,909 INFO  APITestListeners.java:29 - testaddUserusingJsonFile
]]></system-out>
  </testcase>
  <testcase name="verifyAddUserdataTest" classname="com.Automation.APITest.AddUserTest" time="3.255">
    <system-out><![CDATA[com.Automation.RequestPOJO.LoginRequestPOJO@2c1a8529
2025-04-27 22:39:44,077 INFO  AddUserTest.java:43 - --------------Before class Login Post--------------
2025-04-27 22:39:44,078 DEBUG AddUserTest.java:50 - rhBDRjoo08JLg6z6em1p
2025-04-27 22:39:44,079 DEBUG AddUserTest.java:51 - rUekFFmAYTmiY76XXMfiyxCcHOhaXRK5YNXrQwjHRAErZgnN81jtQ6wO8h6cnDwfhzecart8muPtI0JSIqU6n2DLbcBulOhjCxMl
2025-04-27 22:39:44,079 INFO  APITestListeners.java:22 - verifyAddUserdataTest Using getName()
2025-04-27 22:39:47,334 INFO  APITestListeners.java:29 - verifyAddUserdataTest
]]></system-out>
  </testcase>
  <testcase name="deleteUserdataTest" classname="com.Automation.APITest.AddUserTest" time="1.428">
    <system-out><![CDATA[com.Automation.RequestPOJO.LoginRequestPOJO@4407b042
2025-04-27 22:39:47,514 INFO  AddUserTest.java:43 - --------------Before class Login Post--------------
2025-04-27 22:39:47,515 DEBUG AddUserTest.java:50 - rhBDRjoo08JLg6z6em1p
2025-04-27 22:39:47,515 DEBUG AddUserTest.java:51 - AUbNVrliRECgLiiBveBsOsbeQvPzEBu0Ju0zSXZTUkBSSyn4Cx2b6AMKGBSMkcBEKz5qogHxvHM0oxc9hx2QOVxpOjJ8HPUVZwZK
2025-04-27 22:39:47,515 INFO  APITestListeners.java:22 - deleteUserdataTest Using getName()
{"userid":"rhBDRjoo08JLg6z6em1p","id":"TIEVpvGcXZXbWNTMpdyJ"}
{
    "status": "success"
}
200
200
2025-04-27 22:39:48,941 INFO  APITestListeners.java:29 - deleteUserdataTest
]]></system-out>
  </testcase>
  <testcase name="loginTest" classname="com.Automation.APITest.LoginTest" time="0.17">
    <system-out><![CDATA[2025-04-27 22:39:48,946 INFO  APITestListeners.java:22 - loginTest Using getName()
com.Automation.RequestPOJO.LoginRequestPOJO@49a06087
2025-04-27 22:39:49,115 DEBUG LoginTest.java:40 - rhBDRjoo08JLg6z6em1p
2025-04-27 22:39:49,115 DEBUG LoginTest.java:41 - MOaGdX9Z1sas1Vor6DlsTwJTq5ZR5nj7o6DRIkFGTDJ14TC9ss4UofudMxRlWJdseFvFpMzFiKy2RrC69HOGmrBxQXodWD5ZxQ3o
2025-04-27 22:39:49,115 DEBUG LoginTest.java:42 - rhBDRjoo08JLg6z6em1p
2025-04-27 22:39:49,115 DEBUG LoginTest.java:43 - [
    {
        "token": "MOaGdX9Z1sas1Vor6DlsTwJTq5ZR5nj7o6DRIkFGTDJ14TC9ss4UofudMxRlWJdseFvFpMzFiKy2RrC69HOGmrBxQXodWD5ZxQ3o",
        "userid": "rhBDRjoo08JLg6z6em1p"
    }
]
2025-04-27 22:39:49,116 INFO  APITestListeners.java:29 - loginTest
]]></system-out>
  </testcase>
</testsuite>