<?xml version="1.0" encoding="UTF-8"?>
<!-- Generated by org.testng.reporters.JUnitReportReporter -->
<testsuite hostname="Muras-MB-Pro.local" failures="0" tests="2" name="TekarchAPI" time="3.836" errors="0" timestamp="2025-04-10T16:32:06 PDT" skipped="0">
  <testcase classname="TekarchAPI" name="getDatafromTeckarch" time="2.594"/>
  <system-out/>
  <testcase classname="TekarchAPI" name="loginTest" time="1.242"/>
  <system-out/>
</testsuite> <!-- TekarchAPI -->
