<?xml version="1.0" encoding="UTF-8"?>
<!-- Generated by org.testng.reporters.JUnitReportReporter -->
<testsuite hostname="Muras-MB-Pro.local" failures="0" tests="1" name="com.Automation.APITest.LoginTest" time="0.219" errors="0" timestamp="2025-04-28T09:19:24 PDT" skipped="0">
  <testcase classname="com.Automation.APITest.LoginTest" name="loginTest" time="0.219"/>
</testsuite> <!-- com.Automation.APITest.LoginTest -->
