<?xml version="1.0" encoding="UTF-8"?>
<!-- Generated by org.testng.reporters.JUnitReportReporter -->
<testsuite hostname="Muras-MB-Pro.local" failures="0" tests="5" name="com.Automation.APITest.AddUserTest" time="12.611" errors="0" timestamp="2025-04-27T22:39:49 PDT" skipped="0">
  <testcase classname="com.Automation.APITest.AddUserTest" name="verifyAddUserdataTest" time="3.433"/>
  <testcase classname="com.Automation.APITest.AddUserTest" name="deleteUserdataTest" time="1.631"/>
  <testcase classname="com.Automation.APITest.AddUserTest" name="GetUserDataTest" time="5.350"/>
  <testcase classname="com.Automation.APITest.AddUserTest" name="addUserWithFakerDataTest" time="2.027"/>
  <testcase classname="com.Automation.APITest.AddUserTest" name="testaddUserusingJsonFile" time="0.170"/>
</testsuite> <!-- com.Automation.APITest.AddUserTest -->
